<?xml version="1.0" encoding="UTF-8"?>
<testng-results skipped="0" failed="1" ignored="0" total="1" passed="0">
  <reporter-output>
  </reporter-output>
  <suite name="Suite" duration-ms="14389" started-at="2018-11-26T13:43:37Z" finished-at="2018-11-26T13:43:51Z">
    <groups>
      <group name="cucumber">
        <method signature="AbstractTestNGCucumberTests.feature(cucumber.api.testng.CucumberFeatureWrapper)[pri:0, instance:runners.PositiveTest@1e127982]" name="feature" class="cucumber.api.testng.AbstractTestNGCucumberTests"/>
      </group> <!-- cucumber -->
    </groups>
    <test name="Test" duration-ms="14389" started-at="2018-11-26T13:43:37Z" finished-at="2018-11-26T13:43:51Z">
      <class name="runners.PositiveTest">
        <test-method status="PASS" signature="setUpClass()[pri:0, instance:runners.PositiveTest@1e127982]" name="setUpClass" is-config="true" duration-ms="818" started-at="2018-11-26T13:43:37Z" finished-at="2018-11-26T13:43:38Z">
          <reporter-output>
          </reporter-output>
        </test-method> <!-- setUpClass -->
        <test-method status="PASS" signature="setup()[pri:0, instance:runners.PositiveTest@1e127982]" name="setup" is-config="true" duration-ms="274" started-at="2018-11-26T13:43:38Z" finished-at="2018-11-26T13:43:38Z">
          <reporter-output>
          </reporter-output>
        </test-method> <!-- setup -->
        <test-method status="FAIL" signature="feature(cucumber.api.testng.CucumberFeatureWrapper)[pri:0, instance:runners.PositiveTest@1e127982]" name="feature" duration-ms="12422" started-at="2018-11-26T13:43:38Z" description="Runs Cucumber Feature" data-provider="features" finished-at="2018-11-26T13:43:51Z">
          <params>
            <param index="0">
              <value>
                <![CDATA[Acceptance testing to validate Search Cars Page is working.]]>
              </value>
            </param>
          </params>
          <exception class="cucumber.runtime.CucumberException">
            <message>
              <![CDATA[java.lang.StackOverflowError]]>
            </message>
            <full-stacktrace>
              <![CDATA[cucumber.runtime.CucumberException: java.lang.StackOverflowError
at cucumber.api.testng.TestNGCucumberRunner.runCucumber(TestNGCucumberRunner.java:69)
at cucumber.api.testng.AbstractTestNGCucumberTests.feature(AbstractTestNGCucumberTests.java:21)
at sun.reflect.NativeMethodAccessorImpl.invoke0(Native Method)
at sun.reflect.NativeMethodAccessorImpl.invoke(Unknown Source)
at sun.reflect.DelegatingMethodAccessorImpl.invoke(Unknown Source)
at java.lang.reflect.Method.invoke(Unknown Source)
at org.testng.internal.MethodInvocationHelper.invokeMethod(MethodInvocationHelper.java:124)
at org.testng.internal.Invoker.invokeMethod(Invoker.java:583)
at org.testng.internal.Invoker.invokeTestMethod(Invoker.java:719)
at org.testng.internal.Invoker.invokeTestMethods(Invoker.java:989)
at org.testng.internal.TestMethodWorker.invokeTestMethods(TestMethodWorker.java:125)
at org.testng.internal.TestMethodWorker.run(TestMethodWorker.java:109)
at org.testng.TestRunner.privateRun(TestRunner.java:648)
at org.testng.TestRunner.run(TestRunner.java:505)
at org.testng.SuiteRunner.runTest(SuiteRunner.java:455)
at org.testng.SuiteRunner.runSequentially(SuiteRunner.java:450)
at org.testng.SuiteRunner.privateRun(SuiteRunner.java:415)
at org.testng.SuiteRunner.run(SuiteRunner.java:364)
at org.testng.SuiteRunnerWorker.runSuite(SuiteRunnerWorker.java:52)
at org.testng.SuiteRunnerWorker.run(SuiteRunnerWorker.java:84)
at org.testng.TestNG.runSuitesSequentially(TestNG.java:1208)
at org.testng.TestNG.runSuitesLocally(TestNG.java:1137)
at org.testng.TestNG.runSuites(TestNG.java:1049)
at org.testng.TestNG.run(TestNG.java:1017)
at org.testng.remote.AbstractRemoteTestNG.run(AbstractRemoteTestNG.java:114)
at org.testng.remote.RemoteTestNG.initAndRun(RemoteTestNG.java:251)
at org.testng.remote.RemoteTestNG.main(RemoteTestNG.java:77)
Caused by: java.lang.StackOverflowError
at pages.actions.CarsGuideHomePageActions.<init>(CarsGuideHomePageActions.java:15)
at pages.actions.CarsGuideHomePageActions.<init>(CarsGuideHomePageActions.java:15)
at pages.actions.CarsGuideHomePageActions.<init>(CarsGuideHomePageActions.java:15)
at pages.actions.CarsGuideHomePageActions.<init>(CarsGuideHomePageActions.java:15)
at pages.actions.CarsGuideHomePageActions.<init>(CarsGuideHomePageActions.java:15)
at pages.actions.CarsGuideHomePageActions.<init>(CarsGuideHomePageActions.java:15)
at pages.actions.CarsGuideHomePageActions.<init>(CarsGuideHomePageActions.java:15)
at pages.actions.CarsGuideHomePageActions.<init>(CarsGuideHomePageActions.java:15)
at pages.actions.CarsGuideHomePageActions.<init>(CarsGuideHomePageActions.java:15)
at pages.actions.CarsGuideHomePageActions.<init>(CarsGuideHomePageActions.java:15)
at pages.actions.CarsGuideHomePageActions.<init>(CarsGuideHomePageActions.java:15)
at pages.actions.CarsGuideHomePageActions.<init>(CarsGuideHomePageActions.java:15)
at pages.actions.CarsGuideHomePageActions.<init>(CarsGuideHomePageActions.java:15)
at pages.actions.CarsGuideHomePageActions.<init>(CarsGuideHomePageActions.java:15)
at pages.actions.CarsGuideHomePageActions.<init>(CarsGuideHomePageActions.java:15)
at pages.actions.CarsGuideHomePageActions.<init>(CarsGuideHomePageActions.java:15)
at pages.actions.CarsGuideHomePageActions.<init>(CarsGuideHomePageActions.java:15)
at pages.actions.CarsGuideHomePageActions.<init>(CarsGuideHomePageActions.java:15)
at pages.actions.CarsGuideHomePageActions.<init>(CarsGuideHomePageActions.java:15)
at pages.actions.CarsGuideHomePageActions.<init>(CarsGuideHomePageActions.java:15)
at pages.actions.CarsGuideHomePageActions.<init>(CarsGuideHomePageActions.java:15)
at pages.actions.CarsGuideHomePageActions.<init>(CarsGuideHomePageActions.java:15)
at pages.actions.CarsGuideHomePageActions.<init>(CarsGuideHomePageActions.java:15)
at pages.actions.CarsGuideHomePageActions.<init>(CarsGuideHomePageActions.java:15)
at pages.actions.CarsGuideHomePageActions.<init>(CarsGuideHomePageActions.java:15)
at pages.actions.CarsGuideHomePageActions.<init>(CarsGuideHomePageActions.java:15)
at pages.actions.CarsGuideHomePageActions.<init>(CarsGuideHomePageActions.java:15)
at pages.actions.CarsGuideHomePageActions.<init>(CarsGuideHomePageActions.java:15)
at pages.actions.CarsGuideHomePageActions.<init>(CarsGuideHomePageActions.java:15)
at pages.actions.CarsGuideHomePageActions.<init>(CarsGuideHomePageActions.java:15)
at pages.actions.CarsGuideHomePageActions.<init>(CarsGuideHomePageActions.java:15)
at pages.actions.CarsGuideHomePageActions.<init>(CarsGuideHomePageActions.java:15)
at pages.actions.CarsGuideHomePageActions.<init>(CarsGuideHomePageActions.java:15)
at pages.actions.CarsGuideHomePageActions.<init>(CarsGuideHomePageActions.java:15)
at pages.actions.CarsGuideHomePageActions.<init>(CarsGuideHomePageActions.java:15)
at pages.actions.CarsGuideHomePageActions.<init>(CarsGuideHomePageActions.java:15)
at pages.actions.CarsGuideHomePageActions.<init>(CarsGuideHomePageActions.java:15)
at pages.actions.CarsGuideHomePageActions.<init>(CarsGuideHomePageActions.java:15)
at pages.actions.CarsGuideHomePageActions.<init>(CarsGuideHomePageActions.java:15)
at pages.actions.CarsGuideHomePageActions.<init>(CarsGuideHomePageActions.java:15)
at pages.actions.CarsGuideHomePageActions.<init>(CarsGuideHomePageActions.java:15)
at pages.actions.CarsGuideHomePageActions.<init>(CarsGuideHomePageActions.java:15)
at pages.actions.CarsGuideHomePageActions.<init>(CarsGuideHomePageActions.java:15)
at pages.actions.CarsGuideHomePageActions.<init>(CarsGuideHomePageActions.java:15)
at pages.actions.CarsGuideHomePageActions.<init>(CarsGuideHomePageActions.java:15)
at pages.actions.CarsGuideHomePageActions.<init>(CarsGuideHomePageActions.java:15)
at pages.actions.CarsGuideHomePageActions.<init>(CarsGuideHomePageActions.java:15)
at pages.actions.CarsGuideHomePageActions.<init>(CarsGuideHomePageActions.java:15)
at pages.actions.CarsGuideHomePageActions.<init>(CarsGuideHomePageActions.java:15)
at pages.actions.CarsGuideHomePageActions.<init>(CarsGuideHomePageActions.java:15)
at pages.actions.CarsGuideHomePageActions.<init>(CarsGuideHomePageActions.java:15)
at pages.actions.CarsGuideHomePageActions.<init>(CarsGuideHomePageActions.java:15)
at pages.actions.CarsGuideHomePageActions.<init>(CarsGuideHomePageActions.java:15)
at pages.actions.CarsGuideHomePageActions.<init>(CarsGuideHomePageActions.java:15)
at pages.actions.CarsGuideHomePageActions.<init>(CarsGuideHomePageActions.java:15)
at pages.actions.CarsGuideHomePageActions.<init>(CarsGuideHomePageActions.java:15)
at pages.actions.CarsGuideHomePageActions.<init>(CarsGuideHomePageActions.java:15)
at pages.actions.CarsGuideHomePageActions.<init>(CarsGuideHomePageActions.java:15)
at pages.actions.CarsGuideHomePageActions.<init>(CarsGuideHomePageActions.java:15)
at pages.actions.CarsGuideHomePageActions.<init>(CarsGuideHomePageActions.java:15)
at pages.actions.CarsGuideHomePageActions.<init>(CarsGuideHomePageActions.java:15)
at pages.actions.CarsGuideHomePageActions.<init>(CarsGuideHomePageActions.java:15)
at pages.actions.CarsGuideHomePageActions.<init>(CarsGuideHomePageActions.java:15)
at pages.actions.CarsGuideHomePageActions.<init>(CarsGuideHomePageActions.java:15)
at pages.actions.CarsGuideHomePageActions.<init>(CarsGuideHomePageActions.java:15)
at pages.actions.CarsGuideHomePageActions.<init>(CarsGuideHomePageActions.java:15)
at pages.actions.CarsGuideHomePageActions.<init>(CarsGuideHomePageActions.java:15)
at pages.actions.CarsGuideHomePageActions.<init>(CarsGuideHomePageActions.java:15)
at pages.actions.CarsGuideHomePageActions.<init>(CarsGuideHomePageActions.java:15)
at pages.actions.CarsGuideHomePageActions.<init>(CarsGuideHomePageActions.java:15)
at pages.actions.CarsGuideHomePageActions.<init>(CarsGuideHomePageActions.java:15)
at pages.actions.CarsGuideHomePageActions.<init>(CarsGuideHomePageActions.java:15)
at pages.actions.CarsGuideHomePageActions.<init>(CarsGuideHomePageActions.java:15)
at pages.actions.CarsGuideHomePageActions.<init>(CarsGuideHomePageActions.java:15)
at pages.actions.CarsGuideHomePageActions.<init>(CarsGuideHomePageActions.java:15)
at pages.actions.CarsGuideHomePageActions.<init>(CarsGuideHomePageActions.java:15)
at pages.actions.CarsGuideHomePageActions.<init>(CarsGuideHomePageActions.java:15)
at pages.actions.CarsGuideHomePageActions.<init>(CarsGuideHomePageActions.java:15)
at pages.actions.CarsGuideHomePageActions.<init>(CarsGuideHomePageActions.java:15)
at pages.actions.CarsGuideHomePageActions.<init>(CarsGuideHomePageActions.java:15)
at pages.actions.CarsGuideHomePageActions.<init>(CarsGuideHomePageActions.java:15)
at pages.actions.CarsGuideHomePageActions.<init>(CarsGuideHomePageActions.java:15)
at pages.actions.CarsGuideHomePageActions.<init>(CarsGuideHomePageActions.java:15)
at pages.actions.CarsGuideHomePageActions.<init>(CarsGuideHomePageActions.java:15)
at pages.actions.CarsGuideHomePageActions.<init>(CarsGuideHomePageActions.java:15)
at pages.actions.CarsGuideHomePageActions.<init>(CarsGuideHomePageActions.java:15)
at pages.actions.CarsGuideHomePageActions.<init>(CarsGuideHomePageActions.java:15)
at pages.actions.CarsGuideHomePageActions.<init>(CarsGuideHomePageActions.java:15)
at pages.actions.CarsGuideHomePageActions.<init>(CarsGuideHomePageActions.java:15)
at pages.actions.CarsGuideHomePageActions.<init>(CarsGuideHomePageActions.java:15)
at pages.actions.CarsGuideHomePageActions.<init>(CarsGuideHomePageActions.java:15)
at pages.actions.CarsGuideHomePageActions.<init>(CarsGuideHomePageActions.java:15)
at pages.actions.CarsGuideHomePageActions.<init>(CarsGuideHomePageActions.java:15)
at pages.actions.CarsGuideHomePageActions.<init>(CarsGuideHomePageActions.java:15)
at pages.actions.CarsGuideHomePageActions.<init>(CarsGuideHomePageActions.java:15)
at pages.actions.CarsGuideHomePageActions.<init>(CarsGuideHomePageActions.java:15)
at pages.actions.CarsGuideHomePageActions.<init>(CarsGuideHomePageActions.java:15)
at pages.actions.CarsGuideHomePageActions.<init>(CarsGuideHomePageActions.java:15)
at pages.actions.CarsGuideHomePageActions.<init>(CarsGuideHomePageActions.java:15)
at pages.actions.CarsGuideHomePageActions.<init>(CarsGuideHomePageActions.java:15)
at pages.actions.CarsGuideHomePageActions.<init>(CarsGuideHomePageActions.java:15)
at pages.actions.CarsGuideHomePageActions.<init>(CarsGuideHomePageActions.java:15)
at pages.actions.CarsGuideHomePageActions.<init>(CarsGuideHomePageActions.java:15)
at pages.actions.CarsGuideHomePageActions.<init>(CarsGuideHomePageActions.java:15)
at pages.actions.CarsGuideHomePageActions.<init>(CarsGuideHomePageActions.java:15)
at pages.actions.CarsGuideHomePageActions.<init>(CarsGuideHomePageActions.java:15)
at pages.actions.CarsGuideHomePageActions.<init>(CarsGuideHomePageActions.java:15)
at pages.actions.CarsGuideHomePageActions.<init>(CarsGuideHomePageActions.java:15)
at pages.actions.CarsGuideHomePageActions.<init>(CarsGuideHomePageActions.java:15)
at pages.actions.CarsGuideHomePageActions.<init>(CarsGuideHomePageActions.java:15)
at pages.actions.CarsGuideHomePageActions.<init>(CarsGuideHomePageActions.java:15)
at pages.actions.CarsGuideHomePageActions.<init>(CarsGuideHomePageActions.java:15)
at pages.actions.CarsGuideHomePageActions.<init>(CarsGuideHomePageActions.java:15)
at pages.actions.CarsGuideHomePageActions.<init>(CarsGuideHomePageActions.java:15)
at pages.actions.CarsGuideHomePageActions.<init>(CarsGuideHomePageActions.java:15)
at pages.actions.CarsGuideHomePageActions.<init>(CarsGuideHomePageActions.java:15)
at pages.actions.CarsGuideHomePageActions.<init>(CarsGuideHomePageActions.java:15)
at pages.actions.CarsGuideHomePageActions.<init>(CarsGuideHomePageActions.java:15)
at pages.actions.CarsGuideHomePageActions.<init>(CarsGuideHomePageActions.java:15)
at pages.actions.CarsGuideHomePageActions.<init>(CarsGuideHomePageActions.java:15)
at pages.actions.CarsGuideHomePageActions.<init>(CarsGuideHomePageActions.java:15)
at pages.actions.CarsGuideHomePageActions.<init>(CarsGuideHomePageActions.java:15)
at pages.actions.CarsGuideHomePageActions.<init>(CarsGuideHomePageActions.java:15)
at pages.actions.CarsGuideHomePageActions.<init>(CarsGuideHomePageActions.java:15)
at pages.actions.CarsGuideHomePageActions.<init>(CarsGuideHomePageActions.java:15)
at pages.actions.CarsGuideHomePageActions.<init>(CarsGuideHomePageActions.java:15)
at pages.actions.CarsGuideHomePageActions.<init>(CarsGuideHomePageActions.java:15)
at pages.actions.CarsGuideHomePageActions.<init>(CarsGuideHomePageActions.java:15)
at pages.actions.CarsGuideHomePageActions.<init>(CarsGuideHomePageActions.java:15)
at pages.actions.CarsGuideHomePageActions.<init>(CarsGuideHomePageActions.java:15)
at pages.actions.CarsGuideHomePageActions.<init>(CarsGuideHomePageActions.java:15)
at pages.actions.CarsGuideHomePageActions.<init>(CarsGuideHomePageActions.java:15)
at pages.actions.CarsGuideHomePageActions.<init>(CarsGuideHomePageActions.java:15)
at pages.actions.CarsGuideHomePageActions.<init>(CarsGuideHomePageActions.java:15)
at pages.actions.CarsGuideHomePageActions.<init>(CarsGuideHomePageActions.java:15)
at pages.actions.CarsGuideHomePageActions.<init>(CarsGuideHomePageActions.java:15)
at pages.actions.CarsGuideHomePageActions.<init>(CarsGuideHomePageActions.java:15)
at pages.actions.CarsGuideHomePageActions.<init>(CarsGuideHomePageActions.java:15)
at pages.actions.CarsGuideHomePageActions.<init>(CarsGuideHomePageActions.java:15)
at pages.actions.CarsGuideHomePageActions.<init>(CarsGuideHomePageActions.java:15)
at pages.actions.CarsGuideHomePageActions.<init>(CarsGuideHomePageActions.java:15)
at pages.actions.CarsGuideHomePageActions.<init>(CarsGuideHomePageActions.java:15)
at pages.actions.CarsGuideHomePageActions.<init>(CarsGuideHomePageActions.java:15)
at pages.actions.CarsGuideHomePageActions.<init>(CarsGuideHomePageActions.java:15)
at pages.actions.CarsGuideHomePageActions.<init>(CarsGuideHomePageActions.java:15)
at pages.actions.CarsGuideHomePageActions.<init>(CarsGuideHomePageActions.java:15)
at pages.actions.CarsGuideHomePageActions.<init>(CarsGuideHomePageActions.java:15)
at pages.actions.CarsGuideHomePageActions.<init>(CarsGuideHomePageActions.java:15)
at pages.actions.CarsGuideHomePageActions.<init>(CarsGuideHomePageActions.java:15)
at pages.actions.CarsGuideHomePageActions.<init>(CarsGuideHomePageActions.java:15)
at pages.actions.CarsGuideHomePageActions.<init>(CarsGuideHomePageActions.java:15)
at pages.actions.CarsGuideHomePageActions.<init>(CarsGuideHomePageActions.java:15)
at pages.actions.CarsGuideHomePageActions.<init>(CarsGuideHomePageActions.java:15)
at pages.actions.CarsGuideHomePageActions.<init>(CarsGuideHomePageActions.java:15)
at pages.actions.CarsGuideHomePageActions.<init>(CarsGuideHomePageActions.java:15)
at pages.actions.CarsGuideHomePageActions.<init>(CarsGuideHomePageActions.java:15)
at pages.actions.CarsGuideHomePageActions.<init>(CarsGuideHomePageActions.java:15)
at pages.actions.CarsGuideHomePageActions.<init>(CarsGuideHomePageActions.java:15)
at pages.actions.CarsGuideHomePageActions.<init>(CarsGuideHomePageActions.java:15)
at pages.actions.CarsGuideHomePageActions.<init>(CarsGuideHomePageActions.java:15)
at pages.actions.CarsGuideHomePageActions.<init>(CarsGuideHomePageActions.java:15)
at pages.actions.CarsGuideHomePageActions.<init>(CarsGuideHomePageActions.java:15)
at pages.actions.CarsGuideHomePageActions.<init>(CarsGuideHomePageActions.java:15)
at pages.actions.CarsGuideHomePageActions.<init>(CarsGuideHomePageActions.java:15)
at pages.actions.CarsGuideHomePageActions.<init>(CarsGuideHomePageActions.java:15)
at pages.actions.CarsGuideHomePageActions.<init>(CarsGuideHomePageActions.java:15)
at pages.actions.CarsGuideHomePageActions.<init>(CarsGuideHomePageActions.java:15)
at pages.actions.CarsGuideHomePageActions.<init>(CarsGuideHomePageActions.java:15)
at pages.actions.CarsGuideHomePageActions.<init>(CarsGuideHomePageActions.java:15)
at pages.actions.CarsGuideHomePageActions.<init>(CarsGuideHomePageActions.java:15)
at pages.actions.CarsGuideHomePageActions.<init>(CarsGuideHomePageActions.java:15)
at pages.actions.CarsGuideHomePageActions.<init>(CarsGuideHomePageActions.java:15)
at pages.actions.CarsGuideHomePageActions.<init>(CarsGuideHomePageActions.java:15)
at pages.actions.CarsGuideHomePageActions.<init>(CarsGuideHomePageActions.java:15)
at pages.actions.CarsGuideHomePageActions.<init>(CarsGuideHomePageActions.java:15)
at pages.actions.CarsGuideHomePageActions.<init>(CarsGuideHomePageActions.java:15)
at pages.actions.CarsGuideHomePageActions.<init>(CarsGuideHomePageActions.java:15)
at pages.actions.CarsGuideHomePageActions.<init>(CarsGuideHomePageActions.java:15)
at pages.actions.CarsGuideHomePageActions.<init>(CarsGuideHomePageActions.java:15)
at pages.actions.CarsGuideHomePageActions.<init>(CarsGuideHomePageActions.java:15)
at pages.actions.CarsGuideHomePageActions.<init>(CarsGuideHomePageActions.java:15)
at pages.actions.CarsGuideHomePageActions.<init>(CarsGuideHomePageActions.java:15)
at pages.actions.CarsGuideHomePageActions.<init>(CarsGuideHomePageActions.java:15)
at pages.actions.CarsGuideHomePageActions.<init>(CarsGuideHomePageActions.java:15)
at pages.actions.CarsGuideHomePageActions.<init>(CarsGuideHomePageActions.java:15)
at pages.actions.CarsGuideHomePageActions.<init>(CarsGuideHomePageActions.java:15)
at pages.actions.CarsGuideHomePageActions.<init>(CarsGuideHomePageActions.java:15)
at pages.actions.CarsGuideHomePageActions.<init>(CarsGuideHomePageActions.java:15)
at pages.actions.CarsGuideHomePageActions.<init>(CarsGuideHomePageActions.java:15)
at pages.actions.CarsGuideHomePageActions.<init>(CarsGuideHomePageActions.java:15)
at pages.actions.CarsGuideHomePageActions.<init>(CarsGuideHomePageActions.java:15)
at pages.actions.CarsGuideHomePageActions.<init>(CarsGuideHomePageActions.java:15)
at pages.actions.CarsGuideHomePageActions.<init>(CarsGuideHomePageActions.java:15)
at pages.actions.CarsGuideHomePageActions.<init>(CarsGuideHomePageActions.java:15)
at pages.actions.CarsGuideHomePageActions.<init>(CarsGuideHomePageActions.java:15)
at pages.actions.CarsGuideHomePageActions.<init>(CarsGuideHomePageActions.java:15)
at pages.actions.CarsGuideHomePageActions.<init>(CarsGuideHomePageActions.java:15)
at pages.actions.CarsGuideHomePageActions.<init>(CarsGuideHomePageActions.java:15)
at pages.actions.CarsGuideHomePageActions.<init>(CarsGuideHomePageActions.java:15)
at pages.actions.CarsGuideHomePageActions.<init>(CarsGuideHomePageActions.java:15)
at pages.actions.CarsGuideHomePageActions.<init>(CarsGuideHomePageActions.java:15)
at pages.actions.CarsGuideHomePageActions.<init>(CarsGuideHomePageActions.java:15)
at pages.actions.CarsGuideHomePageActions.<init>(CarsGuideHomePageActions.java:15)
at pages.actions.CarsGuideHomePageActions.<init>(CarsGuideHomePageActions.java:15)
at pages.actions.CarsGuideHomePageActions.<init>(CarsGuideHomePageActions.java:15)
at pages.actions.CarsGuideHomePageActions.<init>(CarsGuideHomePageActions.java:15)
at pages.actions.CarsGuideHomePageActions.<init>(CarsGuideHomePageActions.java:15)
at pages.actions.CarsGuideHomePageActions.<init>(CarsGuideHomePageActions.java:15)
at pages.actions.CarsGuideHomePageActions.<init>(CarsGuideHomePageActions.java:15)
at pages.actions.CarsGuideHomePageActions.<init>(CarsGuideHomePageActions.java:15)
at pages.actions.CarsGuideHomePageActions.<init>(CarsGuideHomePageActions.java:15)
at pages.actions.CarsGuideHomePageActions.<init>(CarsGuideHomePageActions.java:15)
at pages.actions.CarsGuideHomePageActions.<init>(CarsGuideHomePageActions.java:15)
at pages.actions.CarsGuideHomePageActions.<init>(CarsGuideHomePageActions.java:15)
at pages.actions.CarsGuideHomePageActions.<init>(CarsGuideHomePageActions.java:15)
at pages.actions.CarsGuideHomePageActions.<init>(CarsGuideHomePageActions.java:15)
at pages.actions.CarsGuideHomePageActions.<init>(CarsGuideHomePageActions.java:15)
at pages.actions.CarsGuideHomePageActions.<init>(CarsGuideHomePageActions.java:15)
at pages.actions.CarsGuideHomePageActions.<init>(CarsGuideHomePageActions.java:15)
at pages.actions.CarsGuideHomePageActions.<init>(CarsGuideHomePageActions.java:15)
at pages.actions.CarsGuideHomePageActions.<init>(CarsGuideHomePageActions.java:15)
at pages.actions.CarsGuideHomePageActions.<init>(CarsGuideHomePageActions.java:15)
at pages.actions.CarsGuideHomePageActions.<init>(CarsGuideHomePageActions.java:15)
at pages.actions.CarsGuideHomePageActions.<init>(CarsGuideHomePageActions.java:15)
at pages.actions.CarsGuideHomePageActions.<init>(CarsGuideHomePageActions.java:15)
at pages.actions.CarsGuideHomePageActions.<init>(CarsGuideHomePageActions.java:15)
at pages.actions.CarsGuideHomePageActions.<init>(CarsGuideHomePageActions.java:15)
at pages.actions.CarsGuideHomePageActions.<init>(CarsGuideHomePageActions.java:15)
at pages.actions.CarsGuideHomePageActions.<init>(CarsGuideHomePageActions.java:15)
at pages.actions.CarsGuideHomePageActions.<init>(CarsGuideHomePageActions.java:15)
at pages.actions.CarsGuideHomePageActions.<init>(CarsGuideHomePageActions.java:15)
at pages.actions.CarsGuideHomePageActions.<init>(CarsGuideHomePageActions.java:15)
at pages.actions.CarsGuideHomePageActions.<init>(CarsGuideHomePageActions.java:15)
at pages.actions.CarsGuideHomePageActions.<init>(CarsGuideHomePageActions.java:15)
at pages.actions.CarsGuideHomePageActions.<init>(CarsGuideHomePageActions.java:15)
at pages.actions.CarsGuideHomePageActions.<init>(CarsGuideHomePageActions.java:15)
at pages.actions.CarsGuideHomePageActions.<init>(CarsGuideHomePageActions.java:15)
at pages.actions.CarsGuideHomePageActions.<init>(CarsGuideHomePageActions.java:15)
at pages.actions.CarsGuideHomePageActions.<init>(CarsGuideHomePageActions.java:15)
at pages.actions.CarsGuideHomePageActions.<init>(CarsGuideHomePageActions.java:15)
at pages.actions.CarsGuideHomePageActions.<init>(CarsGuideHomePageActions.java:15)
at pages.actions.CarsGuideHomePageActions.<init>(CarsGuideHomePageActions.java:15)
at pages.actions.CarsGuideHomePageActions.<init>(CarsGuideHomePageActions.java:15)
at pages.actions.CarsGuideHomePageActions.<init>(CarsGuideHomePageActions.java:15)
at pages.actions.CarsGuideHomePageActions.<init>(CarsGuideHomePageActions.java:15)
at pages.actions.CarsGuideHomePageActions.<init>(CarsGuideHomePageActions.java:15)
at pages.actions.CarsGuideHomePageActions.<init>(CarsGuideHomePageActions.java:15)
at pages.actions.CarsGuideHomePageActions.<init>(CarsGuideHomePageActions.java:15)
at pages.actions.CarsGuideHomePageActions.<init>(CarsGuideHomePageActions.java:15)
at pages.actions.CarsGuideHomePageActions.<init>(CarsGuideHomePageActions.java:15)
at pages.actions.CarsGuideHomePageActions.<init>(CarsGuideHomePageActions.java:15)
at pages.actions.CarsGuideHomePageActions.<init>(CarsGuideHomePageActions.java:15)
at pages.actions.CarsGuideHomePageActions.<init>(CarsGuideHomePageActions.java:15)
at pages.actions.CarsGuideHomePageActions.<init>(CarsGuideHomePageActions.java:15)
at pages.actions.CarsGuideHomePageActions.<init>(CarsGuideHomePageActions.java:15)
at pages.actions.CarsGuideHomePageActions.<init>(CarsGuideHomePageActions.java:15)
at pages.actions.CarsGuideHomePageActions.<init>(CarsGuideHomePageActions.java:15)
at pages.actions.CarsGuideHomePageActions.<init>(CarsGuideHomePageActions.java:15)
at pages.actions.CarsGuideHomePageActions.<init>(CarsGuideHomePageActions.java:15)
at pages.actions.CarsGuideHomePageActions.<init>(CarsGuideHomePageActions.java:15)
at pages.actions.CarsGuideHomePageActions.<init>(CarsGuideHomePageActions.java:15)
at pages.actions.CarsGuideHomePageActions.<init>(CarsGuideHomePageActions.java:15)
at pages.actions.CarsGuideHomePageActions.<init>(CarsGuideHomePageActions.java:15)
at pages.actions.CarsGuideHomePageActions.<init>(CarsGuideHomePageActions.java:15)
at pages.actions.CarsGuideHomePageActions.<init>(CarsGuideHomePageActions.java:15)
at pages.actions.CarsGuideHomePageActions.<init>(CarsGuideHomePageActions.java:15)
at pages.actions.CarsGuideHomePageActions.<init>(CarsGuideHomePageActions.java:15)
at pages.actions.CarsGuideHomePageActions.<init>(CarsGuideHomePageActions.java:15)
at pages.actions.CarsGuideHomePageActions.<init>(CarsGuideHomePageActions.java:15)
at pages.actions.CarsGuideHomePageActions.<init>(CarsGuideHomePageActions.java:15)
at pages.actions.CarsGuideHomePageActions.<init>(CarsGuideHomePageActions.java:15)
at pages.actions.CarsGuideHomePageActions.<init>(CarsGuideHomePageActions.java:15)
at pages.actions.CarsGuideHomePageActions.<init>(CarsGuideHomePageActions.java:15)
at pages.actions.CarsGuideHomePageActions.<init>(CarsGuideHomePageActions.java:15)
at pages.actions.CarsGuideHomePageActions.<init>(CarsGuideHomePageActions.java:15)
at pages.actions.CarsGuideHomePageActions.<init>(CarsGuideHomePageActions.java:15)
at pages.actions.CarsGuideHomePageActions.<init>(CarsGuideHomePageActions.java:15)
at pages.actions.CarsGuideHomePageActions.<init>(CarsGuideHomePageActions.java:15)
at pages.actions.CarsGuideHomePageActions.<init>(CarsGuideHomePageActions.java:15)
at pages.actions.CarsGuideHomePageActions.<init>(CarsGuideHomePageActions.java:15)
at pages.actions.CarsGuideHomePageActions.<init>(CarsGuideHomePageActions.java:15)
at pages.actions.CarsGuideHomePageActions.<init>(CarsGuideHomePageActions.java:15)
at pages.actions.CarsGuideHomePageActions.<init>(CarsGuideHomePageActions.java:15)
at pages.actions.CarsGuideHomePageActions.<init>(CarsGuideHomePageActions.java:15)
at pages.actions.CarsGuideHomePageActions.<init>(CarsGuideHomePageActions.java:15)
at pages.actions.CarsGuideHomePageActions.<init>(CarsGuideHomePageActions.java:15)
at pages.actions.CarsGuideHomePageActions.<init>(CarsGuideHomePageActions.java:15)
at pages.actions.CarsGuideHomePageActions.<init>(CarsGuideHomePageActions.java:15)
at pages.actions.CarsGuideHomePageActions.<init>(CarsGuideHomePageActions.java:15)
at pages.actions.CarsGuideHomePageActions.<init>(CarsGuideHomePageActions.java:15)
at pages.actions.CarsGuideHomePageActions.<init>(CarsGuideHomePageActions.java:15)
at pages.actions.CarsGuideHomePageActions.<init>(CarsGuideHomePageActions.java:15)
at pages.actions.CarsGuideHomePageActions.<init>(CarsGuideHomePageActions.java:15)
at pages.actions.CarsGuideHomePageActions.<init>(CarsGuideHomePageActions.java:15)
at pages.actions.CarsGuideHomePageActions.<init>(CarsGuideHomePageActions.java:15)
at pages.actions.CarsGuideHomePageActions.<init>(CarsGuideHomePageActions.java:15)
at pages.actions.CarsGuideHomePageActions.<init>(CarsGuideHomePageActions.java:15)
at pages.actions.CarsGuideHomePageActions.<init>(CarsGuideHomePageActions.java:15)
at pages.actions.CarsGuideHomePageActions.<init>(CarsGuideHomePageActions.java:15)
at pages.actions.CarsGuideHomePageActions.<init>(CarsGuideHomePageActions.java:15)
at pages.actions.CarsGuideHomePageActions.<init>(CarsGuideHomePageActions.java:15)
at pages.actions.CarsGuideHomePageActions.<init>(CarsGuideHomePageActions.java:15)
at pages.actions.CarsGuideHomePageActions.<init>(CarsGuideHomePageActions.java:15)
at pages.actions.CarsGuideHomePageActions.<init>(CarsGuideHomePageActions.java:15)
at pages.actions.CarsGuideHomePageActions.<init>(CarsGuideHomePageActions.java:15)
at pages.actions.CarsGuideHomePageActions.<init>(CarsGuideHomePageActions.java:15)
at pages.actions.CarsGuideHomePageActions.<init>(CarsGuideHomePageActions.java:15)
at pages.actions.CarsGuideHomePageActions.<init>(CarsGuideHomePageActions.java:15)
at pages.actions.CarsGuideHomePageActions.<init>(CarsGuideHomePageActions.java:15)
at pages.actions.CarsGuideHomePageActions.<init>(CarsGuideHomePageActions.java:15)
at pages.actions.CarsGuideHomePageActions.<init>(CarsGuideHomePageActions.java:15)
at pages.actions.CarsGuideHomePageActions.<init>(CarsGuideHomePageActions.java:15)
at pages.actions.CarsGuideHomePageActions.<init>(CarsGuideHomePageActions.java:15)
at pages.actions.CarsGuideHomePageActions.<init>(CarsGuideHomePageActions.java:15)
at pages.actions.CarsGuideHomePageActions.<init>(CarsGuideHomePageActions.java:15)
at pages.actions.CarsGuideHomePageActions.<init>(CarsGuideHomePageActions.java:15)
at pages.actions.CarsGuideHomePageActions.<init>(CarsGuideHomePageActions.java:15)
at pages.actions.CarsGuideHomePageActions.<init>(CarsGuideHomePageActions.java:15)
at pages.actions.CarsGuideHomePageActions.<init>(CarsGuideHomePageActions.java:15)
at pages.actions.CarsGuideHomePageActions.<init>(CarsGuideHomePageActions.java:15)
at pages.actions.CarsGuideHomePageActions.<init>(CarsGuideHomePageActions.java:15)
at pages.actions.CarsGuideHomePageActions.<init>(CarsGuideHomePageActions.java:15)
at pages.actions.CarsGuideHomePageActions.<init>(CarsGuideHomePageActions.java:15)
at pages.actions.CarsGuideHomePageActions.<init>(CarsGuideHomePageActions.java:15)
at pages.actions.CarsGuideHomePageActions.<init>(CarsGuideHomePageActions.java:15)
at pages.actions.CarsGuideHomePageActions.<init>(CarsGuideHomePageActions.java:15)
at pages.actions.CarsGuideHomePageActions.<init>(CarsGuideHomePageActions.java:15)
at pages.actions.CarsGuideHomePageActions.<init>(CarsGuideHomePageActions.java:15)
at pages.actions.CarsGuideHomePageActions.<init>(CarsGuideHomePageActions.java:15)
at pages.actions.CarsGuideHomePageActions.<init>(CarsGuideHomePageActions.java:15)
at pages.actions.CarsGuideHomePageActions.<init>(CarsGuideHomePageActions.java:15)
at pages.actions.CarsGuideHomePageActions.<init>(CarsGuideHomePageActions.java:15)
at pages.actions.CarsGuideHomePageActions.<init>(CarsGuideHomePageActions.java:15)
at pages.actions.CarsGuideHomePageActions.<init>(CarsGuideHomePageActions.java:15)
at pages.actions.CarsGuideHomePageActions.<init>(CarsGuideHomePageActions.java:15)
at pages.actions.CarsGuideHomePageActions.<init>(CarsGuideHomePageActions.java:15)
at pages.actions.CarsGuideHomePageActions.<init>(CarsGuideHomePageActions.java:15)
at pages.actions.CarsGuideHomePageActions.<init>(CarsGuideHomePageActions.java:15)
at pages.actions.CarsGuideHomePageActions.<init>(CarsGuideHomePageActions.java:15)
at pages.actions.CarsGuideHomePageActions.<init>(CarsGuideHomePageActions.java:15)
at pages.actions.CarsGuideHomePageActions.<init>(CarsGuideHomePageActions.java:15)
at pages.actions.CarsGuideHomePageActions.<init>(CarsGuideHomePageActions.java:15)
at pages.actions.CarsGuideHomePageActions.<init>(CarsGuideHomePageActions.java:15)
at pages.actions.CarsGuideHomePageActions.<init>(CarsGuideHomePageActions.java:15)
at pages.actions.CarsGuideHomePageActions.<init>(CarsGuideHomePageActions.java:15)
at pages.actions.CarsGuideHomePageActions.<init>(CarsGuideHomePageActions.java:15)
at pages.actions.CarsGuideHomePageActions.<init>(CarsGuideHomePageActions.java:15)
at pages.actions.CarsGuideHomePageActions.<init>(CarsGuideHomePageActions.java:15)
at pages.actions.CarsGuideHomePageActions.<init>(CarsGuideHomePageActions.java:15)
at pages.actions.CarsGuideHomePageActions.<init>(CarsGuideHomePageActions.java:15)
at pages.actions.CarsGuideHomePageActions.<init>(CarsGuideHomePageActions.java:15)
at pages.actions.CarsGuideHomePageActions.<init>(CarsGuideHomePageActions.java:15)
at pages.actions.CarsGuideHomePageActions.<init>(CarsGuideHomePageActions.java:15)
at pages.actions.CarsGuideHomePageActions.<init>(CarsGuideHomePageActions.java:15)
at pages.actions.CarsGuideHomePageActions.<init>(CarsGuideHomePageActions.java:15)
at pages.actions.CarsGuideHomePageActions.<init>(CarsGuideHomePageActions.java:15)
at pages.actions.CarsGuideHomePageActions.<init>(CarsGuideHomePageActions.java:15)
at pages.actions.CarsGuideHomePageActions.<init>(CarsGuideHomePageActions.java:15)
at pages.actions.CarsGuideHomePageActions.<init>(CarsGuideHomePageActions.java:15)
at pages.actions.CarsGuideHomePageActions.<init>(CarsGuideHomePageActions.java:15)
at pages.actions.CarsGuideHomePageActions.<init>(CarsGuideHomePageActions.java:15)
at pages.actions.CarsGuideHomePageActions.<init>(CarsGuideHomePageActions.java:15)
at pages.actions.CarsGuideHomePageActions.<init>(CarsGuideHomePageActions.java:15)
at pages.actions.CarsGuideHomePageActions.<init>(CarsGuideHomePageActions.java:15)
at pages.actions.CarsGuideHomePageActions.<init>(CarsGuideHomePageActions.java:15)
at pages.actions.CarsGuideHomePageActions.<init>(CarsGuideHomePageActions.java:15)
at pages.actions.CarsGuideHomePageActions.<init>(CarsGuideHomePageActions.java:15)
at pages.actions.CarsGuideHomePageActions.<init>(CarsGuideHomePageActions.java:15)
at pages.actions.CarsGuideHomePageActions.<init>(CarsGuideHomePageActions.java:15)
at pages.actions.CarsGuideHomePageActions.<init>(CarsGuideHomePageActions.java:15)
at pages.actions.CarsGuideHomePageActions.<init>(CarsGuideHomePageActions.java:15)
at pages.actions.CarsGuideHomePageActions.<init>(CarsGuideHomePageActions.java:15)
at pages.actions.CarsGuideHomePageActions.<init>(CarsGuideHomePageActions.java:15)
at pages.actions.CarsGuideHomePageActions.<init>(CarsGuideHomePageActions.java:15)
at pages.actions.CarsGuideHomePageActions.<init>(CarsGuideHomePageActions.java:15)
at pages.actions.CarsGuideHomePageActions.<init>(CarsGuideHomePageActions.java:15)
at pages.actions.CarsGuideHomePageActions.<init>(CarsGuideHomePageActions.java:15)
at pages.actions.CarsGuideHomePageActions.<init>(CarsGuideHomePageActions.java:15)
at pages.actions.CarsGuideHomePageActions.<init>(CarsGuideHomePageActions.java:15)
at pages.actions.CarsGuideHomePageActions.<init>(CarsGuideHomePageActions.java:15)
at pages.actions.CarsGuideHomePageActions.<init>(CarsGuideHomePageActions.java:15)
at pages.actions.CarsGuideHomePageActions.<init>(CarsGuideHomePageActions.java:15)
at pages.actions.CarsGuideHomePageActions.<init>(CarsGuideHomePageActions.java:15)
at pages.actions.CarsGuideHomePageActions.<init>(CarsGuideHomePageActions.java:15)
at pages.actions.CarsGuideHomePageActions.<init>(CarsGuideHomePageActions.java:15)
at pages.actions.CarsGuideHomePageActions.<init>(CarsGuideHomePageActions.java:15)
at pages.actions.CarsGuideHomePageActions.<init>(CarsGuideHomePageActions.java:15)
at pages.actions.CarsGuideHomePageActions.<init>(CarsGuideHomePageActions.java:15)
at pages.actions.CarsGuideHomePageActions.<init>(CarsGuideHomePageActions.java:15)
at pages.actions.CarsGuideHomePageActions.<init>(CarsGuideHomePageActions.java:15)
at pages.actions.CarsGuideHomePageActions.<init>(CarsGuideHomePageActions.java:15)
at pages.actions.CarsGuideHomePageActions.<init>(CarsGuideHomePageActions.java:15)
at pages.actions.CarsGuideHomePageActions.<init>(CarsGuideHomePageActions.java:15)
at pages.actions.CarsGuideHomePageActions.<init>(CarsGuideHomePageActions.java:15)
at pages.actions.CarsGuideHomePageActions.<init>(CarsGuideHomePageActions.java:15)
at pages.actions.CarsGuideHomePageActions.<init>(CarsGuideHomePageActions.java:15)
at pages.actions.CarsGuideHomePageActions.<init>(CarsGuideHomePageActions.java:15)
at pages.actions.CarsGuideHomePageActions.<init>(CarsGuideHomePageActions.java:15)
at pages.actions.CarsGuideHomePageActions.<init>(CarsGuideHomePageActions.java:15)
at pages.actions.CarsGuideHomePageActions.<init>(CarsGuideHomePageActions.java:15)
at pages.actions.CarsGuideHomePageActions.<init>(CarsGuideHomePageActions.java:15)
at pages.actions.CarsGuideHomePageActions.<init>(CarsGuideHomePageActions.java:15)
at pages.actions.CarsGuideHomePageActions.<init>(CarsGuideHomePageActions.java:15)
at pages.actions.CarsGuideHomePageActions.<init>(CarsGuideHomePageActions.java:15)
at pages.actions.CarsGuideHomePageActions.<init>(CarsGuideHomePageActions.java:15)
at pages.actions.CarsGuideHomePageActions.<init>(CarsGuideHomePageActions.java:15)
at pages.actions.CarsGuideHomePageActions.<init>(CarsGuideHomePageActions.java:15)
at pages.actions.CarsGuideHomePageActions.<init>(CarsGuideHomePageActions.java:15)
at pages.actions.CarsGuideHomePageActions.<init>(CarsGuideHomePageActions.java:15)
at pages.actions.CarsGuideHomePageActions.<init>(CarsGuideHomePageActions.java:15)
at pages.actions.CarsGuideHomePageActions.<init>(CarsGuideHomePageActions.java:15)
at pages.actions.CarsGuideHomePageActions.<init>(CarsGuideHomePageActions.java:15)
at pages.actions.CarsGuideHomePageActions.<init>(CarsGuideHomePageActions.java:15)
at pages.actions.CarsGuideHomePageActions.<init>(CarsGuideHomePageActions.java:15)
at pages.actions.CarsGuideHomePageActions.<init>(CarsGuideHomePageActions.java:15)
at pages.actions.CarsGuideHomePageActions.<init>(CarsGuideHomePageActions.java:15)
at pages.actions.CarsGuideHomePageActions.<init>(CarsGuideHomePageActions.java:15)
at pages.actions.CarsGuideHomePageActions.<init>(CarsGuideHomePageActions.java:15)
at pages.actions.CarsGuideHomePageActions.<init>(CarsGuideHomePageActions.java:15)
at pages.actions.CarsGuideHomePageActions.<init>(CarsGuideHomePageActions.java:15)
at pages.actions.CarsGuideHomePageActions.<init>(CarsGuideHomePageActions.java:15)
at pages.actions.CarsGuideHomePageActions.<init>(CarsGuideHomePageActions.java:15)
at pages.actions.CarsGuideHomePageActions.<init>(CarsGuideHomePageActions.java:15)
at pages.actions.CarsGuideHomePageActions.<init>(CarsGuideHomePageActions.java:15)
at pages.actions.CarsGuideHomePageActions.<init>(CarsGuideHomePageActions.java:15)
at pages.actions.CarsGuideHomePageActions.<init>(CarsGuideHomePageActions.java:15)
at pages.actions.CarsGuideHomePageActions.<init>(CarsGuideHomePageActions.java:15)
at pages.actions.CarsGuideHomePageActions.<init>(CarsGuideHomePageActions.java:15)
at pages.actions.CarsGuideHomePageActions.<init>(CarsGuideHomePageActions.java:15)
at pages.actions.CarsGuideHomePageActions.<init>(CarsGuideHomePageActions.java:15)
at pages.actions.CarsGuideHomePageActions.<init>(CarsGuideHomePageActions.java:15)
at pages.actions.CarsGuideHomePageActions.<init>(CarsGuideHomePageActions.java:15)
at pages.actions.CarsGuideHomePageActions.<init>(CarsGuideHomePageActions.java:15)
at pages.actions.CarsGuideHomePageActions.<init>(CarsGuideHomePageActions.java:15)
at pages.actions.CarsGuideHomePageActions.<init>(CarsGuideHomePageActions.java:15)
at pages.actions.CarsGuideHomePageActions.<init>(CarsGuideHomePageActions.java:15)
at pages.actions.CarsGuideHomePageActions.<init>(CarsGuideHomePageActions.java:15)
at pages.actions.CarsGuideHomePageActions.<init>(CarsGuideHomePageActions.java:15)
at pages.actions.CarsGuideHomePageActions.<init>(CarsGuideHomePageActions.java:15)
at pages.actions.CarsGuideHomePageActions.<init>(CarsGuideHomePageActions.java:15)
at pages.actions.CarsGuideHomePageActions.<init>(CarsGuideHomePageActions.java:15)
at pages.actions.CarsGuideHomePageActions.<init>(CarsGuideHomePageActions.java:15)
at pages.actions.CarsGuideHomePageActions.<init>(CarsGuideHomePageActions.java:15)
at pages.actions.CarsGuideHomePageActions.<init>(CarsGuideHomePageActions.java:15)
at pages.actions.CarsGuideHomePageActions.<init>(CarsGuideHomePageActions.java:15)
at pages.actions.CarsGuideHomePageActions.<init>(CarsGuideHomePageActions.java:15)
at pages.actions.CarsGuideHomePageActions.<init>(CarsGuideHomePageActions.java:15)
at pages.actions.CarsGuideHomePageActions.<init>(CarsGuideHomePageActions.java:15)
at pages.actions.CarsGuideHomePageActions.<init>(CarsGuideHomePageActions.java:15)
at pages.actions.CarsGuideHomePageActions.<init>(CarsGuideHomePageActions.java:15)
at pages.actions.CarsGuideHomePageActions.<init>(CarsGuideHomePageActions.java:15)
at pages.actions.CarsGuideHomePageActions.<init>(CarsGuideHomePageActions.java:15)
at pages.actions.CarsGuideHomePageActions.<init>(CarsGuideHomePageActions.java:15)
at pages.actions.CarsGuideHomePageActions.<init>(CarsGuideHomePageActions.java:15)
at pages.actions.CarsGuideHomePageActions.<init>(CarsGuideHomePageActions.java:15)
at pages.actions.CarsGuideHomePageActions.<init>(CarsGuideHomePageActions.java:15)
at pages.actions.CarsGuideHomePageActions.<init>(CarsGuideHomePageActions.java:15)
at pages.actions.CarsGuideHomePageActions.<init>(CarsGuideHomePageActions.java:15)
at pages.actions.CarsGuideHomePageActions.<init>(CarsGuideHomePageActions.java:15)
at pages.actions.CarsGuideHomePageActions.<init>(CarsGuideHomePageActions.java:15)
at pages.actions.CarsGuideHomePageActions.<init>(CarsGuideHomePageActions.java:15)
at pages.actions.CarsGuideHomePageActions.<init>(CarsGuideHomePageActions.java:15)
at pages.actions.CarsGuideHomePageActions.<init>(CarsGuideHomePageActions.java:15)
at pages.actions.CarsGuideHomePageActions.<init>(CarsGuideHomePageActions.java:15)
at pages.actions.CarsGuideHomePageActions.<init>(CarsGuideHomePageActions.java:15)
at pages.actions.CarsGuideHomePageActions.<init>(CarsGuideHomePageActions.java:15)
at pages.actions.CarsGuideHomePageActions.<init>(CarsGuideHomePageActions.java:15)
at pages.actions.CarsGuideHomePageActions.<init>(CarsGuideHomePageActions.java:15)
at pages.actions.CarsGuideHomePageActions.<init>(CarsGuideHomePageActions.java:15)
at pages.actions.CarsGuideHomePageActions.<init>(CarsGuideHomePageActions.java:15)
at pages.actions.CarsGuideHomePageActions.<init>(CarsGuideHomePageActions.java:15)
at pages.actions.CarsGuideHomePageActions.<init>(CarsGuideHomePageActions.java:15)
at pages.actions.CarsGuideHomePageActions.<init>(CarsGuideHomePageActions.java:15)
at pages.actions.CarsGuideHomePageActions.<init>(CarsGuideHomePageActions.java:15)
at pages.actions.CarsGuideHomePageActions.<init>(CarsGuideHomePageActions.java:15)
at pages.actions.CarsGuideHomePageActions.<init>(CarsGuideHomePageActions.java:15)
at pages.actions.CarsGuideHomePageActions.<init>(CarsGuideHomePageActions.java:15)
at pages.actions.CarsGuideHomePageActions.<init>(CarsGuideHomePageActions.java:15)
at pages.actions.CarsGuideHomePageActions.<init>(CarsGuideHomePageActions.java:15)
at pages.actions.CarsGuideHomePageActions.<init>(CarsGuideHomePageActions.java:15)
at pages.actions.CarsGuideHomePageActions.<init>(CarsGuideHomePageActions.java:15)
at pages.actions.CarsGuideHomePageActions.<init>(CarsGuideHomePageActions.java:15)
at pages.actions.CarsGuideHomePageActions.<init>(CarsGuideHomePageActions.java:15)
at pages.actions.CarsGuideHomePageActions.<init>(CarsGuideHomePageActions.java:15)
at pages.actions.CarsGuideHomePageActions.<init>(CarsGuideHomePageActions.java:15)
at pages.actions.CarsGuideHomePageActions.<init>(CarsGuideHomePageActions.java:15)
at pages.actions.CarsGuideHomePageActions.<init>(CarsGuideHomePageActions.java:15)
at pages.actions.CarsGuideHomePageActions.<init>(CarsGuideHomePageActions.java:15)
at pages.actions.CarsGuideHomePageActions.<init>(CarsGuideHomePageActions.java:15)
at pages.actions.CarsGuideHomePageActions.<init>(CarsGuideHomePageActions.java:15)
at pages.actions.CarsGuideHomePageActions.<init>(CarsGuideHomePageActions.java:15)
at pages.actions.CarsGuideHomePageActions.<init>(CarsGuideHomePageActions.java:15)
at pages.actions.CarsGuideHomePageActions.<init>(CarsGuideHomePageActions.java:15)
at pages.actions.CarsGuideHomePageActions.<init>(CarsGuideHomePageActions.java:15)
at pages.actions.CarsGuideHomePageActions.<init>(CarsGuideHomePageActions.java:15)
at pages.actions.CarsGuideHomePageActions.<init>(CarsGuideHomePageActions.java:15)
at pages.actions.CarsGuideHomePageActions.<init>(CarsGuideHomePageActions.java:15)
at pages.actions.CarsGuideHomePageActions.<init>(CarsGuideHomePageActions.java:15)
at pages.actions.CarsGuideHomePageActions.<init>(CarsGuideHomePageActions.java:15)
at pages.actions.CarsGuideHomePageActions.<init>(CarsGuideHomePageActions.java:15)
at pages.actions.CarsGuideHomePageActions.<init>(CarsGuideHomePageActions.java:15)
at pages.actions.CarsGuideHomePageActions.<init>(CarsGuideHomePageActions.java:15)
at pages.actions.CarsGuideHomePageActions.<init>(CarsGuideHomePageActions.java:15)
at pages.actions.CarsGuideHomePageActions.<init>(CarsGuideHomePageActions.java:15)
at pages.actions.CarsGuideHomePageActions.<init>(CarsGuideHomePageActions.java:15)
at pages.actions.CarsGuideHomePageActions.<init>(CarsGuideHomePageActions.java:15)
at pages.actions.CarsGuideHomePageActions.<init>(CarsGuideHomePageActions.java:15)
at pages.actions.CarsGuideHomePageActions.<init>(CarsGuideHomePageActions.java:15)
at pages.actions.CarsGuideHomePageActions.<init>(CarsGuideHomePageActions.java:15)
at pages.actions.CarsGuideHomePageActions.<init>(CarsGuideHomePageActions.java:15)
at pages.actions.CarsGuideHomePageActions.<init>(CarsGuideHomePageActions.java:15)
at pages.actions.CarsGuideHomePageActions.<init>(CarsGuideHomePageActions.java:15)
at pages.actions.CarsGuideHomePageActions.<init>(CarsGuideHomePageActions.java:15)
at pages.actions.CarsGuideHomePageActions.<init>(CarsGuideHomePageActions.java:15)
at pages.actions.CarsGuideHomePageActions.<init>(CarsGuideHomePageActions.java:15)
at pages.actions.CarsGuideHomePageActions.<init>(CarsGuideHomePageActions.java:15)
at pages.actions.CarsGuideHomePageActions.<init>(CarsGuideHomePageActions.java:15)
at pages.actions.CarsGuideHomePageActions.<init>(CarsGuideHomePageActions.java:15)
at pages.actions.CarsGuideHomePageActions.<init>(CarsGuideHomePageActions.java:15)
at pages.actions.CarsGuideHomePageActions.<init>(CarsGuideHomePageActions.java:15)
at pages.actions.CarsGuideHomePageActions.<init>(CarsGuideHomePageActions.java:15)
at pages.actions.CarsGuideHomePageActions.<init>(CarsGuideHomePageActions.java:15)
at pages.actions.CarsGuideHomePageActions.<init>(CarsGuideHomePageActions.java:15)
at pages.actions.CarsGuideHomePageActions.<init>(CarsGuideHomePageActions.java:15)
at pages.actions.CarsGuideHomePageActions.<init>(CarsGuideHomePageActions.java:15)
at pages.actions.CarsGuideHomePageActions.<init>(CarsGuideHomePageActions.java:15)
at pages.actions.CarsGuideHomePageActions.<init>(CarsGuideHomePageActions.java:15)
at pages.actions.CarsGuideHomePageActions.<init>(CarsGuideHomePageActions.java:15)
at pages.actions.CarsGuideHomePageActions.<init>(CarsGuideHomePageActions.java:15)
at pages.actions.CarsGuideHomePageActions.<init>(CarsGuideHomePageActions.java:15)
at pages.actions.CarsGuideHomePageActions.<init>(CarsGuideHomePageActions.java:15)
at pages.actions.CarsGuideHomePageActions.<init>(CarsGuideHomePageActions.java:15)
at pages.actions.CarsGuideHomePageActions.<init>(CarsGuideHomePageActions.java:15)
at pages.actions.CarsGuideHomePageActions.<init>(CarsGuideHomePageActions.java:15)
at pages.actions.CarsGuideHomePageActions.<init>(CarsGuideHomePageActions.java:15)
at pages.actions.CarsGuideHomePageActions.<init>(CarsGuideHomePageActions.java:15)
at pages.actions.CarsGuideHomePageActions.<init>(CarsGuideHomePageActions.java:15)
at pages.actions.CarsGuideHomePageActions.<init>(CarsGuideHomePageActions.java:15)
at pages.actions.CarsGuideHomePageActions.<init>(CarsGuideHomePageActions.java:15)
at pages.actions.CarsGuideHomePageActions.<init>(CarsGuideHomePageActions.java:15)
at pages.actions.CarsGuideHomePageActions.<init>(CarsGuideHomePageActions.java:15)
at pages.actions.CarsGuideHomePageActions.<init>(CarsGuideHomePageActions.java:15)
at pages.actions.CarsGuideHomePageActions.<init>(CarsGuideHomePageActions.java:15)
at pages.actions.CarsGuideHomePageActions.<init>(CarsGuideHomePageActions.java:15)
at pages.actions.CarsGuideHomePageActions.<init>(CarsGuideHomePageActions.java:15)
at pages.actions.CarsGuideHomePageActions.<init>(CarsGuideHomePageActions.java:15)
at pages.actions.CarsGuideHomePageActions.<init>(CarsGuideHomePageActions.java:15)
at pages.actions.CarsGuideHomePageActions.<init>(CarsGuideHomePageActions.java:15)
at pages.actions.CarsGuideHomePageActions.<init>(CarsGuideHomePageActions.java:15)
at pages.actions.CarsGuideHomePageActions.<init>(CarsGuideHomePageActions.java:15)
at pages.actions.CarsGuideHomePageActions.<init>(CarsGuideHomePageActions.java:15)
at pages.actions.CarsGuideHomePageActions.<init>(CarsGuideHomePageActions.java:15)
at pages.actions.CarsGuideHomePageActions.<init>(CarsGuideHomePageActions.java:15)
at pages.actions.CarsGuideHomePageActions.<init>(CarsGuideHomePageActions.java:15)
at pages.actions.CarsGuideHomePageActions.<init>(CarsGuideHomePageActions.java:15)
at pages.actions.CarsGuideHomePageActions.<init>(CarsGuideHomePageActions.java:15)
at pages.actions.CarsGuideHomePageActions.<init>(CarsGuideHomePageActions.java:15)
at pages.actions.CarsGuideHomePageActions.<init>(CarsGuideHomePageActions.java:15)
at pages.actions.CarsGuideHomePageActions.<init>(CarsGuideHomePageActions.java:15)
at pages.actions.CarsGuideHomePageActions.<init>(CarsGuideHomePageActions.java:15)
at pages.actions.CarsGuideHomePageActions.<init>(CarsGuideHomePageActions.java:15)
at pages.actions.CarsGuideHomePageActions.<init>(CarsGuideHomePageActions.java:15)
at pages.actions.CarsGuideHomePageActions.<init>(CarsGuideHomePageActions.java:15)
at pages.actions.CarsGuideHomePageActions.<init>(CarsGuideHomePageActions.java:15)
at pages.actions.CarsGuideHomePageActions.<init>(CarsGuideHomePageActions.java:15)
at pages.actions.CarsGuideHomePageActions.<init>(CarsGuideHomePageActions.java:15)
at pages.actions.CarsGuideHomePageActions.<init>(CarsGuideHomePageActions.java:15)
at pages.actions.CarsGuideHomePageActions.<init>(CarsGuideHomePageActions.java:15)
at pages.actions.CarsGuideHomePageActions.<init>(CarsGuideHomePageActions.java:15)
at pages.actions.CarsGuideHomePageActions.<init>(CarsGuideHomePageActions.java:15)
at pages.actions.CarsGuideHomePageActions.<init>(CarsGuideHomePageActions.java:15)
at pages.actions.CarsGuideHomePageActions.<init>(CarsGuideHomePageActions.java:15)
at pages.actions.CarsGuideHomePageActions.<init>(CarsGuideHomePageActions.java:15)
at pages.actions.CarsGuideHomePageActions.<init>(CarsGuideHomePageActions.java:15)
at pages.actions.CarsGuideHomePageActions.<init>(CarsGuideHomePageActions.java:15)
at pages.actions.CarsGuideHomePageActions.<init>(CarsGuideHomePageActions.java:15)
at pages.actions.CarsGuideHomePageActions.<init>(CarsGuideHomePageActions.java:15)
at pages.actions.CarsGuideHomePageActions.<init>(CarsGuideHomePageActions.java:15)
at pages.actions.CarsGuideHomePageActions.<init>(CarsGuideHomePageActions.java:15)
at pages.actions.CarsGuideHomePageActions.<init>(CarsGuideHomePageActions.java:15)
at pages.actions.CarsGuideHomePageActions.<init>(CarsGuideHomePageActions.java:15)
at pages.actions.CarsGuideHomePageActions.<init>(CarsGuideHomePageActions.java:15)
at pages.actions.CarsGuideHomePageActions.<init>(CarsGuideHomePageActions.java:15)
at pages.actions.CarsGuideHomePageActions.<init>(CarsGuideHomePageActions.java:15)
at pages.actions.CarsGuideHomePageActions.<init>(CarsGuideHomePageActions.java:15)
at pages.actions.CarsGuideHomePageActions.<init>(CarsGuideHomePageActions.java:15)
at pages.actions.CarsGuideHomePageActions.<init>(CarsGuideHomePageActions.java:15)
at pages.actions.CarsGuideHomePageActions.<init>(CarsGuideHomePageActions.java:15)
at pages.actions.CarsGuideHomePageActions.<init>(CarsGuideHomePageActions.java:15)
at pages.actions.CarsGuideHomePageActions.<init>(CarsGuideHomePageActions.java:15)
at pages.actions.CarsGuideHomePageActions.<init>(CarsGuideHomePageActions.java:15)
at pages.actions.CarsGuideHomePageActions.<init>(CarsGuideHomePageActions.java:15)
at pages.actions.CarsGuideHomePageActions.<init>(CarsGuideHomePageActions.java:15)
at pages.actions.CarsGuideHomePageActions.<init>(CarsGuideHomePageActions.java:15)
at pages.actions.CarsGuideHomePageActions.<init>(CarsGuideHomePageActions.java:15)
at pages.actions.CarsGuideHomePageActions.<init>(CarsGuideHomePageActions.java:15)
at pages.actions.CarsGuideHomePageActions.<init>(CarsGuideHomePageActions.java:15)
at pages.actions.CarsGuideHomePageActions.<init>(CarsGuideHomePageActions.java:15)
at pages.actions.CarsGuideHomePageActions.<init>(CarsGuideHomePageActions.java:15)
at pages.actions.CarsGuideHomePageActions.<init>(CarsGuideHomePageActions.java:15)
at pages.actions.CarsGuideHomePageActions.<init>(CarsGuideHomePageActions.java:15)
at pages.actions.CarsGuideHomePageActions.<init>(CarsGuideHomePageActions.java:15)
at pages.actions.CarsGuideHomePageActions.<init>(CarsGuideHomePageActions.java:15)
at pages.actions.CarsGuideHomePageActions.<init>(CarsGuideHomePageActions.java:15)
at pages.actions.CarsGuideHomePageActions.<init>(CarsGuideHomePageActions.java:15)
at pages.actions.CarsGuideHomePageActions.<init>(CarsGuideHomePageActions.java:15)
at pages.actions.CarsGuideHomePageActions.<init>(CarsGuideHomePageActions.java:15)
at pages.actions.CarsGuideHomePageActions.<init>(CarsGuideHomePageActions.java:15)
at pages.actions.CarsGuideHomePageActions.<init>(CarsGuideHomePageActions.java:15)
at pages.actions.CarsGuideHomePageActions.<init>(CarsGuideHomePageActions.java:15)
at pages.actions.CarsGuideHomePageActions.<init>(CarsGuideHomePageActions.java:15)
at pages.actions.CarsGuideHomePageActions.<init>(CarsGuideHomePageActions.java:15)
at pages.actions.CarsGuideHomePageActions.<init>(CarsGuideHomePageActions.java:15)
at pages.actions.CarsGuideHomePageActions.<init>(CarsGuideHomePageActions.java:15)
at pages.actions.CarsGuideHomePageActions.<init>(CarsGuideHomePageActions.java:15)
at pages.actions.CarsGuideHomePageActions.<init>(CarsGuideHomePageActions.java:15)
at pages.actions.CarsGuideHomePageActions.<init>(CarsGuideHomePageActions.java:15)
at pages.actions.CarsGuideHomePageActions.<init>(CarsGuideHomePageActions.java:15)
at pages.actions.CarsGuideHomePageActions.<init>(CarsGuideHomePageActions.java:15)
at pages.actions.CarsGuideHomePageActions.<init>(CarsGuideHomePageActions.java:15)
at pages.actions.CarsGuideHomePageActions.<init>(CarsGuideHomePageActions.java:15)
at pages.actions.CarsGuideHomePageActions.<init>(CarsGuideHomePageActions.java:15)
at pages.actions.CarsGuideHomePageActions.<init>(CarsGuideHomePageActions.java:15)
at pages.actions.CarsGuideHomePageActions.<init>(CarsGuideHomePageActions.java:15)
at pages.actions.CarsGuideHomePageActions.<init>(CarsGuideHomePageActions.java:15)
at pages.actions.CarsGuideHomePageActions.<init>(CarsGuideHomePageActions.java:15)
at pages.actions.CarsGuideHomePageActions.<init>(CarsGuideHomePageActions.java:15)
at pages.actions.CarsGuideHomePageActions.<init>(CarsGuideHomePageActions.java:15)
at pages.actions.CarsGuideHomePageActions.<init>(CarsGuideHomePageActions.java:15)
at pages.actions.CarsGuideHomePageActions.<init>(CarsGuideHomePageActions.java:15)
at pages.actions.CarsGuideHomePageActions.<init>(CarsGuideHomePageActions.java:15)
at pages.actions.CarsGuideHomePageActions.<init>(CarsGuideHomePageActions.java:15)
at pages.actions.CarsGuideHomePageActions.<init>(CarsGuideHomePageActions.java:15)
at pages.actions.CarsGuideHomePageActions.<init>(CarsGuideHomePageActions.java:15)
at pages.actions.CarsGuideHomePageActions.<init>(CarsGuideHomePageActions.java:15)
at pages.actions.CarsGuideHomePageActions.<init>(CarsGuideHomePageActions.java:15)
at pages.actions.CarsGuideHomePageActions.<init>(CarsGuideHomePageActions.java:15)
at pages.actions.CarsGuideHomePageActions.<init>(CarsGuideHomePageActions.java:15)
at pages.actions.CarsGuideHomePageActions.<init>(CarsGuideHomePageActions.java:15)
at pages.actions.CarsGuideHomePageActions.<init>(CarsGuideHomePageActions.java:15)
at pages.actions.CarsGuideHomePageActions.<init>(CarsGuideHomePageActions.java:15)
at pages.actions.CarsGuideHomePageActions.<init>(CarsGuideHomePageActions.java:15)
at pages.actions.CarsGuideHomePageActions.<init>(CarsGuideHomePageActions.java:15)
at pages.actions.CarsGuideHomePageActions.<init>(CarsGuideHomePageActions.java:15)
at pages.actions.CarsGuideHomePageActions.<init>(CarsGuideHomePageActions.java:15)
at pages.actions.CarsGuideHomePageActions.<init>(CarsGuideHomePageActions.java:15)
at pages.actions.CarsGuideHomePageActions.<init>(CarsGuideHomePageActions.java:15)
at pages.actions.CarsGuideHomePageActions.<init>(CarsGuideHomePageActions.java:15)
at pages.actions.CarsGuideHomePageActions.<init>(CarsGuideHomePageActions.java:15)
at pages.actions.CarsGuideHomePageActions.<init>(CarsGuideHomePageActions.java:15)
at pages.actions.CarsGuideHomePageActions.<init>(CarsGuideHomePageActions.java:15)
at pages.actions.CarsGuideHomePageActions.<init>(CarsGuideHomePageActions.java:15)
at pages.actions.CarsGuideHomePageActions.<init>(CarsGuideHomePageActions.java:15)
at pages.actions.CarsGuideHomePageActions.<init>(CarsGuideHomePageActions.java:15)
at pages.actions.CarsGuideHomePageActions.<init>(CarsGuideHomePageActions.java:15)
at pages.actions.CarsGuideHomePageActions.<init>(CarsGuideHomePageActions.java:15)
at pages.actions.CarsGuideHomePageActions.<init>(CarsGuideHomePageActions.java:15)
at pages.actions.CarsGuideHomePageActions.<init>(CarsGuideHomePageActions.java:15)
at pages.actions.CarsGuideHomePageActions.<init>(CarsGuideHomePageActions.java:15)
at pages.actions.CarsGuideHomePageActions.<init>(CarsGuideHomePageActions.java:15)
at pages.actions.CarsGuideHomePageActions.<init>(CarsGuideHomePageActions.java:15)
at pages.actions.CarsGuideHomePageActions.<init>(CarsGuideHomePageActions.java:15)
at pages.actions.CarsGuideHomePageActions.<init>(CarsGuideHomePageActions.java:15)
at pages.actions.CarsGuideHomePageActions.<init>(CarsGuideHomePageActions.java:15)
at pages.actions.CarsGuideHomePageActions.<init>(CarsGuideHomePageActions.java:15)
at pages.actions.CarsGuideHomePageActions.<init>(CarsGuideHomePageActions.java:15)
at pages.actions.CarsGuideHomePageActions.<init>(CarsGuideHomePageActions.java:15)
at pages.actions.CarsGuideHomePageActions.<init>(CarsGuideHomePageActions.java:15)
at pages.actions.CarsGuideHomePageActions.<init>(CarsGuideHomePageActions.java:15)
at pages.actions.CarsGuideHomePageActions.<init>(CarsGuideHomePageActions.java:15)
at pages.actions.CarsGuideHomePageActions.<init>(CarsGuideHomePageActions.java:15)
at pages.actions.CarsGuideHomePageActions.<init>(CarsGuideHomePageActions.java:15)
at pages.actions.CarsGuideHomePageActions.<init>(CarsGuideHomePageActions.java:15)
at pages.actions.CarsGuideHomePageActions.<init>(CarsGuideHomePageActions.java:15)
at pages.actions.CarsGuideHomePageActions.<init>(CarsGuideHomePageActions.java:15)
at pages.actions.CarsGuideHomePageActions.<init>(CarsGuideHomePageActions.java:15)
at pages.actions.CarsGuideHomePageActions.<init>(CarsGuideHomePageActions.java:15)
at pages.actions.CarsGuideHomePageActions.<init>(CarsGuideHomePageActions.java:15)
at pages.actions.CarsGuideHomePageActions.<init>(CarsGuideHomePageActions.java:15)
at pages.actions.CarsGuideHomePageActions.<init>(CarsGuideHomePageActions.java:15)
at pages.actions.CarsGuideHomePageActions.<init>(CarsGuideHomePageActions.java:15)
at pages.actions.CarsGuideHomePageActions.<init>(CarsGuideHomePageActions.java:15)
at pages.actions.CarsGuideHomePageActions.<init>(CarsGuideHomePageActions.java:15)
at pages.actions.CarsGuideHomePageActions.<init>(CarsGuideHomePageActions.java:15)
at pages.actions.CarsGuideHomePageActions.<init>(CarsGuideHomePageActions.java:15)
at pages.actions.CarsGuideHomePageActions.<init>(CarsGuideHomePageActions.java:15)
at pages.actions.CarsGuideHomePageActions.<init>(CarsGuideHomePageActions.java:15)
at pages.actions.CarsGuideHomePageActions.<init>(CarsGuideHomePageActions.java:15)
at pages.actions.CarsGuideHomePageActions.<init>(CarsGuideHomePageActions.java:15)
at pages.actions.CarsGuideHomePageActions.<init>(CarsGuideHomePageActions.java:15)
at pages.actions.CarsGuideHomePageActions.<init>(CarsGuideHomePageActions.java:15)
at pages.actions.CarsGuideHomePageActions.<init>(CarsGuideHomePageActions.java:15)
at pages.actions.CarsGuideHomePageActions.<init>(CarsGuideHomePageActions.java:15)
at pages.actions.CarsGuideHomePageActions.<init>(CarsGuideHomePageActions.java:15)
at pages.actions.CarsGuideHomePageActions.<init>(CarsGuideHomePageActions.java:15)
at pages.actions.CarsGuideHomePageActions.<init>(CarsGuideHomePageActions.java:15)
at pages.actions.CarsGuideHomePageActions.<init>(CarsGuideHomePageActions.java:15)
at pages.actions.CarsGuideHomePageActions.<init>(CarsGuideHomePageActions.java:15)
at pages.actions.CarsGuideHomePageActions.<init>(CarsGuideHomePageActions.java:15)
at pages.actions.CarsGuideHomePageActions.<init>(CarsGuideHomePageActions.java:15)
at pages.actions.CarsGuideHomePageActions.<init>(CarsGuideHomePageActions.java:15)
at pages.actions.CarsGuideHomePageActions.<init>(CarsGuideHomePageActions.java:15)
at pages.actions.CarsGuideHomePageActions.<init>(CarsGuideHomePageActions.java:15)
at pages.actions.CarsGuideHomePageActions.<init>(CarsGuideHomePageActions.java:15)
at pages.actions.CarsGuideHomePageActions.<init>(CarsGuideHomePageActions.java:15)
at pages.actions.CarsGuideHomePageActions.<init>(CarsGuideHomePageActions.java:15)
at pages.actions.CarsGuideHomePageActions.<init>(CarsGuideHomePageActions.java:15)
at pages.actions.CarsGuideHomePageActions.<init>(CarsGuideHomePageActions.java:15)
at pages.actions.CarsGuideHomePageActions.<init>(CarsGuideHomePageActions.java:15)
at pages.actions.CarsGuideHomePageActions.<init>(CarsGuideHomePageActions.java:15)
at pages.actions.CarsGuideHomePageActions.<init>(CarsGuideHomePageActions.java:15)
at pages.actions.CarsGuideHomePageActions.<init>(CarsGuideHomePageActions.java:15)
at pages.actions.CarsGuideHomePageActions.<init>(CarsGuideHomePageActions.java:15)
at pages.actions.CarsGuideHomePageActions.<init>(CarsGuideHomePageActions.java:15)
at pages.actions.CarsGuideHomePageActions.<init>(CarsGuideHomePageActions.java:15)
at pages.actions.CarsGuideHomePageActions.<init>(CarsGuideHomePageActions.java:15)
at pages.actions.CarsGuideHomePageActions.<init>(CarsGuideHomePageActions.java:15)
at pages.actions.CarsGuideHomePageActions.<init>(CarsGuideHomePageActions.java:15)
at pages.actions.CarsGuideHomePageActions.<init>(CarsGuideHomePageActions.java:15)
at pages.actions.CarsGuideHomePageActions.<init>(CarsGuideHomePageActions.java:15)
at pages.actions.CarsGuideHomePageActions.<init>(CarsGuideHomePageActions.java:15)
at pages.actions.CarsGuideHomePageActions.<init>(CarsGuideHomePageActions.java:15)
at pages.actions.CarsGuideHomePageActions.<init>(CarsGuideHomePageActions.java:15)
at pages.actions.CarsGuideHomePageActions.<init>(CarsGuideHomePageActions.java:15)
at pages.actions.CarsGuideHomePageActions.<init>(CarsGuideHomePageActions.java:15)
at pages.actions.CarsGuideHomePageActions.<init>(CarsGuideHomePageActions.java:15)
at pages.actions.CarsGuideHomePageActions.<init>(CarsGuideHomePageActions.java:15)
at pages.actions.CarsGuideHomePageActions.<init>(CarsGuideHomePageActions.java:15)
at pages.actions.CarsGuideHomePageActions.<init>(CarsGuideHomePageActions.java:15)
at pages.actions.CarsGuideHomePageActions.<init>(CarsGuideHomePageActions.java:15)
at pages.actions.CarsGuideHomePageActions.<init>(CarsGuideHomePageActions.java:15)
at pages.actions.CarsGuideHomePageActions.<init>(CarsGuideHomePageActions.java:15)
at pages.actions.CarsGuideHomePageActions.<init>(CarsGuideHomePageActions.java:15)
at pages.actions.CarsGuideHomePageActions.<init>(CarsGuideHomePageActions.java:15)
at pages.actions.CarsGuideHomePageActions.<init>(CarsGuideHomePageActions.java:15)
at pages.actions.CarsGuideHomePageActions.<init>(CarsGuideHomePageActions.java:15)
at pages.actions.CarsGuideHomePageActions.<init>(CarsGuideHomePageActions.java:15)
at pages.actions.CarsGuideHomePageActions.<init>(CarsGuideHomePageActions.java:15)
at pages.actions.CarsGuideHomePageActions.<init>(CarsGuideHomePageActions.java:15)
at pages.actions.CarsGuideHomePageActions.<init>(CarsGuideHomePageActions.java:15)
at pages.actions.CarsGuideHomePageActions.<init>(CarsGuideHomePageActions.java:15)
at pages.actions.CarsGuideHomePageActions.<init>(CarsGuideHomePageActions.java:15)
at pages.actions.CarsGuideHomePageActions.<init>(CarsGuideHomePageActions.java:15)
at pages.actions.CarsGuideHomePageActions.<init>(CarsGuideHomePageActions.java:15)
at pages.actions.CarsGuideHomePageActions.<init>(CarsGuideHomePageActions.java:15)
at pages.actions.CarsGuideHomePageActions.<init>(CarsGuideHomePageActions.java:15)
at pages.actions.CarsGuideHomePageActions.<init>(CarsGuideHomePageActions.java:15)
at pages.actions.CarsGuideHomePageActions.<init>(CarsGuideHomePageActions.java:15)
at pages.actions.CarsGuideHomePageActions.<init>(CarsGuideHomePageActions.java:15)
at pages.actions.CarsGuideHomePageActions.<init>(CarsGuideHomePageActions.java:15)
at pages.actions.CarsGuideHomePageActions.<init>(CarsGuideHomePageActions.java:15)
at pages.actions.CarsGuideHomePageActions.<init>(CarsGuideHomePageActions.java:15)
at pages.actions.CarsGuideHomePageActions.<init>(CarsGuideHomePageActions.java:15)
at pages.actions.CarsGuideHomePageActions.<init>(CarsGuideHomePageActions.java:15)
at pages.actions.CarsGuideHomePageActions.<init>(CarsGuideHomePageActions.java:15)
at pages.actions.CarsGuideHomePageActions.<init>(CarsGuideHomePageActions.java:15)
at pages.actions.CarsGuideHomePageActions.<init>(CarsGuideHomePageActions.java:15)
at pages.actions.CarsGuideHomePageActions.<init>(CarsGuideHomePageActions.java:15)
at pages.actions.CarsGuideHomePageActions.<init>(CarsGuideHomePageActions.java:15)
at pages.actions.CarsGuideHomePageActions.<init>(CarsGuideHomePageActions.java:15)
at pages.actions.CarsGuideHomePageActions.<init>(CarsGuideHomePageActions.java:15)
at pages.actions.CarsGuideHomePageActions.<init>(CarsGuideHomePageActions.java:15)
at pages.actions.CarsGuideHomePageActions.<init>(CarsGuideHomePageActions.java:15)
at pages.actions.CarsGuideHomePageActions.<init>(CarsGuideHomePageActions.java:15)
at pages.actions.CarsGuideHomePageActions.<init>(CarsGuideHomePageActions.java:15)
at pages.actions.CarsGuideHomePageActions.<init>(CarsGuideHomePageActions.java:15)
at pages.actions.CarsGuideHomePageActions.<init>(CarsGuideHomePageActions.java:15)
at pages.actions.CarsGuideHomePageActions.<init>(CarsGuideHomePageActions.java:15)
at pages.actions.CarsGuideHomePageActions.<init>(CarsGuideHomePageActions.java:15)
at pages.actions.CarsGuideHomePageActions.<init>(CarsGuideHomePageActions.java:15)
at pages.actions.CarsGuideHomePageActions.<init>(CarsGuideHomePageActions.java:15)
at pages.actions.CarsGuideHomePageActions.<init>(CarsGuideHomePageActions.java:15)
at pages.actions.CarsGuideHomePageActions.<init>(CarsGuideHomePageActions.java:15)
at pages.actions.CarsGuideHomePageActions.<init>(CarsGuideHomePageActions.java:15)
at pages.actions.CarsGuideHomePageActions.<init>(CarsGuideHomePageActions.java:15)
at pages.actions.CarsGuideHomePageActions.<init>(CarsGuideHomePageActions.java:15)
at pages.actions.CarsGuideHomePageActions.<init>(CarsGuideHomePageActions.java:15)
at pages.actions.CarsGuideHomePageActions.<init>(CarsGuideHomePageActions.java:15)
at pages.actions.CarsGuideHomePageActions.<init>(CarsGuideHomePageActions.java:15)
at pages.actions.CarsGuideHomePageActions.<init>(CarsGuideHomePageActions.java:15)
at pages.actions.CarsGuideHomePageActions.<init>(CarsGuideHomePageActions.java:15)
at pages.actions.CarsGuideHomePageActions.<init>(CarsGuideHomePageActions.java:15)
at pages.actions.CarsGuideHomePageActions.<init>(CarsGuideHomePageActions.java:15)
at pages.actions.CarsGuideHomePageActions.<init>(CarsGuideHomePageActions.java:15)
at pages.actions.CarsGuideHomePageActions.<init>(CarsGuideHomePageActions.java:15)
at pages.actions.CarsGuideHomePageActions.<init>(CarsGuideHomePageActions.java:15)
at pages.actions.CarsGuideHomePageActions.<init>(CarsGuideHomePageActions.java:15)
at pages.actions.CarsGuideHomePageActions.<init>(CarsGuideHomePageActions.java:15)
at pages.actions.CarsGuideHomePageActions.<init>(CarsGuideHomePageActions.java:15)
at pages.actions.CarsGuideHomePageActions.<init>(CarsGuideHomePageActions.java:15)
at pages.actions.CarsGuideHomePageActions.<init>(CarsGuideHomePageActions.java:15)
at pages.actions.CarsGuideHomePageActions.<init>(CarsGuideHomePageActions.java:15)
at pages.actions.CarsGuideHomePageActions.<init>(CarsGuideHomePageActions.java:15)
at pages.actions.CarsGuideHomePageActions.<init>(CarsGuideHomePageActions.java:15)
at pages.actions.CarsGuideHomePageActions.<init>(CarsGuideHomePageActions.java:15)
at pages.actions.CarsGuideHomePageActions.<init>(CarsGuideHomePageActions.java:15)
at pages.actions.CarsGuideHomePageActions.<init>(CarsGuideHomePageActions.java:15)
at pages.actions.CarsGuideHomePageActions.<init>(CarsGuideHomePageActions.java:15)
at pages.actions.CarsGuideHomePageActions.<init>(CarsGuideHomePageActions.java:15)
at pages.actions.CarsGuideHomePageActions.<init>(CarsGuideHomePageActions.java:15)
at pages.actions.CarsGuideHomePageActions.<init>(CarsGuideHomePageActions.java:15)
at pages.actions.CarsGuideHomePageActions.<init>(CarsGuideHomePageActions.java:15)
at pages.actions.CarsGuideHomePageActions.<init>(CarsGuideHomePageActions.java:15)
at pages.actions.CarsGuideHomePageActions.<init>(CarsGuideHomePageActions.java:15)
at pages.actions.CarsGuideHomePageActions.<init>(CarsGuideHomePageActions.java:15)
at pages.actions.CarsGuideHomePageActions.<init>(CarsGuideHomePageActions.java:15)
at pages.actions.CarsGuideHomePageActions.<init>(CarsGuideHomePageActions.java:15)
at pages.actions.CarsGuideHomePageActions.<init>(CarsGuideHomePageActions.java:15)
at pages.actions.CarsGuideHomePageActions.<init>(CarsGuideHomePageActions.java:15)
at pages.actions.CarsGuideHomePageActions.<init>(CarsGuideHomePageActions.java:15)
at pages.actions.CarsGuideHomePageActions.<init>(CarsGuideHomePageActions.java:15)
at pages.actions.CarsGuideHomePageActions.<init>(CarsGuideHomePageActions.java:15)
at pages.actions.CarsGuideHomePageActions.<init>(CarsGuideHomePageActions.java:15)
at pages.actions.CarsGuideHomePageActions.<init>(CarsGuideHomePageActions.java:15)
at pages.actions.CarsGuideHomePageActions.<init>(CarsGuideHomePageActions.java:15)
at pages.actions.CarsGuideHomePageActions.<init>(CarsGuideHomePageActions.java:15)
at pages.actions.CarsGuideHomePageActions.<init>(CarsGuideHomePageActions.java:15)
at pages.actions.CarsGuideHomePageActions.<init>(CarsGuideHomePageActions.java:15)
at pages.actions.CarsGuideHomePageActions.<init>(CarsGuideHomePageActions.java:15)
at pages.actions.CarsGuideHomePageActions.<init>(CarsGuideHomePageActions.java:15)
at pages.actions.CarsGuideHomePageActions.<init>(CarsGuideHomePageActions.java:15)
at pages.actions.CarsGuideHomePageActions.<init>(CarsGuideHomePageActions.java:15)
at pages.actions.CarsGuideHomePageActions.<init>(CarsGuideHomePageActions.java:15)
at pages.actions.CarsGuideHomePageActions.<init>(CarsGuideHomePageActions.java:15)
at pages.actions.CarsGuideHomePageActions.<init>(CarsGuideHomePageActions.java:15)
at pages.actions.CarsGuideHomePageActions.<init>(CarsGuideHomePageActions.java:15)
at pages.actions.CarsGuideHomePageActions.<init>(CarsGuideHomePageActions.java:15)
at pages.actions.CarsGuideHomePageActions.<init>(CarsGuideHomePageActions.java:15)
at pages.actions.CarsGuideHomePageActions.<init>(CarsGuideHomePageActions.java:15)
at pages.actions.CarsGuideHomePageActions.<init>(CarsGuideHomePageActions.java:15)
at pages.actions.CarsGuideHomePageActions.<init>(CarsGuideHomePageActions.java:15)
at pages.actions.CarsGuideHomePageActions.<init>(CarsGuideHomePageActions.java:15)
at pages.actions.CarsGuideHomePageActions.<init>(CarsGuideHomePageActions.java:15)
at pages.actions.CarsGuideHomePageActions.<init>(CarsGuideHomePageActions.java:15)
at pages.actions.CarsGuideHomePageActions.<init>(CarsGuideHomePageActions.java:15)
at pages.actions.CarsGuideHomePageActions.<init>(CarsGuideHomePageActions.java:15)
at pages.actions.CarsGuideHomePageActions.<init>(CarsGuideHomePageActions.java:15)
at pages.actions.CarsGuideHomePageActions.<init>(CarsGuideHomePageActions.java:15)
at pages.actions.CarsGuideHomePageActions.<init>(CarsGuideHomePageActions.java:15)
at pages.actions.CarsGuideHomePageActions.<init>(CarsGuideHomePageActions.java:15)
at pages.actions.CarsGuideHomePageActions.<init>(CarsGuideHomePageActions.java:15)
at pages.actions.CarsGuideHomePageActions.<init>(CarsGuideHomePageActions.java:15)
at pages.actions.CarsGuideHomePageActions.<init>(CarsGuideHomePageActions.java:15)
at pages.actions.CarsGuideHomePageActions.<init>(CarsGuideHomePageActions.java:15)
at pages.actions.CarsGuideHomePageActions.<init>(CarsGuideHomePageActions.java:15)
at pages.actions.CarsGuideHomePageActions.<init>(CarsGuideHomePageActions.java:15)
at pages.actions.CarsGuideHomePageActions.<init>(CarsGuideHomePageActions.java:15)
at pages.actions.CarsGuideHomePageActions.<init>(CarsGuideHomePageActions.java:15)
at pages.actions.CarsGuideHomePageActions.<init>(CarsGuideHomePageActions.java:15)
at pages.actions.CarsGuideHomePageActions.<init>(CarsGuideHomePageActions.java:15)
at pages.actions.CarsGuideHomePageActions.<init>(CarsGuideHomePageActions.java:15)
at pages.actions.CarsGuideHomePageActions.<init>(CarsGuideHomePageActions.java:15)
at pages.actions.CarsGuideHomePageActions.<init>(CarsGuideHomePageActions.java:15)
at pages.actions.CarsGuideHomePageActions.<init>(CarsGuideHomePageActions.java:15)
at pages.actions.CarsGuideHomePageActions.<init>(CarsGuideHomePageActions.java:15)
at pages.actions.CarsGuideHomePageActions.<init>(CarsGuideHomePageActions.java:15)
at pages.actions.CarsGuideHomePageActions.<init>(CarsGuideHomePageActions.java:15)
at pages.actions.CarsGuideHomePageActions.<init>(CarsGuideHomePageActions.java:15)
at pages.actions.CarsGuideHomePageActions.<init>(CarsGuideHomePageActions.java:15)
at pages.actions.CarsGuideHomePageActions.<init>(CarsGuideHomePageActions.java:15)
at pages.actions.CarsGuideHomePageActions.<init>(CarsGuideHomePageActions.java:15)
at pages.actions.CarsGuideHomePageActions.<init>(CarsGuideHomePageActions.java:15)
at pages.actions.CarsGuideHomePageActions.<init>(CarsGuideHomePageActions.java:15)
at pages.actions.CarsGuideHomePageActions.<init>(CarsGuideHomePageActions.java:15)
at pages.actions.CarsGuideHomePageActions.<init>(CarsGuideHomePageActions.java:15)
at pages.actions.CarsGuideHomePageActions.<init>(CarsGuideHomePageActions.java:15)
at pages.actions.CarsGuideHomePageActions.<init>(CarsGuideHomePageActions.java:15)
at pages.actions.CarsGuideHomePageActions.<init>(CarsGuideHomePageActions.java:15)
at pages.actions.CarsGuideHomePageActions.<init>(CarsGuideHomePageActions.java:15)
at pages.actions.CarsGuideHomePageActions.<init>(CarsGuideHomePageActions.java:15)
at pages.actions.CarsGuideHomePageActions.<init>(CarsGuideHomePageActions.java:15)
at pages.actions.CarsGuideHomePageActions.<init>(CarsGuideHomePageActions.java:15)
at pages.actions.CarsGuideHomePageActions.<init>(CarsGuideHomePageActions.java:15)
at pages.actions.CarsGuideHomePageActions.<init>(CarsGuideHomePageActions.java:15)
at pages.actions.CarsGuideHomePageActions.<init>(CarsGuideHomePageActions.java:15)
at pages.actions.CarsGuideHomePageActions.<init>(CarsGuideHomePageActions.java:15)
at pages.actions.CarsGuideHomePageActions.<init>(CarsGuideHomePageActions.java:15)
at pages.actions.CarsGuideHomePageActions.<init>(CarsGuideHomePageActions.java:15)
at pages.actions.CarsGuideHomePageActions.<init>(CarsGuideHomePageActions.java:15)
at pages.actions.CarsGuideHomePageActions.<init>(CarsGuideHomePageActions.java:15)
at pages.actions.CarsGuideHomePageActions.<init>(CarsGuideHomePageActions.java:15)
at pages.actions.CarsGuideHomePageActions.<init>(CarsGuideHomePageActions.java:15)
at pages.actions.CarsGuideHomePageActions.<init>(CarsGuideHomePageActions.java:15)
at pages.actions.CarsGuideHomePageActions.<init>(CarsGuideHomePageActions.java:15)
at pages.actions.CarsGuideHomePageActions.<init>(CarsGuideHomePageActions.java:15)
at pages.actions.CarsGuideHomePageActions.<init>(CarsGuideHomePageActions.java:15)
at pages.actions.CarsGuideHomePageActions.<init>(CarsGuideHomePageActions.java:15)
at pages.actions.CarsGuideHomePageActions.<init>(CarsGuideHomePageActions.java:15)
at pages.actions.CarsGuideHomePageActions.<init>(CarsGuideHomePageActions.java:15)
at pages.actions.CarsGuideHomePageActions.<init>(CarsGuideHomePageActions.java:15)
at pages.actions.CarsGuideHomePageActions.<init>(CarsGuideHomePageActions.java:15)
at pages.actions.CarsGuideHomePageActions.<init>(CarsGuideHomePageActions.java:15)
at pages.actions.CarsGuideHomePageActions.<init>(CarsGuideHomePageActions.java:15)
at pages.actions.CarsGuideHomePageActions.<init>(CarsGuideHomePageActions.java:15)
at pages.actions.CarsGuideHomePageActions.<init>(CarsGuideHomePageActions.java:15)
at pages.actions.CarsGuideHomePageActions.<init>(CarsGuideHomePageActions.java:15)
at pages.actions.CarsGuideHomePageActions.<init>(CarsGuideHomePageActions.java:15)
at pages.actions.CarsGuideHomePageActions.<init>(CarsGuideHomePageActions.java:15)
at pages.actions.CarsGuideHomePageActions.<init>(CarsGuideHomePageActions.java:15)
at pages.actions.CarsGuideHomePageActions.<init>(CarsGuideHomePageActions.java:15)
at pages.actions.CarsGuideHomePageActions.<init>(CarsGuideHomePageActions.java:15)
at pages.actions.CarsGuideHomePageActions.<init>(CarsGuideHomePageActions.java:15)
at pages.actions.CarsGuideHomePageActions.<init>(CarsGuideHomePageActions.java:15)
at pages.actions.CarsGuideHomePageActions.<init>(CarsGuideHomePageActions.java:15)
at pages.actions.CarsGuideHomePageActions.<init>(CarsGuideHomePageActions.java:15)
at pages.actions.CarsGuideHomePageActions.<init>(CarsGuideHomePageActions.java:15)
at pages.actions.CarsGuideHomePageActions.<init>(CarsGuideHomePageActions.java:15)
at pages.actions.CarsGuideHomePageActions.<init>(CarsGuideHomePageActions.java:15)
at pages.actions.CarsGuideHomePageActions.<init>(CarsGuideHomePageActions.java:15)
at pages.actions.CarsGuideHomePageActions.<init>(CarsGuideHomePageActions.java:15)
at pages.actions.CarsGuideHomePageActions.<init>(CarsGuideHomePageActions.java:15)
at pages.actions.CarsGuideHomePageActions.<init>(CarsGuideHomePageActions.java:15)
at pages.actions.CarsGuideHomePageActions.<init>(CarsGuideHomePageActions.java:15)
at pages.actions.CarsGuideHomePageActions.<init>(CarsGuideHomePageActions.java:15)
at pages.actions.CarsGuideHomePageActions.<init>(CarsGuideHomePageActions.java:15)
at pages.actions.CarsGuideHomePageActions.<init>(CarsGuideHomePageActions.java:15)
at pages.actions.CarsGuideHomePageActions.<init>(CarsGuideHomePageActions.java:15)
at pages.actions.CarsGuideHomePageActions.<init>(CarsGuideHomePageActions.java:15)
at pages.actions.CarsGuideHomePageActions.<init>(CarsGuideHomePageActions.java:15)
at pages.actions.CarsGuideHomePageActions.<init>(CarsGuideHomePageActions.java:15)
at pages.actions.CarsGuideHomePageActions.<init>(CarsGuideHomePageActions.java:15)
at pages.actions.CarsGuideHomePageActions.<init>(CarsGuideHomePageActions.java:15)
at pages.actions.CarsGuideHomePageActions.<init>(CarsGuideHomePageActions.java:15)
at pages.actions.CarsGuideHomePageActions.<init>(CarsGuideHomePageActions.java:15)
at pages.actions.CarsGuideHomePageActions.<init>(CarsGuideHomePageActions.java:15)
at pages.actions.CarsGuideHomePageActions.<init>(CarsGuideHomePageActions.java:15)
at pages.actions.CarsGuideHomePageActions.<init>(CarsGuideHomePageActions.java:15)
at pages.actions.CarsGuideHomePageActions.<init>(CarsGuideHomePageActions.java:15)
at pages.actions.CarsGuideHomePageActions.<init>(CarsGuideHomePageActions.java:15)
at pages.actions.CarsGuideHomePageActions.<init>(CarsGuideHomePageActions.java:15)
at pages.actions.CarsGuideHomePageActions.<init>(CarsGuideHomePageActions.java:15)
at pages.actions.CarsGuideHomePageActions.<init>(CarsGuideHomePageActions.java:15)
at pages.actions.CarsGuideHomePageActions.<init>(CarsGuideHomePageActions.java:15)
at pages.actions.CarsGuideHomePageActions.<init>(CarsGuideHomePageActions.java:15)
at pages.actions.CarsGuideHomePageActions.<init>(CarsGuideHomePageActions.java:15)
at pages.actions.CarsGuideHomePageActions.<init>(CarsGuideHomePageActions.java:15)
at pages.actions.CarsGuideHomePageActions.<init>(CarsGuideHomePageActions.java:15)
at pages.actions.CarsGuideHomePageActions.<init>(CarsGuideHomePageActions.java:15)
at pages.actions.CarsGuideHomePageActions.<init>(CarsGuideHomePageActions.java:15)
at pages.actions.CarsGuideHomePageActions.<init>(CarsGuideHomePageActions.java:15)
at pages.actions.CarsGuideHomePageActions.<init>(CarsGuideHomePageActions.java:15)
at pages.actions.CarsGuideHomePageActions.<init>(CarsGuideHomePageActions.java:15)
at pages.actions.CarsGuideHomePageActions.<init>(CarsGuideHomePageActions.java:15)
at pages.actions.CarsGuideHomePageActions.<init>(CarsGuideHomePageActions.java:15)
at pages.actions.CarsGuideHomePageActions.<init>(CarsGuideHomePageActions.java:15)
at pages.actions.CarsGuideHomePageActions.<init>(CarsGuideHomePageActions.java:15)
at pages.actions.CarsGuideHomePageActions.<init>(CarsGuideHomePageActions.java:15)
at pages.actions.CarsGuideHomePageActions.<init>(CarsGuideHomePageActions.java:15)
at pages.actions.CarsGuideHomePageActions.<init>(CarsGuideHomePageActions.java:15)
at pages.actions.CarsGuideHomePageActions.<init>(CarsGuideHomePageActions.java:15)
at pages.actions.CarsGuideHomePageActions.<init>(CarsGuideHomePageActions.java:15)
at pages.actions.CarsGuideHomePageActions.<init>(CarsGuideHomePageActions.java:15)
at pages.actions.CarsGuideHomePageActions.<init>(CarsGuideHomePageActions.java:15)
at pages.actions.CarsGuideHomePageActions.<init>(CarsGuideHomePageActions.java:15)
at pages.actions.CarsGuideHomePageActions.<init>(CarsGuideHomePageActions.java:15)
at pages.actions.CarsGuideHomePageActions.<init>(CarsGuideHomePageActions.java:15)
at pages.actions.CarsGuideHomePageActions.<init>(CarsGuideHomePageActions.java:15)
at pages.actions.CarsGuideHomePageActions.<init>(CarsGuideHomePageActions.java:15)
at pages.actions.CarsGuideHomePageActions.<init>(CarsGuideHomePageActions.java:15)
at pages.actions.CarsGuideHomePageActions.<init>(CarsGuideHomePageActions.java:15)
at pages.actions.CarsGuideHomePageActions.<init>(CarsGuideHomePageActions.java:15)
at pages.actions.CarsGuideHomePageActions.<init>(CarsGuideHomePageActions.java:15)
at pages.actions.CarsGuideHomePageActions.<init>(CarsGuideHomePageActions.java:15)
at pages.actions.CarsGuideHomePageActions.<init>(CarsGuideHomePageActions.java:15)
at pages.actions.CarsGuideHomePageActions.<init>(CarsGuideHomePageActions.java:15)
at pages.actions.CarsGuideHomePageActions.<init>(CarsGuideHomePageActions.java:15)
at pages.actions.CarsGuideHomePageActions.<init>(CarsGuideHomePageActions.java:15)
at pages.actions.CarsGuideHomePageActions.<init>(CarsGuideHomePageActions.java:15)
at pages.actions.CarsGuideHomePageActions.<init>(CarsGuideHomePageActions.java:15)
at pages.actions.CarsGuideHomePageActions.<init>(CarsGuideHomePageActions.java:15)
at pages.actions.CarsGuideHomePageActions.<init>(CarsGuideHomePageActions.java:15)
at pages.actions.CarsGuideHomePageActions.<init>(CarsGuideHomePageActions.java:15)
at pages.actions.CarsGuideHomePageActions.<init>(CarsGuideHomePageActions.java:15)
at pages.actions.CarsGuideHomePageActions.<init>(CarsGuideHomePageActions.java:15)
at pages.actions.CarsGuideHomePageActions.<init>(CarsGuideHomePageActions.java:15)
at pages.actions.CarsGuideHomePageActions.<init>(CarsGuideHomePageActions.java:15)
at pages.actions.CarsGuideHomePageActions.<init>(CarsGuideHomePageActions.java:15)
at pages.actions.CarsGuideHomePageActions.<init>(CarsGuideHomePageActions.java:15)
at pages.actions.CarsGuideHomePageActions.<init>(CarsGuideHomePageActions.java:15)
at pages.actions.CarsGuideHomePageActions.<init>(CarsGuideHomePageActions.java:15)
at pages.actions.CarsGuideHomePageActions.<init>(CarsGuideHomePageActions.java:15)
at pages.actions.CarsGuideHomePageActions.<init>(CarsGuideHomePageActions.java:15)
at pages.actions.CarsGuideHomePageActions.<init>(CarsGuideHomePageActions.java:15)
at pages.actions.CarsGuideHomePageActions.<init>(CarsGuideHomePageActions.java:15)
at pages.actions.CarsGuideHomePageActions.<init>(CarsGuideHomePageActions.java:15)
at pages.actions.CarsGuideHomePageActions.<init>(CarsGuideHomePageActions.java:15)
at pages.actions.CarsGuideHomePageActions.<init>(CarsGuideHomePageActions.java:15)
at pages.actions.CarsGuideHomePageActions.<init>(CarsGuideHomePageActions.java:15)
at pages.actions.CarsGuideHomePageActions.<init>(CarsGuideHomePageActions.java:15)
at pages.actions.CarsGuideHomePageActions.<init>(CarsGuideHomePageActions.java:15)
at pages.actions.CarsGuideHomePageActions.<init>(CarsGuideHomePageActions.java:15)
at pages.actions.CarsGuideHomePageActions.<init>(CarsGuideHomePageActions.java:15)
at pages.actions.CarsGuideHomePageActions.<init>(CarsGuideHomePageActions.java:15)
at pages.actions.CarsGuideHomePageActions.<init>(CarsGuideHomePageActions.java:15)
at pages.actions.CarsGuideHomePageActions.<init>(CarsGuideHomePageActions.java:15)
at pages.actions.CarsGuideHomePageActions.<init>(CarsGuideHomePageActions.java:15)
at pages.actions.CarsGuideHomePageActions.<init>(CarsGuideHomePageActions.java:15)
at pages.actions.CarsGuideHomePageActions.<init>(CarsGuideHomePageActions.java:15)
at pages.actions.CarsGuideHomePageActions.<init>(CarsGuideHomePageActions.java:15)
at pages.actions.CarsGuideHomePageActions.<init>(CarsGuideHomePageActions.java:15)
at pages.actions.CarsGuideHomePageActions.<init>(CarsGuideHomePageActions.java:15)
at pages.actions.CarsGuideHomePageActions.<init>(CarsGuideHomePageActions.java:15)
at pages.actions.CarsGuideHomePageActions.<init>(CarsGuideHomePageActions.java:15)
at pages.actions.CarsGuideHomePageActions.<init>(CarsGuideHomePageActions.java:15)
at pages.actions.CarsGuideHomePageActions.<init>(CarsGuideHomePageActions.java:15)
at pages.actions.CarsGuideHomePageActions.<init>(CarsGuideHomePageActions.java:15)
at pages.actions.CarsGuideHomePageActions.<init>(CarsGuideHomePageActions.java:15)
at pages.actions.CarsGuideHomePageActions.<init>(CarsGuideHomePageActions.java:15)
at pages.actions.CarsGuideHomePageActions.<init>(CarsGuideHomePageActions.java:15)
at pages.actions.CarsGuideHomePageActions.<init>(CarsGuideHomePageActions.java:15)
at pages.actions.CarsGuideHomePageActions.<init>(CarsGuideHomePageActions.java:15)
at pages.actions.CarsGuideHomePageActions.<init>(CarsGuideHomePageActions.java:15)
at pages.actions.CarsGuideHomePageActions.<init>(CarsGuideHomePageActions.java:15)
at pages.actions.CarsGuideHomePageActions.<init>(CarsGuideHomePageActions.java:15)
at pages.actions.CarsGuideHomePageActions.<init>(CarsGuideHomePageActions.java:15)
at pages.actions.CarsGuideHomePageActions.<init>(CarsGuideHomePageActions.java:15)
at pages.actions.CarsGuideHomePageActions.<init>(CarsGuideHomePageActions.java:15)
at pages.actions.CarsGuideHomePageActions.<init>(CarsGuideHomePageActions.java:15)
at pages.actions.CarsGuideHomePageActions.<init>(CarsGuideHomePageActions.java:15)
at pages.actions.CarsGuideHomePageActions.<init>(CarsGuideHomePageActions.java:15)
at pages.actions.CarsGuideHomePageActions.<init>(CarsGuideHomePageActions.java:15)
at pages.actions.CarsGuideHomePageActions.<init>(CarsGuideHomePageActions.java:15)
at pages.actions.CarsGuideHomePageActions.<init>(CarsGuideHomePageActions.java:15)
at pages.actions.CarsGuideHomePageActions.<init>(CarsGuideHomePageActions.java:15)
at ✽.Given I am on the Home Page "https://www.carsguide.com.au" of CarsGuide Website(SearchCars.feature:9)
]]>
            </full-stacktrace>
          </exception> <!-- cucumber.runtime.CucumberException -->
          <reporter-output>
          </reporter-output>
        </test-method> <!-- feature -->
        <test-method status="PASS" signature="tearDownClass()[pri:0, instance:runners.PositiveTest@1e127982]" name="tearDownClass" is-config="true" duration-ms="660" started-at="2018-11-26T13:43:51Z" finished-at="2018-11-26T13:43:51Z">
          <reporter-output>
          </reporter-output>
        </test-method> <!-- tearDownClass -->
      </class> <!-- runners.PositiveTest -->
    </test> <!-- Test -->
  </suite> <!-- Suite -->
</testng-results>
