<?xml version="1.0" encoding="UTF-8"?>
<!-- Generated by org.testng.reporters.JUnitXMLReporter -->
<testsuite hostname="LAPTOP-6QNGAEU6" ignored="0" name="Test" tests="1" failures="1" timestamp="26 Nov 2018 13:43:52 GMT" time="14.389" errors="0">
  <testcase name="feature" time="12.422" classname="cucumber.api.testng.AbstractTestNGCucumberTests">
    <failure type="cucumber.runtime.CucumberException" message="java.lang.StackOverflowError">
      <![CDATA[cucumber.runtime.CucumberException: java.lang.StackOverflowError
at cucumber.api.testng.TestNGCucumberRunner.runCucumber(TestNGCucumberRunner.java:69)
at cucumber.api.testng.AbstractTestNGCucumberTests.feature(AbstractTestNGCucumberTests.java:21)
Caused by: java.lang.StackOverflowError
at pages.actions.CarsGuideHomePageActions.<init>(CarsGuideHomePageActions.java:15)
at pages.actions.CarsGuideHomePageActions.<init>(CarsGuideHomePageActions.java:15)
at pages.actions.CarsGuideHomePageActions.<init>(CarsGuideHomePageActions.java:15)
at pages.actions.CarsGuideHomePageActions.<init>(CarsGuideHomePageActions.java:15)
at pages.actions.CarsGuideHomePageActions.<init>(CarsGuideHomePageActions.java:15)
at pages.actions.CarsGuideHomePageActions.<init>(CarsGuideHomePageActions.java:15)
at pages.actions.CarsGuideHomePageActions.<init>(CarsGuideHomePageActions.java:15)
at pages.actions.CarsGuideHomePageActions.<init>(CarsGuideHomePageActions.java:15)
at pages.actions.CarsGuideHomePageActions.<init>(CarsGuideHomePageActions.java:15)
at pages.actions.CarsGuideHomePageActions.<init>(CarsGuideHomePageActions.java:15)
at pages.actions.CarsGuideHomePageActions.<init>(CarsGuideHomePageActions.java:15)
at pages.actions.CarsGuideHomePageActions.<init>(CarsGuideHomePageActions.java:15)
at pages.actions.CarsGuideHomePageActions.<init>(CarsGuideHomePageActions.java:15)
at pages.actions.CarsGuideHomePageActions.<init>(CarsGuideHomePageActions.java:15)
at pages.actions.CarsGuideHomePageActions.<init>(CarsGuideHomePageActions.java:15)
at pages.actions.CarsGuideHomePageActions.<init>(CarsGuideHomePageActions.java:15)
at pages.actions.CarsGuideHomePageActions.<init>(CarsGuideHomePageActions.java:15)
at pages.actions.CarsGuideHomePageActions.<init>(CarsGuideHomePageActions.java:15)
at pages.actions.CarsGuideHomePageActions.<init>(CarsGuideHomePageActions.java:15)
at pages.actions.CarsGuideHomePageActions.<init>(CarsGuideHomePageActions.java:15)
at pages.actions.CarsGuideHomePageActions.<init>(CarsGuideHomePageActions.java:15)
at pages.actions.CarsGuideHomePageActions.<init>(CarsGuideHomePageActions.java:15)
at pages.actions.CarsGuideHomePageActions.<init>(CarsGuideHomePageActions.java:15)
at pages.actions.CarsGuideHomePageActions.<init>(CarsGuideHomePageActions.java:15)
at pages.actions.CarsGuideHomePageActions.<init>(CarsGuideHomePageActions.java:15)
at pages.actions.CarsGuideHomePageActions.<init>(CarsGuideHomePageActions.java:15)
at pages.actions.CarsGuideHomePageActions.<init>(CarsGuideHomePageActions.java:15)
at pages.actions.CarsGuideHomePageActions.<init>(CarsGuideHomePageActions.java:15)
at pages.actions.CarsGuideHomePageActions.<init>(CarsGuideHomePageActions.java:15)
at pages.actions.CarsGuideHomePageActions.<init>(CarsGuideHomePageActions.java:15)
at pages.actions.CarsGuideHomePageActions.<init>(CarsGuideHomePageActions.java:15)
at pages.actions.CarsGuideHomePageActions.<init>(CarsGuideHomePageActions.java:15)
at pages.actions.CarsGuideHomePageActions.<init>(CarsGuideHomePageActions.java:15)
at pages.actions.CarsGuideHomePageActions.<init>(CarsGuideHomePageActions.java:15)
at pages.actions.CarsGuideHomePageActions.<init>(CarsGuideHomePageActions.java:15)
at pages.actions.CarsGuideHomePageActions.<init>(CarsGuideHomePageActions.java:15)
at pages.actions.CarsGuideHomePageActions.<init>(CarsGuideHomePageActions.java:15)
at pages.actions.CarsGuideHomePageActions.<init>(CarsGuideHomePageActions.java:15)
at pages.actions.CarsGuideHomePageActions.<init>(CarsGuideHomePageActions.java:15)
at pages.actions.CarsGuideHomePageActions.<init>(CarsGuideHomePageActions.java:15)
at pages.actions.CarsGuideHomePageActions.<init>(CarsGuideHomePageActions.java:15)
at pages.actions.CarsGuideHomePageActions.<init>(CarsGuideHomePageActions.java:15)
at pages.actions.CarsGuideHomePageActions.<init>(CarsGuideHomePageActions.java:15)
at pages.actions.CarsGuideHomePageActions.<init>(CarsGuideHomePageActions.java:15)
at pages.actions.CarsGuideHomePageActions.<init>(CarsGuideHomePageActions.java:15)
at pages.actions.CarsGuideHomePageActions.<init>(CarsGuideHomePageActions.java:15)
at pages.actions.CarsGuideHomePageActions.<init>(CarsGuideHomePageActions.java:15)
at pages.actions.CarsGuideHomePageActions.<init>(CarsGuideHomePageActions.java:15)
at pages.actions.CarsGuideHomePageActions.<init>(CarsGuideHomePageActions.java:15)
at pages.actions.CarsGuideHomePageActions.<init>(CarsGuideHomePageActions.java:15)
at pages.actions.CarsGuideHomePageActions.<init>(CarsGuideHomePageActions.java:15)
at pages.actions.CarsGuideHomePageActions.<init>(CarsGuideHomePageActions.java:15)
at pages.actions.CarsGuideHomePageActions.<init>(CarsGuideHomePageActions.java:15)
at pages.actions.CarsGuideHomePageActions.<init>(CarsGuideHomePageActions.java:15)
at pages.actions.CarsGuideHomePageActions.<init>(CarsGuideHomePageActions.java:15)
at pages.actions.CarsGuideHomePageActions.<init>(CarsGuideHomePageActions.java:15)
at pages.actions.CarsGuideHomePageActions.<init>(CarsGuideHomePageActions.java:15)
at pages.actions.CarsGuideHomePageActions.<init>(CarsGuideHomePageActions.java:15)
at pages.actions.CarsGuideHomePageActions.<init>(CarsGuideHomePageActions.java:15)
at pages.actions.CarsGuideHomePageActions.<init>(CarsGuideHomePageActions.java:15)
at pages.actions.CarsGuideHomePageActions.<init>(CarsGuideHomePageActions.java:15)
at pages.actions.CarsGuideHomePageActions.<init>(CarsGuideHomePageActions.java:15)
at pages.actions.CarsGuideHomePageActions.<init>(CarsGuideHomePageActions.java:15)
at pages.actions.CarsGuideHomePageActions.<init>(CarsGuideHomePageActions.java:15)
at pages.actions.CarsGuideHomePageActions.<init>(CarsGuideHomePageActions.java:15)
at pages.actions.CarsGuideHomePageActions.<init>(CarsGuideHomePageActions.java:15)
at pages.actions.CarsGuideHomePageActions.<init>(CarsGuideHomePageActions.java:15)
at pages.actions.CarsGuideHomePageActions.<init>(CarsGuideHomePageActions.java:15)
at pages.actions.CarsGuideHomePageActions.<init>(CarsGuideHomePageActions.java:15)
at pages.actions.CarsGuideHomePageActions.<init>(CarsGuideHomePageActions.java:15)
at pages.actions.CarsGuideHomePageActions.<init>(CarsGuideHomePageActions.java:15)
at pages.actions.CarsGuideHomePageActions.<init>(CarsGuideHomePageActions.java:15)
at pages.actions.CarsGuideHomePageActions.<init>(CarsGuideHomePageActions.java:15)
at pages.actions.CarsGuideHomePageActions.<init>(CarsGuideHomePageActions.java:15)
at pages.actions.CarsGuideHomePageActions.<init>(CarsGuideHomePageActions.java:15)
at pages.actions.CarsGuideHomePageActions.<init>(CarsGuideHomePageActions.java:15)
at pages.actions.CarsGuideHomePageActions.<init>(CarsGuideHomePageActions.java:15)
at pages.actions.CarsGuideHomePageActions.<init>(CarsGuideHomePageActions.java:15)
at pages.actions.CarsGuideHomePageActions.<init>(CarsGuideHomePageActions.java:15)
at pages.actions.CarsGuideHomePageActions.<init>(CarsGuideHomePageActions.java:15)
at pages.actions.CarsGuideHomePageActions.<init>(CarsGuideHomePageActions.java:15)
at pages.actions.CarsGuideHomePageActions.<init>(CarsGuideHomePageActions.java:15)
at pages.actions.CarsGuideHomePageActions.<init>(CarsGuideHomePageActions.java:15)
at pages.actions.CarsGuideHomePageActions.<init>(CarsGuideHomePageActions.java:15)
at pages.actions.CarsGuideHomePageActions.<init>(CarsGuideHomePageActions.java:15)
at pages.actions.CarsGuideHomePageActions.<init>(CarsGuideHomePageActions.java:15)
at pages.actions.CarsGuideHomePageActions.<init>(CarsGuideHomePageActions.java:15)
at pages.actions.CarsGuideHomePageActions.<init>(CarsGuideHomePageActions.java:15)
at pages.actions.CarsGuideHomePageActions.<init>(CarsGuideHomePageActions.java:15)
at pages.actions.CarsGuideHomePageActions.<init>(CarsGuideHomePageActions.java:15)
at pages.actions.CarsGuideHomePageActions.<init>(CarsGuideHomePageActions.java:15)
at pages.actions.CarsGuideHomePageActions.<init>(CarsGuideHomePageActions.java:15)
at pages.actions.CarsGuideHomePageActions.<init>(CarsGuideHomePageActions.java:15)
at pages.actions.CarsGuideHomePageActions.<init>(CarsGuideHomePageActions.java:15)
at pages.actions.CarsGuideHomePageActions.<init>(CarsGuideHomePageActions.java:15)
at pages.actions.CarsGuideHomePageActions.<init>(CarsGuideHomePageActions.java:15)
at pages.actions.CarsGuideHomePageActions.<init>(CarsGuideHomePageActions.java:15)
at pages.actions.CarsGuideHomePageActions.<init>(CarsGuideHomePageActions.java:15)
at pages.actions.CarsGuideHomePageActions.<init>(CarsGuideHomePageActions.java:15)
at pages.actions.CarsGuideHomePageActions.<init>(CarsGuideHomePageActions.java:15)
at pages.actions.CarsGuideHomePageActions.<init>(CarsGuideHomePageActions.java:15)
at pages.actions.CarsGuideHomePageActions.<init>(CarsGuideHomePageActions.java:15)
at pages.actions.CarsGuideHomePageActions.<init>(CarsGuideHomePageActions.java:15)
at pages.actions.CarsGuideHomePageActions.<init>(CarsGuideHomePageActions.java:15)
at pages.actions.CarsGuideHomePageActions.<init>(CarsGuideHomePageActions.java:15)
at pages.actions.CarsGuideHomePageActions.<init>(CarsGuideHomePageActions.java:15)
at pages.actions.CarsGuideHomePageActions.<init>(CarsGuideHomePageActions.java:15)
at pages.actions.CarsGuideHomePageActions.<init>(CarsGuideHomePageActions.java:15)
at pages.actions.CarsGuideHomePageActions.<init>(CarsGuideHomePageActions.java:15)
at pages.actions.CarsGuideHomePageActions.<init>(CarsGuideHomePageActions.java:15)
at pages.actions.CarsGuideHomePageActions.<init>(CarsGuideHomePageActions.java:15)
at pages.actions.CarsGuideHomePageActions.<init>(CarsGuideHomePageActions.java:15)
at pages.actions.CarsGuideHomePageActions.<init>(CarsGuideHomePageActions.java:15)
at pages.actions.CarsGuideHomePageActions.<init>(CarsGuideHomePageActions.java:15)
at pages.actions.CarsGuideHomePageActions.<init>(CarsGuideHomePageActions.java:15)
at pages.actions.CarsGuideHomePageActions.<init>(CarsGuideHomePageActions.java:15)
at pages.actions.CarsGuideHomePageActions.<init>(CarsGuideHomePageActions.java:15)
at pages.actions.CarsGuideHomePageActions.<init>(CarsGuideHomePageActions.java:15)
at pages.actions.CarsGuideHomePageActions.<init>(CarsGuideHomePageActions.java:15)
at pages.actions.CarsGuideHomePageActions.<init>(CarsGuideHomePageActions.java:15)
at pages.actions.CarsGuideHomePageActions.<init>(CarsGuideHomePageActions.java:15)
at pages.actions.CarsGuideHomePageActions.<init>(CarsGuideHomePageActions.java:15)
at pages.actions.CarsGuideHomePageActions.<init>(CarsGuideHomePageActions.java:15)
at pages.actions.CarsGuideHomePageActions.<init>(CarsGuideHomePageActions.java:15)
at pages.actions.CarsGuideHomePageActions.<init>(CarsGuideHomePageActions.java:15)
at pages.actions.CarsGuideHomePageActions.<init>(CarsGuideHomePageActions.java:15)
at pages.actions.CarsGuideHomePageActions.<init>(CarsGuideHomePageActions.java:15)
at pages.actions.CarsGuideHomePageActions.<init>(CarsGuideHomePageActions.java:15)
at pages.actions.CarsGuideHomePageActions.<init>(CarsGuideHomePageActions.java:15)
at pages.actions.CarsGuideHomePageActions.<init>(CarsGuideHomePageActions.java:15)
at pages.actions.CarsGuideHomePageActions.<init>(CarsGuideHomePageActions.java:15)
at pages.actions.CarsGuideHomePageActions.<init>(CarsGuideHomePageActions.java:15)
at pages.actions.CarsGuideHomePageActions.<init>(CarsGuideHomePageActions.java:15)
at pages.actions.CarsGuideHomePageActions.<init>(CarsGuideHomePageActions.java:15)
at pages.actions.CarsGuideHomePageActions.<init>(CarsGuideHomePageActions.java:15)
at pages.actions.CarsGuideHomePageActions.<init>(CarsGuideHomePageActions.java:15)
at pages.actions.CarsGuideHomePageActions.<init>(CarsGuideHomePageActions.java:15)
at pages.actions.CarsGuideHomePageActions.<init>(CarsGuideHomePageActions.java:15)
at pages.actions.CarsGuideHomePageActions.<init>(CarsGuideHomePageActions.java:15)
at pages.actions.CarsGuideHomePageActions.<init>(CarsGuideHomePageActions.java:15)
at pages.actions.CarsGuideHomePageActions.<init>(CarsGuideHomePageActions.java:15)
at pages.actions.CarsGuideHomePageActions.<init>(CarsGuideHomePageActions.java:15)
at pages.actions.CarsGuideHomePageActions.<init>(CarsGuideHomePageActions.java:15)
at pages.actions.CarsGuideHomePageActions.<init>(CarsGuideHomePageActions.java:15)
at pages.actions.CarsGuideHomePageActions.<init>(CarsGuideHomePageActions.java:15)
at pages.actions.CarsGuideHomePageActions.<init>(CarsGuideHomePageActions.java:15)
at pages.actions.CarsGuideHomePageActions.<init>(CarsGuideHomePageActions.java:15)
at pages.actions.CarsGuideHomePageActions.<init>(CarsGuideHomePageActions.java:15)
at pages.actions.CarsGuideHomePageActions.<init>(CarsGuideHomePageActions.java:15)
at pages.actions.CarsGuideHomePageActions.<init>(CarsGuideHomePageActions.java:15)
at pages.actions.CarsGuideHomePageActions.<init>(CarsGuideHomePageActions.java:15)
at pages.actions.CarsGuideHomePageActions.<init>(CarsGuideHomePageActions.java:15)
at pages.actions.CarsGuideHomePageActions.<init>(CarsGuideHomePageActions.java:15)
at pages.actions.CarsGuideHomePageActions.<init>(CarsGuideHomePageActions.java:15)
at pages.actions.CarsGuideHomePageActions.<init>(CarsGuideHomePageActions.java:15)
at pages.actions.CarsGuideHomePageActions.<init>(CarsGuideHomePageActions.java:15)
at pages.actions.CarsGuideHomePageActions.<init>(CarsGuideHomePageActions.java:15)
at pages.actions.CarsGuideHomePageActions.<init>(CarsGuideHomePageActions.java:15)
at pages.actions.CarsGuideHomePageActions.<init>(CarsGuideHomePageActions.java:15)
at pages.actions.CarsGuideHomePageActions.<init>(CarsGuideHomePageActions.java:15)
at pages.actions.CarsGuideHomePageActions.<init>(CarsGuideHomePageActions.java:15)
at pages.actions.CarsGuideHomePageActions.<init>(CarsGuideHomePageActions.java:15)
at pages.actions.CarsGuideHomePageActions.<init>(CarsGuideHomePageActions.java:15)
at pages.actions.CarsGuideHomePageActions.<init>(CarsGuideHomePageActions.java:15)
at pages.actions.CarsGuideHomePageActions.<init>(CarsGuideHomePageActions.java:15)
at pages.actions.CarsGuideHomePageActions.<init>(CarsGuideHomePageActions.java:15)
at pages.actions.CarsGuideHomePageActions.<init>(CarsGuideHomePageActions.java:15)
at pages.actions.CarsGuideHomePageActions.<init>(CarsGuideHomePageActions.java:15)
at pages.actions.CarsGuideHomePageActions.<init>(CarsGuideHomePageActions.java:15)
at pages.actions.CarsGuideHomePageActions.<init>(CarsGuideHomePageActions.java:15)
at pages.actions.CarsGuideHomePageActions.<init>(CarsGuideHomePageActions.java:15)
at pages.actions.CarsGuideHomePageActions.<init>(CarsGuideHomePageActions.java:15)
at pages.actions.CarsGuideHomePageActions.<init>(CarsGuideHomePageActions.java:15)
at pages.actions.CarsGuideHomePageActions.<init>(CarsGuideHomePageActions.java:15)
at pages.actions.CarsGuideHomePageActions.<init>(CarsGuideHomePageActions.java:15)
at pages.actions.CarsGuideHomePageActions.<init>(CarsGuideHomePageActions.java:15)
at pages.actions.CarsGuideHomePageActions.<init>(CarsGuideHomePageActions.java:15)
at pages.actions.CarsGuideHomePageActions.<init>(CarsGuideHomePageActions.java:15)
at pages.actions.CarsGuideHomePageActions.<init>(CarsGuideHomePageActions.java:15)
at pages.actions.CarsGuideHomePageActions.<init>(CarsGuideHomePageActions.java:15)
at pages.actions.CarsGuideHomePageActions.<init>(CarsGuideHomePageActions.java:15)
at pages.actions.CarsGuideHomePageActions.<init>(CarsGuideHomePageActions.java:15)
at pages.actions.CarsGuideHomePageActions.<init>(CarsGuideHomePageActions.java:15)
at pages.actions.CarsGuideHomePageActions.<init>(CarsGuideHomePageActions.java:15)
at pages.actions.CarsGuideHomePageActions.<init>(CarsGuideHomePageActions.java:15)
at pages.actions.CarsGuideHomePageActions.<init>(CarsGuideHomePageActions.java:15)
at pages.actions.CarsGuideHomePageActions.<init>(CarsGuideHomePageActions.java:15)
at pages.actions.CarsGuideHomePageActions.<init>(CarsGuideHomePageActions.java:15)
at pages.actions.CarsGuideHomePageActions.<init>(CarsGuideHomePageActions.java:15)
at pages.actions.CarsGuideHomePageActions.<init>(CarsGuideHomePageActions.java:15)
at pages.actions.CarsGuideHomePageActions.<init>(CarsGuideHomePageActions.java:15)
at pages.actions.CarsGuideHomePageActions.<init>(CarsGuideHomePageActions.java:15)
at pages.actions.CarsGuideHomePageActions.<init>(CarsGuideHomePageActions.java:15)
at pages.actions.CarsGuideHomePageActions.<init>(CarsGuideHomePageActions.java:15)
at pages.actions.CarsGuideHomePageActions.<init>(CarsGuideHomePageActions.java:15)
at pages.actions.CarsGuideHomePageActions.<init>(CarsGuideHomePageActions.java:15)
at pages.actions.CarsGuideHomePageActions.<init>(CarsGuideHomePageActions.java:15)
at pages.actions.CarsGuideHomePageActions.<init>(CarsGuideHomePageActions.java:15)
at pages.actions.CarsGuideHomePageActions.<init>(CarsGuideHomePageActions.java:15)
at pages.actions.CarsGuideHomePageActions.<init>(CarsGuideHomePageActions.java:15)
at pages.actions.CarsGuideHomePageActions.<init>(CarsGuideHomePageActions.java:15)
at pages.actions.CarsGuideHomePageActions.<init>(CarsGuideHomePageActions.java:15)
at pages.actions.CarsGuideHomePageActions.<init>(CarsGuideHomePageActions.java:15)
at pages.actions.CarsGuideHomePageActions.<init>(CarsGuideHomePageActions.java:15)
at pages.actions.CarsGuideHomePageActions.<init>(CarsGuideHomePageActions.java:15)
at pages.actions.CarsGuideHomePageActions.<init>(CarsGuideHomePageActions.java:15)
at pages.actions.CarsGuideHomePageActions.<init>(CarsGuideHomePageActions.java:15)
at pages.actions.CarsGuideHomePageActions.<init>(CarsGuideHomePageActions.java:15)
at pages.actions.CarsGuideHomePageActions.<init>(CarsGuideHomePageActions.java:15)
at pages.actions.CarsGuideHomePageActions.<init>(CarsGuideHomePageActions.java:15)
at pages.actions.CarsGuideHomePageActions.<init>(CarsGuideHomePageActions.java:15)
at pages.actions.CarsGuideHomePageActions.<init>(CarsGuideHomePageActions.java:15)
at pages.actions.CarsGuideHomePageActions.<init>(CarsGuideHomePageActions.java:15)
at pages.actions.CarsGuideHomePageActions.<init>(CarsGuideHomePageActions.java:15)
at pages.actions.CarsGuideHomePageActions.<init>(CarsGuideHomePageActions.java:15)
at pages.actions.CarsGuideHomePageActions.<init>(CarsGuideHomePageActions.java:15)
at pages.actions.CarsGuideHomePageActions.<init>(CarsGuideHomePageActions.java:15)
at pages.actions.CarsGuideHomePageActions.<init>(CarsGuideHomePageActions.java:15)
at pages.actions.CarsGuideHomePageActions.<init>(CarsGuideHomePageActions.java:15)
at pages.actions.CarsGuideHomePageActions.<init>(CarsGuideHomePageActions.java:15)
at pages.actions.CarsGuideHomePageActions.<init>(CarsGuideHomePageActions.java:15)
at pages.actions.CarsGuideHomePageActions.<init>(CarsGuideHomePageActions.java:15)
at pages.actions.CarsGuideHomePageActions.<init>(CarsGuideHomePageActions.java:15)
at pages.actions.CarsGuideHomePageActions.<init>(CarsGuideHomePageActions.java:15)
at pages.actions.CarsGuideHomePageActions.<init>(CarsGuideHomePageActions.java:15)
at pages.actions.CarsGuideHomePageActions.<init>(CarsGuideHomePageActions.java:15)
at pages.actions.CarsGuideHomePageActions.<init>(CarsGuideHomePageActions.java:15)
at pages.actions.CarsGuideHomePageActions.<init>(CarsGuideHomePageActions.java:15)
at pages.actions.CarsGuideHomePageActions.<init>(CarsGuideHomePageActions.java:15)
at pages.actions.CarsGuideHomePageActions.<init>(CarsGuideHomePageActions.java:15)
at pages.actions.CarsGuideHomePageActions.<init>(CarsGuideHomePageActions.java:15)
at pages.actions.CarsGuideHomePageActions.<init>(CarsGuideHomePageActions.java:15)
at pages.actions.CarsGuideHomePageActions.<init>(CarsGuideHomePageActions.java:15)
at pages.actions.CarsGuideHomePageActions.<init>(CarsGuideHomePageActions.java:15)
at pages.actions.CarsGuideHomePageActions.<init>(CarsGuideHomePageActions.java:15)
at pages.actions.CarsGuideHomePageActions.<init>(CarsGuideHomePageActions.java:15)
at pages.actions.CarsGuideHomePageActions.<init>(CarsGuideHomePageActions.java:15)
at pages.actions.CarsGuideHomePageActions.<init>(CarsGuideHomePageActions.java:15)
at pages.actions.CarsGuideHomePageActions.<init>(CarsGuideHomePageActions.java:15)
at pages.actions.CarsGuideHomePageActions.<init>(CarsGuideHomePageActions.java:15)
at pages.actions.CarsGuideHomePageActions.<init>(CarsGuideHomePageActions.java:15)
at pages.actions.CarsGuideHomePageActions.<init>(CarsGuideHomePageActions.java:15)
at pages.actions.CarsGuideHomePageActions.<init>(CarsGuideHomePageActions.java:15)
at pages.actions.CarsGuideHomePageActions.<init>(CarsGuideHomePageActions.java:15)
at pages.actions.CarsGuideHomePageActions.<init>(CarsGuideHomePageActions.java:15)
at pages.actions.CarsGuideHomePageActions.<init>(CarsGuideHomePageActions.java:15)
at pages.actions.CarsGuideHomePageActions.<init>(CarsGuideHomePageActions.java:15)
at pages.actions.CarsGuideHomePageActions.<init>(CarsGuideHomePageActions.java:15)
at pages.actions.CarsGuideHomePageActions.<init>(CarsGuideHomePageActions.java:15)
at pages.actions.CarsGuideHomePageActions.<init>(CarsGuideHomePageActions.java:15)
at pages.actions.CarsGuideHomePageActions.<init>(CarsGuideHomePageActions.java:15)
at pages.actions.CarsGuideHomePageActions.<init>(CarsGuideHomePageActions.java:15)
at pages.actions.CarsGuideHomePageActions.<init>(CarsGuideHomePageActions.java:15)
at pages.actions.CarsGuideHomePageActions.<init>(CarsGuideHomePageActions.java:15)
at pages.actions.CarsGuideHomePageActions.<init>(CarsGuideHomePageActions.java:15)
at pages.actions.CarsGuideHomePageActions.<init>(CarsGuideHomePageActions.java:15)
at pages.actions.CarsGuideHomePageActions.<init>(CarsGuideHomePageActions.java:15)
at pages.actions.CarsGuideHomePageActions.<init>(CarsGuideHomePageActions.java:15)
at pages.actions.CarsGuideHomePageActions.<init>(CarsGuideHomePageActions.java:15)
at pages.actions.CarsGuideHomePageActions.<init>(CarsGuideHomePageActions.java:15)
at pages.actions.CarsGuideHomePageActions.<init>(CarsGuideHomePageActions.java:15)
at pages.actions.CarsGuideHomePageActions.<init>(CarsGuideHomePageActions.java:15)
at pages.actions.CarsGuideHomePageActions.<init>(CarsGuideHomePageActions.java:15)
at pages.actions.CarsGuideHomePageActions.<init>(CarsGuideHomePageActions.java:15)
at pages.actions.CarsGuideHomePageActions.<init>(CarsGuideHomePageActions.java:15)
at pages.actions.CarsGuideHomePageActions.<init>(CarsGuideHomePageActions.java:15)
at pages.actions.CarsGuideHomePageActions.<init>(CarsGuideHomePageActions.java:15)
at pages.actions.CarsGuideHomePageActions.<init>(CarsGuideHomePageActions.java:15)
at pages.actions.CarsGuideHomePageActions.<init>(CarsGuideHomePageActions.java:15)
at pages.actions.CarsGuideHomePageActions.<init>(CarsGuideHomePageActions.java:15)
at pages.actions.CarsGuideHomePageActions.<init>(CarsGuideHomePageActions.java:15)
at pages.actions.CarsGuideHomePageActions.<init>(CarsGuideHomePageActions.java:15)
at pages.actions.CarsGuideHomePageActions.<init>(CarsGuideHomePageActions.java:15)
at pages.actions.CarsGuideHomePageActions.<init>(CarsGuideHomePageActions.java:15)
at pages.actions.CarsGuideHomePageActions.<init>(CarsGuideHomePageActions.java:15)
at pages.actions.CarsGuideHomePageActions.<init>(CarsGuideHomePageActions.java:15)
at pages.actions.CarsGuideHomePageActions.<init>(CarsGuideHomePageActions.java:15)
at pages.actions.CarsGuideHomePageActions.<init>(CarsGuideHomePageActions.java:15)
at pages.actions.CarsGuideHomePageActions.<init>(CarsGuideHomePageActions.java:15)
at pages.actions.CarsGuideHomePageActions.<init>(CarsGuideHomePageActions.java:15)
at pages.actions.CarsGuideHomePageActions.<init>(CarsGuideHomePageActions.java:15)
at pages.actions.CarsGuideHomePageActions.<init>(CarsGuideHomePageActions.java:15)
at pages.actions.CarsGuideHomePageActions.<init>(CarsGuideHomePageActions.java:15)
at pages.actions.CarsGuideHomePageActions.<init>(CarsGuideHomePageActions.java:15)
at pages.actions.CarsGuideHomePageActions.<init>(CarsGuideHomePageActions.java:15)
at pages.actions.CarsGuideHomePageActions.<init>(CarsGuideHomePageActions.java:15)
at pages.actions.CarsGuideHomePageActions.<init>(CarsGuideHomePageActions.java:15)
at pages.actions.CarsGuideHomePageActions.<init>(CarsGuideHomePageActions.java:15)
at pages.actions.CarsGuideHomePageActions.<init>(CarsGuideHomePageActions.java:15)
at pages.actions.CarsGuideHomePageActions.<init>(CarsGuideHomePageActions.java:15)
at pages.actions.CarsGuideHomePageActions.<init>(CarsGuideHomePageActions.java:15)
at pages.actions.CarsGuideHomePageActions.<init>(CarsGuideHomePageActions.java:15)
at pages.actions.CarsGuideHomePageActions.<init>(CarsGuideHomePageActions.java:15)
at pages.actions.CarsGuideHomePageActions.<init>(CarsGuideHomePageActions.java:15)
at pages.actions.CarsGuideHomePageActions.<init>(CarsGuideHomePageActions.java:15)
at pages.actions.CarsGuideHomePageActions.<init>(CarsGuideHomePageActions.java:15)
at pages.actions.CarsGuideHomePageActions.<init>(CarsGuideHomePageActions.java:15)
at pages.actions.CarsGuideHomePageActions.<init>(CarsGuideHomePageActions.java:15)
at pages.actions.CarsGuideHomePageActions.<init>(CarsGuideHomePageActions.java:15)
at pages.actions.CarsGuideHomePageActions.<init>(CarsGuideHomePageActions.java:15)
at pages.actions.CarsGuideHomePageActions.<init>(CarsGuideHomePageActions.java:15)
at pages.actions.CarsGuideHomePageActions.<init>(CarsGuideHomePageActions.java:15)
at pages.actions.CarsGuideHomePageActions.<init>(CarsGuideHomePageActions.java:15)
at pages.actions.CarsGuideHomePageActions.<init>(CarsGuideHomePageActions.java:15)
at pages.actions.CarsGuideHomePageActions.<init>(CarsGuideHomePageActions.java:15)
at pages.actions.CarsGuideHomePageActions.<init>(CarsGuideHomePageActions.java:15)
at pages.actions.CarsGuideHomePageActions.<init>(CarsGuideHomePageActions.java:15)
at pages.actions.CarsGuideHomePageActions.<init>(CarsGuideHomePageActions.java:15)
at pages.actions.CarsGuideHomePageActions.<init>(CarsGuideHomePageActions.java:15)
at pages.actions.CarsGuideHomePageActions.<init>(CarsGuideHomePageActions.java:15)
at pages.actions.CarsGuideHomePageActions.<init>(CarsGuideHomePageActions.java:15)
at pages.actions.CarsGuideHomePageActions.<init>(CarsGuideHomePageActions.java:15)
at pages.actions.CarsGuideHomePageActions.<init>(CarsGuideHomePageActions.java:15)
at pages.actions.CarsGuideHomePageActions.<init>(CarsGuideHomePageActions.java:15)
at pages.actions.CarsGuideHomePageActions.<init>(CarsGuideHomePageActions.java:15)
at pages.actions.CarsGuideHomePageActions.<init>(CarsGuideHomePageActions.java:15)
at pages.actions.CarsGuideHomePageActions.<init>(CarsGuideHomePageActions.java:15)
at pages.actions.CarsGuideHomePageActions.<init>(CarsGuideHomePageActions.java:15)
at pages.actions.CarsGuideHomePageActions.<init>(CarsGuideHomePageActions.java:15)
at pages.actions.CarsGuideHomePageActions.<init>(CarsGuideHomePageActions.java:15)
at pages.actions.CarsGuideHomePageActions.<init>(CarsGuideHomePageActions.java:15)
at pages.actions.CarsGuideHomePageActions.<init>(CarsGuideHomePageActions.java:15)
at pages.actions.CarsGuideHomePageActions.<init>(CarsGuideHomePageActions.java:15)
at pages.actions.CarsGuideHomePageActions.<init>(CarsGuideHomePageActions.java:15)
at pages.actions.CarsGuideHomePageActions.<init>(CarsGuideHomePageActions.java:15)
at pages.actions.CarsGuideHomePageActions.<init>(CarsGuideHomePageActions.java:15)
at pages.actions.CarsGuideHomePageActions.<init>(CarsGuideHomePageActions.java:15)
at pages.actions.CarsGuideHomePageActions.<init>(CarsGuideHomePageActions.java:15)
at pages.actions.CarsGuideHomePageActions.<init>(CarsGuideHomePageActions.java:15)
at pages.actions.CarsGuideHomePageActions.<init>(CarsGuideHomePageActions.java:15)
at pages.actions.CarsGuideHomePageActions.<init>(CarsGuideHomePageActions.java:15)
at pages.actions.CarsGuideHomePageActions.<init>(CarsGuideHomePageActions.java:15)
at pages.actions.CarsGuideHomePageActions.<init>(CarsGuideHomePageActions.java:15)
at pages.actions.CarsGuideHomePageActions.<init>(CarsGuideHomePageActions.java:15)
at pages.actions.CarsGuideHomePageActions.<init>(CarsGuideHomePageActions.java:15)
at pages.actions.CarsGuideHomePageActions.<init>(CarsGuideHomePageActions.java:15)
at pages.actions.CarsGuideHomePageActions.<init>(CarsGuideHomePageActions.java:15)
at pages.actions.CarsGuideHomePageActions.<init>(CarsGuideHomePageActions.java:15)
at pages.actions.CarsGuideHomePageActions.<init>(CarsGuideHomePageActions.java:15)
at pages.actions.CarsGuideHomePageActions.<init>(CarsGuideHomePageActions.java:15)
at pages.actions.CarsGuideHomePageActions.<init>(CarsGuideHomePageActions.java:15)
at pages.actions.CarsGuideHomePageActions.<init>(CarsGuideHomePageActions.java:15)
at pages.actions.CarsGuideHomePageActions.<init>(CarsGuideHomePageActions.java:15)
at pages.actions.CarsGuideHomePageActions.<init>(CarsGuideHomePageActions.java:15)
at pages.actions.CarsGuideHomePageActions.<init>(CarsGuideHomePageActions.java:15)
at pages.actions.CarsGuideHomePageActions.<init>(CarsGuideHomePageActions.java:15)
at pages.actions.CarsGuideHomePageActions.<init>(CarsGuideHomePageActions.java:15)
at pages.actions.CarsGuideHomePageActions.<init>(CarsGuideHomePageActions.java:15)
at pages.actions.CarsGuideHomePageActions.<init>(CarsGuideHomePageActions.java:15)
at pages.actions.CarsGuideHomePageActions.<init>(CarsGuideHomePageActions.java:15)
at pages.actions.CarsGuideHomePageActions.<init>(CarsGuideHomePageActions.java:15)
at pages.actions.CarsGuideHomePageActions.<init>(CarsGuideHomePageActions.java:15)
at pages.actions.CarsGuideHomePageActions.<init>(CarsGuideHomePageActions.java:15)
at pages.actions.CarsGuideHomePageActions.<init>(CarsGuideHomePageActions.java:15)
at pages.actions.CarsGuideHomePageActions.<init>(CarsGuideHomePageActions.java:15)
at pages.actions.CarsGuideHomePageActions.<init>(CarsGuideHomePageActions.java:15)
at pages.actions.CarsGuideHomePageActions.<init>(CarsGuideHomePageActions.java:15)
at pages.actions.CarsGuideHomePageActions.<init>(CarsGuideHomePageActions.java:15)
at pages.actions.CarsGuideHomePageActions.<init>(CarsGuideHomePageActions.java:15)
at pages.actions.CarsGuideHomePageActions.<init>(CarsGuideHomePageActions.java:15)
at pages.actions.CarsGuideHomePageActions.<init>(CarsGuideHomePageActions.java:15)
at pages.actions.CarsGuideHomePageActions.<init>(CarsGuideHomePageActions.java:15)
at pages.actions.CarsGuideHomePageActions.<init>(CarsGuideHomePageActions.java:15)
at pages.actions.CarsGuideHomePageActions.<init>(CarsGuideHomePageActions.java:15)
at pages.actions.CarsGuideHomePageActions.<init>(CarsGuideHomePageActions.java:15)
at pages.actions.CarsGuideHomePageActions.<init>(CarsGuideHomePageActions.java:15)
at pages.actions.CarsGuideHomePageActions.<init>(CarsGuideHomePageActions.java:15)
at pages.actions.CarsGuideHomePageActions.<init>(CarsGuideHomePageActions.java:15)
at pages.actions.CarsGuideHomePageActions.<init>(CarsGuideHomePageActions.java:15)
at pages.actions.CarsGuideHomePageActions.<init>(CarsGuideHomePageActions.java:15)
at pages.actions.CarsGuideHomePageActions.<init>(CarsGuideHomePageActions.java:15)
at pages.actions.CarsGuideHomePageActions.<init>(CarsGuideHomePageActions.java:15)
at pages.actions.CarsGuideHomePageActions.<init>(CarsGuideHomePageActions.java:15)
at pages.actions.CarsGuideHomePageActions.<init>(CarsGuideHomePageActions.java:15)
at pages.actions.CarsGuideHomePageActions.<init>(CarsGuideHomePageActions.java:15)
at pages.actions.CarsGuideHomePageActions.<init>(CarsGuideHomePageActions.java:15)
at pages.actions.CarsGuideHomePageActions.<init>(CarsGuideHomePageActions.java:15)
at pages.actions.CarsGuideHomePageActions.<init>(CarsGuideHomePageActions.java:15)
at pages.actions.CarsGuideHomePageActions.<init>(CarsGuideHomePageActions.java:15)
at pages.actions.CarsGuideHomePageActions.<init>(CarsGuideHomePageActions.java:15)
at pages.actions.CarsGuideHomePageActions.<init>(CarsGuideHomePageActions.java:15)
at pages.actions.CarsGuideHomePageActions.<init>(CarsGuideHomePageActions.java:15)
at pages.actions.CarsGuideHomePageActions.<init>(CarsGuideHomePageActions.java:15)
at pages.actions.CarsGuideHomePageActions.<init>(CarsGuideHomePageActions.java:15)
at pages.actions.CarsGuideHomePageActions.<init>(CarsGuideHomePageActions.java:15)
at pages.actions.CarsGuideHomePageActions.<init>(CarsGuideHomePageActions.java:15)
at pages.actions.CarsGuideHomePageActions.<init>(CarsGuideHomePageActions.java:15)
at pages.actions.CarsGuideHomePageActions.<init>(CarsGuideHomePageActions.java:15)
at pages.actions.CarsGuideHomePageActions.<init>(CarsGuideHomePageActions.java:15)
at pages.actions.CarsGuideHomePageActions.<init>(CarsGuideHomePageActions.java:15)
at pages.actions.CarsGuideHomePageActions.<init>(CarsGuideHomePageActions.java:15)
at pages.actions.CarsGuideHomePageActions.<init>(CarsGuideHomePageActions.java:15)
at pages.actions.CarsGuideHomePageActions.<init>(CarsGuideHomePageActions.java:15)
at pages.actions.CarsGuideHomePageActions.<init>(CarsGuideHomePageActions.java:15)
at pages.actions.CarsGuideHomePageActions.<init>(CarsGuideHomePageActions.java:15)
at pages.actions.CarsGuideHomePageActions.<init>(CarsGuideHomePageActions.java:15)
at pages.actions.CarsGuideHomePageActions.<init>(CarsGuideHomePageActions.java:15)
at pages.actions.CarsGuideHomePageActions.<init>(CarsGuideHomePageActions.java:15)
at pages.actions.CarsGuideHomePageActions.<init>(CarsGuideHomePageActions.java:15)
at pages.actions.CarsGuideHomePageActions.<init>(CarsGuideHomePageActions.java:15)
at pages.actions.CarsGuideHomePageActions.<init>(CarsGuideHomePageActions.java:15)
at pages.actions.CarsGuideHomePageActions.<init>(CarsGuideHomePageActions.java:15)
at pages.actions.CarsGuideHomePageActions.<init>(CarsGuideHomePageActions.java:15)
at pages.actions.CarsGuideHomePageActions.<init>(CarsGuideHomePageActions.java:15)
at pages.actions.CarsGuideHomePageActions.<init>(CarsGuideHomePageActions.java:15)
at pages.actions.CarsGuideHomePageActions.<init>(CarsGuideHomePageActions.java:15)
at pages.actions.CarsGuideHomePageActions.<init>(CarsGuideHomePageActions.java:15)
at pages.actions.CarsGuideHomePageActions.<init>(CarsGuideHomePageActions.java:15)
at pages.actions.CarsGuideHomePageActions.<init>(CarsGuideHomePageActions.java:15)
at pages.actions.CarsGuideHomePageActions.<init>(CarsGuideHomePageActions.java:15)
at pages.actions.CarsGuideHomePageActions.<init>(CarsGuideHomePageActions.java:15)
at pages.actions.CarsGuideHomePageActions.<init>(CarsGuideHomePageActions.java:15)
at pages.actions.CarsGuideHomePageActions.<init>(CarsGuideHomePageActions.java:15)
at pages.actions.CarsGuideHomePageActions.<init>(CarsGuideHomePageActions.java:15)
at pages.actions.CarsGuideHomePageActions.<init>(CarsGuideHomePageActions.java:15)
at pages.actions.CarsGuideHomePageActions.<init>(CarsGuideHomePageActions.java:15)
at pages.actions.CarsGuideHomePageActions.<init>(CarsGuideHomePageActions.java:15)
at pages.actions.CarsGuideHomePageActions.<init>(CarsGuideHomePageActions.java:15)
at pages.actions.CarsGuideHomePageActions.<init>(CarsGuideHomePageActions.java:15)
at pages.actions.CarsGuideHomePageActions.<init>(CarsGuideHomePageActions.java:15)
at pages.actions.CarsGuideHomePageActions.<init>(CarsGuideHomePageActions.java:15)
at pages.actions.CarsGuideHomePageActions.<init>(CarsGuideHomePageActions.java:15)
at pages.actions.CarsGuideHomePageActions.<init>(CarsGuideHomePageActions.java:15)
at pages.actions.CarsGuideHomePageActions.<init>(CarsGuideHomePageActions.java:15)
at pages.actions.CarsGuideHomePageActions.<init>(CarsGuideHomePageActions.java:15)
at pages.actions.CarsGuideHomePageActions.<init>(CarsGuideHomePageActions.java:15)
at pages.actions.CarsGuideHomePageActions.<init>(CarsGuideHomePageActions.java:15)
at pages.actions.CarsGuideHomePageActions.<init>(CarsGuideHomePageActions.java:15)
at pages.actions.CarsGuideHomePageActions.<init>(CarsGuideHomePageActions.java:15)
at pages.actions.CarsGuideHomePageActions.<init>(CarsGuideHomePageActions.java:15)
at pages.actions.CarsGuideHomePageActions.<init>(CarsGuideHomePageActions.java:15)
at pages.actions.CarsGuideHomePageActions.<init>(CarsGuideHomePageActions.java:15)
at pages.actions.CarsGuideHomePageActions.<init>(CarsGuideHomePageActions.java:15)
at pages.actions.CarsGuideHomePageActions.<init>(CarsGuideHomePageActions.java:15)
at pages.actions.CarsGuideHomePageActions.<init>(CarsGuideHomePageActions.java:15)
at pages.actions.CarsGuideHomePageActions.<init>(CarsGuideHomePageActions.java:15)
at pages.actions.CarsGuideHomePageActions.<init>(CarsGuideHomePageActions.java:15)
at pages.actions.CarsGuideHomePageActions.<init>(CarsGuideHomePageActions.java:15)
at pages.actions.CarsGuideHomePageActions.<init>(CarsGuideHomePageActions.java:15)
at pages.actions.CarsGuideHomePageActions.<init>(CarsGuideHomePageActions.java:15)
at pages.actions.CarsGuideHomePageActions.<init>(CarsGuideHomePageActions.java:15)
at pages.actions.CarsGuideHomePageActions.<init>(CarsGuideHomePageActions.java:15)
at pages.actions.CarsGuideHomePageActions.<init>(CarsGuideHomePageActions.java:15)
at pages.actions.CarsGuideHomePageActions.<init>(CarsGuideHomePageActions.java:15)
at pages.actions.CarsGuideHomePageActions.<init>(CarsGuideHomePageActions.java:15)
at pages.actions.CarsGuideHomePageActions.<init>(CarsGuideHomePageActions.java:15)
at pages.actions.CarsGuideHomePageActions.<init>(CarsGuideHomePageActions.java:15)
at pages.actions.CarsGuideHomePageActions.<init>(CarsGuideHomePageActions.java:15)
at pages.actions.CarsGuideHomePageActions.<init>(CarsGuideHomePageActions.java:15)
at pages.actions.CarsGuideHomePageActions.<init>(CarsGuideHomePageActions.java:15)
at pages.actions.CarsGuideHomePageActions.<init>(CarsGuideHomePageActions.java:15)
at pages.actions.CarsGuideHomePageActions.<init>(CarsGuideHomePageActions.java:15)
at pages.actions.CarsGuideHomePageActions.<init>(CarsGuideHomePageActions.java:15)
at pages.actions.CarsGuideHomePageActions.<init>(CarsGuideHomePageActions.java:15)
at pages.actions.CarsGuideHomePageActions.<init>(CarsGuideHomePageActions.java:15)
at pages.actions.CarsGuideHomePageActions.<init>(CarsGuideHomePageActions.java:15)
at pages.actions.CarsGuideHomePageActions.<init>(CarsGuideHomePageActions.java:15)
at pages.actions.CarsGuideHomePageActions.<init>(CarsGuideHomePageActions.java:15)
at pages.actions.CarsGuideHomePageActions.<init>(CarsGuideHomePageActions.java:15)
at pages.actions.CarsGuideHomePageActions.<init>(CarsGuideHomePageActions.java:15)
at pages.actions.CarsGuideHomePageActions.<init>(CarsGuideHomePageActions.java:15)
at pages.actions.CarsGuideHomePageActions.<init>(CarsGuideHomePageActions.java:15)
at pages.actions.CarsGuideHomePageActions.<init>(CarsGuideHomePageActions.java:15)
at pages.actions.CarsGuideHomePageActions.<init>(CarsGuideHomePageActions.java:15)
at pages.actions.CarsGuideHomePageActions.<init>(CarsGuideHomePageActions.java:15)
at pages.actions.CarsGuideHomePageActions.<init>(CarsGuideHomePageActions.java:15)
at pages.actions.CarsGuideHomePageActions.<init>(CarsGuideHomePageActions.java:15)
at pages.actions.CarsGuideHomePageActions.<init>(CarsGuideHomePageActions.java:15)
at pages.actions.CarsGuideHomePageActions.<init>(CarsGuideHomePageActions.java:15)
at pages.actions.CarsGuideHomePageActions.<init>(CarsGuideHomePageActions.java:15)
at pages.actions.CarsGuideHomePageActions.<init>(CarsGuideHomePageActions.java:15)
at pages.actions.CarsGuideHomePageActions.<init>(CarsGuideHomePageActions.java:15)
at pages.actions.CarsGuideHomePageActions.<init>(CarsGuideHomePageActions.java:15)
at pages.actions.CarsGuideHomePageActions.<init>(CarsGuideHomePageActions.java:15)
at pages.actions.CarsGuideHomePageActions.<init>(CarsGuideHomePageActions.java:15)
at pages.actions.CarsGuideHomePageActions.<init>(CarsGuideHomePageActions.java:15)
at pages.actions.CarsGuideHomePageActions.<init>(CarsGuideHomePageActions.java:15)
at pages.actions.CarsGuideHomePageActions.<init>(CarsGuideHomePageActions.java:15)
at pages.actions.CarsGuideHomePageActions.<init>(CarsGuideHomePageActions.java:15)
at pages.actions.CarsGuideHomePageActions.<init>(CarsGuideHomePageActions.java:15)
at pages.actions.CarsGuideHomePageActions.<init>(CarsGuideHomePageActions.java:15)
at pages.actions.CarsGuideHomePageActions.<init>(CarsGuideHomePageActions.java:15)
at pages.actions.CarsGuideHomePageActions.<init>(CarsGuideHomePageActions.java:15)
at pages.actions.CarsGuideHomePageActions.<init>(CarsGuideHomePageActions.java:15)
at pages.actions.CarsGuideHomePageActions.<init>(CarsGuideHomePageActions.java:15)
at pages.actions.CarsGuideHomePageActions.<init>(CarsGuideHomePageActions.java:15)
at pages.actions.CarsGuideHomePageActions.<init>(CarsGuideHomePageActions.java:15)
at pages.actions.CarsGuideHomePageActions.<init>(CarsGuideHomePageActions.java:15)
at pages.actions.CarsGuideHomePageActions.<init>(CarsGuideHomePageActions.java:15)
at pages.actions.CarsGuideHomePageActions.<init>(CarsGuideHomePageActions.java:15)
at pages.actions.CarsGuideHomePageActions.<init>(CarsGuideHomePageActions.java:15)
at pages.actions.CarsGuideHomePageActions.<init>(CarsGuideHomePageActions.java:15)
at pages.actions.CarsGuideHomePageActions.<init>(CarsGuideHomePageActions.java:15)
at pages.actions.CarsGuideHomePageActions.<init>(CarsGuideHomePageActions.java:15)
at pages.actions.CarsGuideHomePageActions.<init>(CarsGuideHomePageActions.java:15)
at pages.actions.CarsGuideHomePageActions.<init>(CarsGuideHomePageActions.java:15)
at pages.actions.CarsGuideHomePageActions.<init>(CarsGuideHomePageActions.java:15)
at pages.actions.CarsGuideHomePageActions.<init>(CarsGuideHomePageActions.java:15)
at pages.actions.CarsGuideHomePageActions.<init>(CarsGuideHomePageActions.java:15)
at pages.actions.CarsGuideHomePageActions.<init>(CarsGuideHomePageActions.java:15)
at pages.actions.CarsGuideHomePageActions.<init>(CarsGuideHomePageActions.java:15)
at pages.actions.CarsGuideHomePageActions.<init>(CarsGuideHomePageActions.java:15)
at pages.actions.CarsGuideHomePageActions.<init>(CarsGuideHomePageActions.java:15)
at pages.actions.CarsGuideHomePageActions.<init>(CarsGuideHomePageActions.java:15)
at pages.actions.CarsGuideHomePageActions.<init>(CarsGuideHomePageActions.java:15)
at pages.actions.CarsGuideHomePageActions.<init>(CarsGuideHomePageActions.java:15)
at pages.actions.CarsGuideHomePageActions.<init>(CarsGuideHomePageActions.java:15)
at pages.actions.CarsGuideHomePageActions.<init>(CarsGuideHomePageActions.java:15)
at pages.actions.CarsGuideHomePageActions.<init>(CarsGuideHomePageActions.java:15)
at pages.actions.CarsGuideHomePageActions.<init>(CarsGuideHomePageActions.java:15)
at pages.actions.CarsGuideHomePageActions.<init>(CarsGuideHomePageActions.java:15)
at pages.actions.CarsGuideHomePageActions.<init>(CarsGuideHomePageActions.java:15)
at pages.actions.CarsGuideHomePageActions.<init>(CarsGuideHomePageActions.java:15)
at pages.actions.CarsGuideHomePageActions.<init>(CarsGuideHomePageActions.java:15)
at pages.actions.CarsGuideHomePageActions.<init>(CarsGuideHomePageActions.java:15)
at pages.actions.CarsGuideHomePageActions.<init>(CarsGuideHomePageActions.java:15)
at pages.actions.CarsGuideHomePageActions.<init>(CarsGuideHomePageActions.java:15)
at pages.actions.CarsGuideHomePageActions.<init>(CarsGuideHomePageActions.java:15)
at pages.actions.CarsGuideHomePageActions.<init>(CarsGuideHomePageActions.java:15)
at pages.actions.CarsGuideHomePageActions.<init>(CarsGuideHomePageActions.java:15)
at pages.actions.CarsGuideHomePageActions.<init>(CarsGuideHomePageActions.java:15)
at pages.actions.CarsGuideHomePageActions.<init>(CarsGuideHomePageActions.java:15)
at pages.actions.CarsGuideHomePageActions.<init>(CarsGuideHomePageActions.java:15)
at pages.actions.CarsGuideHomePageActions.<init>(CarsGuideHomePageActions.java:15)
at pages.actions.CarsGuideHomePageActions.<init>(CarsGuideHomePageActions.java:15)
at pages.actions.CarsGuideHomePageActions.<init>(CarsGuideHomePageActions.java:15)
at pages.actions.CarsGuideHomePageActions.<init>(CarsGuideHomePageActions.java:15)
at pages.actions.CarsGuideHomePageActions.<init>(CarsGuideHomePageActions.java:15)
at pages.actions.CarsGuideHomePageActions.<init>(CarsGuideHomePageActions.java:15)
at pages.actions.CarsGuideHomePageActions.<init>(CarsGuideHomePageActions.java:15)
at pages.actions.CarsGuideHomePageActions.<init>(CarsGuideHomePageActions.java:15)
at pages.actions.CarsGuideHomePageActions.<init>(CarsGuideHomePageActions.java:15)
at pages.actions.CarsGuideHomePageActions.<init>(CarsGuideHomePageActions.java:15)
at pages.actions.CarsGuideHomePageActions.<init>(CarsGuideHomePageActions.java:15)
at pages.actions.CarsGuideHomePageActions.<init>(CarsGuideHomePageActions.java:15)
at pages.actions.CarsGuideHomePageActions.<init>(CarsGuideHomePageActions.java:15)
at pages.actions.CarsGuideHomePageActions.<init>(CarsGuideHomePageActions.java:15)
at pages.actions.CarsGuideHomePageActions.<init>(CarsGuideHomePageActions.java:15)
at pages.actions.CarsGuideHomePageActions.<init>(CarsGuideHomePageActions.java:15)
at pages.actions.CarsGuideHomePageActions.<init>(CarsGuideHomePageActions.java:15)
at pages.actions.CarsGuideHomePageActions.<init>(CarsGuideHomePageActions.java:15)
at pages.actions.CarsGuideHomePageActions.<init>(CarsGuideHomePageActions.java:15)
at pages.actions.CarsGuideHomePageActions.<init>(CarsGuideHomePageActions.java:15)
at pages.actions.CarsGuideHomePageActions.<init>(CarsGuideHomePageActions.java:15)
at pages.actions.CarsGuideHomePageActions.<init>(CarsGuideHomePageActions.java:15)
at pages.actions.CarsGuideHomePageActions.<init>(CarsGuideHomePageActions.java:15)
at pages.actions.CarsGuideHomePageActions.<init>(CarsGuideHomePageActions.java:15)
at pages.actions.CarsGuideHomePageActions.<init>(CarsGuideHomePageActions.java:15)
at pages.actions.CarsGuideHomePageActions.<init>(CarsGuideHomePageActions.java:15)
at pages.actions.CarsGuideHomePageActions.<init>(CarsGuideHomePageActions.java:15)
at pages.actions.CarsGuideHomePageActions.<init>(CarsGuideHomePageActions.java:15)
at pages.actions.CarsGuideHomePageActions.<init>(CarsGuideHomePageActions.java:15)
at pages.actions.CarsGuideHomePageActions.<init>(CarsGuideHomePageActions.java:15)
at pages.actions.CarsGuideHomePageActions.<init>(CarsGuideHomePageActions.java:15)
at pages.actions.CarsGuideHomePageActions.<init>(CarsGuideHomePageActions.java:15)
at pages.actions.CarsGuideHomePageActions.<init>(CarsGuideHomePageActions.java:15)
at pages.actions.CarsGuideHomePageActions.<init>(CarsGuideHomePageActions.java:15)
at pages.actions.CarsGuideHomePageActions.<init>(CarsGuideHomePageActions.java:15)
at pages.actions.CarsGuideHomePageActions.<init>(CarsGuideHomePageActions.java:15)
at pages.actions.CarsGuideHomePageActions.<init>(CarsGuideHomePageActions.java:15)
at pages.actions.CarsGuideHomePageActions.<init>(CarsGuideHomePageActions.java:15)
at pages.actions.CarsGuideHomePageActions.<init>(CarsGuideHomePageActions.java:15)
at pages.actions.CarsGuideHomePageActions.<init>(CarsGuideHomePageActions.java:15)
at pages.actions.CarsGuideHomePageActions.<init>(CarsGuideHomePageActions.java:15)
at pages.actions.CarsGuideHomePageActions.<init>(CarsGuideHomePageActions.java:15)
at pages.actions.CarsGuideHomePageActions.<init>(CarsGuideHomePageActions.java:15)
at pages.actions.CarsGuideHomePageActions.<init>(CarsGuideHomePageActions.java:15)
at pages.actions.CarsGuideHomePageActions.<init>(CarsGuideHomePageActions.java:15)
at pages.actions.CarsGuideHomePageActions.<init>(CarsGuideHomePageActions.java:15)
at pages.actions.CarsGuideHomePageActions.<init>(CarsGuideHomePageActions.java:15)
at pages.actions.CarsGuideHomePageActions.<init>(CarsGuideHomePageActions.java:15)
at pages.actions.CarsGuideHomePageActions.<init>(CarsGuideHomePageActions.java:15)
at pages.actions.CarsGuideHomePageActions.<init>(CarsGuideHomePageActions.java:15)
at pages.actions.CarsGuideHomePageActions.<init>(CarsGuideHomePageActions.java:15)
at pages.actions.CarsGuideHomePageActions.<init>(CarsGuideHomePageActions.java:15)
at pages.actions.CarsGuideHomePageActions.<init>(CarsGuideHomePageActions.java:15)
at pages.actions.CarsGuideHomePageActions.<init>(CarsGuideHomePageActions.java:15)
at pages.actions.CarsGuideHomePageActions.<init>(CarsGuideHomePageActions.java:15)
at pages.actions.CarsGuideHomePageActions.<init>(CarsGuideHomePageActions.java:15)
at pages.actions.CarsGuideHomePageActions.<init>(CarsGuideHomePageActions.java:15)
at pages.actions.CarsGuideHomePageActions.<init>(CarsGuideHomePageActions.java:15)
at pages.actions.CarsGuideHomePageActions.<init>(CarsGuideHomePageActions.java:15)
at pages.actions.CarsGuideHomePageActions.<init>(CarsGuideHomePageActions.java:15)
at pages.actions.CarsGuideHomePageActions.<init>(CarsGuideHomePageActions.java:15)
at pages.actions.CarsGuideHomePageActions.<init>(CarsGuideHomePageActions.java:15)
at pages.actions.CarsGuideHomePageActions.<init>(CarsGuideHomePageActions.java:15)
at pages.actions.CarsGuideHomePageActions.<init>(CarsGuideHomePageActions.java:15)
at pages.actions.CarsGuideHomePageActions.<init>(CarsGuideHomePageActions.java:15)
at pages.actions.CarsGuideHomePageActions.<init>(CarsGuideHomePageActions.java:15)
at pages.actions.CarsGuideHomePageActions.<init>(CarsGuideHomePageActions.java:15)
at pages.actions.CarsGuideHomePageActions.<init>(CarsGuideHomePageActions.java:15)
at pages.actions.CarsGuideHomePageActions.<init>(CarsGuideHomePageActions.java:15)
at pages.actions.CarsGuideHomePageActions.<init>(CarsGuideHomePageActions.java:15)
at pages.actions.CarsGuideHomePageActions.<init>(CarsGuideHomePageActions.java:15)
at pages.actions.CarsGuideHomePageActions.<init>(CarsGuideHomePageActions.java:15)
at pages.actions.CarsGuideHomePageActions.<init>(CarsGuideHomePageActions.java:15)
at pages.actions.CarsGuideHomePageActions.<init>(CarsGuideHomePageActions.java:15)
at pages.actions.CarsGuideHomePageActions.<init>(CarsGuideHomePageActions.java:15)
at pages.actions.CarsGuideHomePageActions.<init>(CarsGuideHomePageActions.java:15)
at pages.actions.CarsGuideHomePageActions.<init>(CarsGuideHomePageActions.java:15)
at pages.actions.CarsGuideHomePageActions.<init>(CarsGuideHomePageActions.java:15)
at pages.actions.CarsGuideHomePageActions.<init>(CarsGuideHomePageActions.java:15)
at pages.actions.CarsGuideHomePageActions.<init>(CarsGuideHomePageActions.java:15)
at pages.actions.CarsGuideHomePageActions.<init>(CarsGuideHomePageActions.java:15)
at pages.actions.CarsGuideHomePageActions.<init>(CarsGuideHomePageActions.java:15)
at pages.actions.CarsGuideHomePageActions.<init>(CarsGuideHomePageActions.java:15)
at pages.actions.CarsGuideHomePageActions.<init>(CarsGuideHomePageActions.java:15)
at pages.actions.CarsGuideHomePageActions.<init>(CarsGuideHomePageActions.java:15)
at pages.actions.CarsGuideHomePageActions.<init>(CarsGuideHomePageActions.java:15)
at pages.actions.CarsGuideHomePageActions.<init>(CarsGuideHomePageActions.java:15)
at pages.actions.CarsGuideHomePageActions.<init>(CarsGuideHomePageActions.java:15)
at pages.actions.CarsGuideHomePageActions.<init>(CarsGuideHomePageActions.java:15)
at pages.actions.CarsGuideHomePageActions.<init>(CarsGuideHomePageActions.java:15)
at pages.actions.CarsGuideHomePageActions.<init>(CarsGuideHomePageActions.java:15)
at pages.actions.CarsGuideHomePageActions.<init>(CarsGuideHomePageActions.java:15)
at pages.actions.CarsGuideHomePageActions.<init>(CarsGuideHomePageActions.java:15)
at pages.actions.CarsGuideHomePageActions.<init>(CarsGuideHomePageActions.java:15)
at pages.actions.CarsGuideHomePageActions.<init>(CarsGuideHomePageActions.java:15)
at pages.actions.CarsGuideHomePageActions.<init>(CarsGuideHomePageActions.java:15)
at pages.actions.CarsGuideHomePageActions.<init>(CarsGuideHomePageActions.java:15)
at pages.actions.CarsGuideHomePageActions.<init>(CarsGuideHomePageActions.java:15)
at pages.actions.CarsGuideHomePageActions.<init>(CarsGuideHomePageActions.java:15)
at pages.actions.CarsGuideHomePageActions.<init>(CarsGuideHomePageActions.java:15)
at pages.actions.CarsGuideHomePageActions.<init>(CarsGuideHomePageActions.java:15)
at pages.actions.CarsGuideHomePageActions.<init>(CarsGuideHomePageActions.java:15)
at pages.actions.CarsGuideHomePageActions.<init>(CarsGuideHomePageActions.java:15)
at pages.actions.CarsGuideHomePageActions.<init>(CarsGuideHomePageActions.java:15)
at pages.actions.CarsGuideHomePageActions.<init>(CarsGuideHomePageActions.java:15)
at pages.actions.CarsGuideHomePageActions.<init>(CarsGuideHomePageActions.java:15)
at pages.actions.CarsGuideHomePageActions.<init>(CarsGuideHomePageActions.java:15)
at pages.actions.CarsGuideHomePageActions.<init>(CarsGuideHomePageActions.java:15)
at pages.actions.CarsGuideHomePageActions.<init>(CarsGuideHomePageActions.java:15)
at pages.actions.CarsGuideHomePageActions.<init>(CarsGuideHomePageActions.java:15)
at pages.actions.CarsGuideHomePageActions.<init>(CarsGuideHomePageActions.java:15)
at pages.actions.CarsGuideHomePageActions.<init>(CarsGuideHomePageActions.java:15)
at pages.actions.CarsGuideHomePageActions.<init>(CarsGuideHomePageActions.java:15)
at pages.actions.CarsGuideHomePageActions.<init>(CarsGuideHomePageActions.java:15)
at pages.actions.CarsGuideHomePageActions.<init>(CarsGuideHomePageActions.java:15)
at pages.actions.CarsGuideHomePageActions.<init>(CarsGuideHomePageActions.java:15)
at pages.actions.CarsGuideHomePageActions.<init>(CarsGuideHomePageActions.java:15)
at pages.actions.CarsGuideHomePageActions.<init>(CarsGuideHomePageActions.java:15)
at pages.actions.CarsGuideHomePageActions.<init>(CarsGuideHomePageActions.java:15)
at pages.actions.CarsGuideHomePageActions.<init>(CarsGuideHomePageActions.java:15)
at pages.actions.CarsGuideHomePageActions.<init>(CarsGuideHomePageActions.java:15)
at pages.actions.CarsGuideHomePageActions.<init>(CarsGuideHomePageActions.java:15)
at pages.actions.CarsGuideHomePageActions.<init>(CarsGuideHomePageActions.java:15)
at pages.actions.CarsGuideHomePageActions.<init>(CarsGuideHomePageActions.java:15)
at pages.actions.CarsGuideHomePageActions.<init>(CarsGuideHomePageActions.java:15)
at pages.actions.CarsGuideHomePageActions.<init>(CarsGuideHomePageActions.java:15)
at pages.actions.CarsGuideHomePageActions.<init>(CarsGuideHomePageActions.java:15)
at pages.actions.CarsGuideHomePageActions.<init>(CarsGuideHomePageActions.java:15)
at pages.actions.CarsGuideHomePageActions.<init>(CarsGuideHomePageActions.java:15)
at pages.actions.CarsGuideHomePageActions.<init>(CarsGuideHomePageActions.java:15)
at pages.actions.CarsGuideHomePageActions.<init>(CarsGuideHomePageActions.java:15)
at pages.actions.CarsGuideHomePageActions.<init>(CarsGuideHomePageActions.java:15)
at pages.actions.CarsGuideHomePageActions.<init>(CarsGuideHomePageActions.java:15)
at pages.actions.CarsGuideHomePageActions.<init>(CarsGuideHomePageActions.java:15)
at pages.actions.CarsGuideHomePageActions.<init>(CarsGuideHomePageActions.java:15)
at pages.actions.CarsGuideHomePageActions.<init>(CarsGuideHomePageActions.java:15)
at pages.actions.CarsGuideHomePageActions.<init>(CarsGuideHomePageActions.java:15)
at pages.actions.CarsGuideHomePageActions.<init>(CarsGuideHomePageActions.java:15)
at pages.actions.CarsGuideHomePageActions.<init>(CarsGuideHomePageActions.java:15)
at pages.actions.CarsGuideHomePageActions.<init>(CarsGuideHomePageActions.java:15)
at pages.actions.CarsGuideHomePageActions.<init>(CarsGuideHomePageActions.java:15)
at pages.actions.CarsGuideHomePageActions.<init>(CarsGuideHomePageActions.java:15)
at pages.actions.CarsGuideHomePageActions.<init>(CarsGuideHomePageActions.java:15)
at pages.actions.CarsGuideHomePageActions.<init>(CarsGuideHomePageActions.java:15)
at pages.actions.CarsGuideHomePageActions.<init>(CarsGuideHomePageActions.java:15)
at pages.actions.CarsGuideHomePageActions.<init>(CarsGuideHomePageActions.java:15)
at pages.actions.CarsGuideHomePageActions.<init>(CarsGuideHomePageActions.java:15)
at pages.actions.CarsGuideHomePageActions.<init>(CarsGuideHomePageActions.java:15)
at pages.actions.CarsGuideHomePageActions.<init>(CarsGuideHomePageActions.java:15)
at pages.actions.CarsGuideHomePageActions.<init>(CarsGuideHomePageActions.java:15)
at pages.actions.CarsGuideHomePageActions.<init>(CarsGuideHomePageActions.java:15)
at pages.actions.CarsGuideHomePageActions.<init>(CarsGuideHomePageActions.java:15)
at pages.actions.CarsGuideHomePageActions.<init>(CarsGuideHomePageActions.java:15)
at pages.actions.CarsGuideHomePageActions.<init>(CarsGuideHomePageActions.java:15)
at pages.actions.CarsGuideHomePageActions.<init>(CarsGuideHomePageActions.java:15)
at pages.actions.CarsGuideHomePageActions.<init>(CarsGuideHomePageActions.java:15)
at pages.actions.CarsGuideHomePageActions.<init>(CarsGuideHomePageActions.java:15)
at pages.actions.CarsGuideHomePageActions.<init>(CarsGuideHomePageActions.java:15)
at pages.actions.CarsGuideHomePageActions.<init>(CarsGuideHomePageActions.java:15)
at pages.actions.CarsGuideHomePageActions.<init>(CarsGuideHomePageActions.java:15)
at pages.actions.CarsGuideHomePageActions.<init>(CarsGuideHomePageActions.java:15)
at pages.actions.CarsGuideHomePageActions.<init>(CarsGuideHomePageActions.java:15)
at pages.actions.CarsGuideHomePageActions.<init>(CarsGuideHomePageActions.java:15)
at pages.actions.CarsGuideHomePageActions.<init>(CarsGuideHomePageActions.java:15)
at pages.actions.CarsGuideHomePageActions.<init>(CarsGuideHomePageActions.java:15)
at pages.actions.CarsGuideHomePageActions.<init>(CarsGuideHomePageActions.java:15)
at pages.actions.CarsGuideHomePageActions.<init>(CarsGuideHomePageActions.java:15)
at pages.actions.CarsGuideHomePageActions.<init>(CarsGuideHomePageActions.java:15)
at pages.actions.CarsGuideHomePageActions.<init>(CarsGuideHomePageActions.java:15)
at pages.actions.CarsGuideHomePageActions.<init>(CarsGuideHomePageActions.java:15)
at pages.actions.CarsGuideHomePageActions.<init>(CarsGuideHomePageActions.java:15)
at pages.actions.CarsGuideHomePageActions.<init>(CarsGuideHomePageActions.java:15)
at pages.actions.CarsGuideHomePageActions.<init>(CarsGuideHomePageActions.java:15)
at pages.actions.CarsGuideHomePageActions.<init>(CarsGuideHomePageActions.java:15)
at pages.actions.CarsGuideHomePageActions.<init>(CarsGuideHomePageActions.java:15)
at pages.actions.CarsGuideHomePageActions.<init>(CarsGuideHomePageActions.java:15)
at pages.actions.CarsGuideHomePageActions.<init>(CarsGuideHomePageActions.java:15)
at pages.actions.CarsGuideHomePageActions.<init>(CarsGuideHomePageActions.java:15)
at pages.actions.CarsGuideHomePageActions.<init>(CarsGuideHomePageActions.java:15)
at pages.actions.CarsGuideHomePageActions.<init>(CarsGuideHomePageActions.java:15)
at pages.actions.CarsGuideHomePageActions.<init>(CarsGuideHomePageActions.java:15)
at pages.actions.CarsGuideHomePageActions.<init>(CarsGuideHomePageActions.java:15)
at pages.actions.CarsGuideHomePageActions.<init>(CarsGuideHomePageActions.java:15)
at pages.actions.CarsGuideHomePageActions.<init>(CarsGuideHomePageActions.java:15)
at pages.actions.CarsGuideHomePageActions.<init>(CarsGuideHomePageActions.java:15)
at pages.actions.CarsGuideHomePageActions.<init>(CarsGuideHomePageActions.java:15)
at pages.actions.CarsGuideHomePageActions.<init>(CarsGuideHomePageActions.java:15)
at pages.actions.CarsGuideHomePageActions.<init>(CarsGuideHomePageActions.java:15)
at pages.actions.CarsGuideHomePageActions.<init>(CarsGuideHomePageActions.java:15)
at pages.actions.CarsGuideHomePageActions.<init>(CarsGuideHomePageActions.java:15)
at pages.actions.CarsGuideHomePageActions.<init>(CarsGuideHomePageActions.java:15)
at pages.actions.CarsGuideHomePageActions.<init>(CarsGuideHomePageActions.java:15)
at pages.actions.CarsGuideHomePageActions.<init>(CarsGuideHomePageActions.java:15)
at pages.actions.CarsGuideHomePageActions.<init>(CarsGuideHomePageActions.java:15)
at pages.actions.CarsGuideHomePageActions.<init>(CarsGuideHomePageActions.java:15)
at pages.actions.CarsGuideHomePageActions.<init>(CarsGuideHomePageActions.java:15)
at pages.actions.CarsGuideHomePageActions.<init>(CarsGuideHomePageActions.java:15)
at pages.actions.CarsGuideHomePageActions.<init>(CarsGuideHomePageActions.java:15)
at pages.actions.CarsGuideHomePageActions.<init>(CarsGuideHomePageActions.java:15)
at pages.actions.CarsGuideHomePageActions.<init>(CarsGuideHomePageActions.java:15)
at pages.actions.CarsGuideHomePageActions.<init>(CarsGuideHomePageActions.java:15)
at pages.actions.CarsGuideHomePageActions.<init>(CarsGuideHomePageActions.java:15)
at pages.actions.CarsGuideHomePageActions.<init>(CarsGuideHomePageActions.java:15)
at pages.actions.CarsGuideHomePageActions.<init>(CarsGuideHomePageActions.java:15)
at pages.actions.CarsGuideHomePageActions.<init>(CarsGuideHomePageActions.java:15)
at pages.actions.CarsGuideHomePageActions.<init>(CarsGuideHomePageActions.java:15)
at pages.actions.CarsGuideHomePageActions.<init>(CarsGuideHomePageActions.java:15)
at pages.actions.CarsGuideHomePageActions.<init>(CarsGuideHomePageActions.java:15)
at pages.actions.CarsGuideHomePageActions.<init>(CarsGuideHomePageActions.java:15)
at pages.actions.CarsGuideHomePageActions.<init>(CarsGuideHomePageActions.java:15)
at pages.actions.CarsGuideHomePageActions.<init>(CarsGuideHomePageActions.java:15)
at pages.actions.CarsGuideHomePageActions.<init>(CarsGuideHomePageActions.java:15)
at pages.actions.CarsGuideHomePageActions.<init>(CarsGuideHomePageActions.java:15)
at pages.actions.CarsGuideHomePageActions.<init>(CarsGuideHomePageActions.java:15)
at pages.actions.CarsGuideHomePageActions.<init>(CarsGuideHomePageActions.java:15)
at pages.actions.CarsGuideHomePageActions.<init>(CarsGuideHomePageActions.java:15)
at pages.actions.CarsGuideHomePageActions.<init>(CarsGuideHomePageActions.java:15)
at pages.actions.CarsGuideHomePageActions.<init>(CarsGuideHomePageActions.java:15)
at pages.actions.CarsGuideHomePageActions.<init>(CarsGuideHomePageActions.java:15)
at pages.actions.CarsGuideHomePageActions.<init>(CarsGuideHomePageActions.java:15)
at pages.actions.CarsGuideHomePageActions.<init>(CarsGuideHomePageActions.java:15)
at pages.actions.CarsGuideHomePageActions.<init>(CarsGuideHomePageActions.java:15)
at pages.actions.CarsGuideHomePageActions.<init>(CarsGuideHomePageActions.java:15)
at pages.actions.CarsGuideHomePageActions.<init>(CarsGuideHomePageActions.java:15)
at pages.actions.CarsGuideHomePageActions.<init>(CarsGuideHomePageActions.java:15)
at pages.actions.CarsGuideHomePageActions.<init>(CarsGuideHomePageActions.java:15)
at pages.actions.CarsGuideHomePageActions.<init>(CarsGuideHomePageActions.java:15)
at pages.actions.CarsGuideHomePageActions.<init>(CarsGuideHomePageActions.java:15)
at pages.actions.CarsGuideHomePageActions.<init>(CarsGuideHomePageActions.java:15)
at pages.actions.CarsGuideHomePageActions.<init>(CarsGuideHomePageActions.java:15)
at pages.actions.CarsGuideHomePageActions.<init>(CarsGuideHomePageActions.java:15)
at pages.actions.CarsGuideHomePageActions.<init>(CarsGuideHomePageActions.java:15)
at pages.actions.CarsGuideHomePageActions.<init>(CarsGuideHomePageActions.java:15)
at pages.actions.CarsGuideHomePageActions.<init>(CarsGuideHomePageActions.java:15)
at pages.actions.CarsGuideHomePageActions.<init>(CarsGuideHomePageActions.java:15)
at pages.actions.CarsGuideHomePageActions.<init>(CarsGuideHomePageActions.java:15)
at pages.actions.CarsGuideHomePageActions.<init>(CarsGuideHomePageActions.java:15)
at pages.actions.CarsGuideHomePageActions.<init>(CarsGuideHomePageActions.java:15)
at pages.actions.CarsGuideHomePageActions.<init>(CarsGuideHomePageActions.java:15)
at pages.actions.CarsGuideHomePageActions.<init>(CarsGuideHomePageActions.java:15)
at pages.actions.CarsGuideHomePageActions.<init>(CarsGuideHomePageActions.java:15)
at pages.actions.CarsGuideHomePageActions.<init>(CarsGuideHomePageActions.java:15)
at pages.actions.CarsGuideHomePageActions.<init>(CarsGuideHomePageActions.java:15)
at pages.actions.CarsGuideHomePageActions.<init>(CarsGuideHomePageActions.java:15)
at pages.actions.CarsGuideHomePageActions.<init>(CarsGuideHomePageActions.java:15)
at pages.actions.CarsGuideHomePageActions.<init>(CarsGuideHomePageActions.java:15)
at pages.actions.CarsGuideHomePageActions.<init>(CarsGuideHomePageActions.java:15)
at pages.actions.CarsGuideHomePageActions.<init>(CarsGuideHomePageActions.java:15)
at pages.actions.CarsGuideHomePageActions.<init>(CarsGuideHomePageActions.java:15)
at pages.actions.CarsGuideHomePageActions.<init>(CarsGuideHomePageActions.java:15)
at pages.actions.CarsGuideHomePageActions.<init>(CarsGuideHomePageActions.java:15)
at pages.actions.CarsGuideHomePageActions.<init>(CarsGuideHomePageActions.java:15)
at pages.actions.CarsGuideHomePageActions.<init>(CarsGuideHomePageActions.java:15)
at pages.actions.CarsGuideHomePageActions.<init>(CarsGuideHomePageActions.java:15)
at pages.actions.CarsGuideHomePageActions.<init>(CarsGuideHomePageActions.java:15)
at pages.actions.CarsGuideHomePageActions.<init>(CarsGuideHomePageActions.java:15)
at pages.actions.CarsGuideHomePageActions.<init>(CarsGuideHomePageActions.java:15)
at pages.actions.CarsGuideHomePageActions.<init>(CarsGuideHomePageActions.java:15)
at pages.actions.CarsGuideHomePageActions.<init>(CarsGuideHomePageActions.java:15)
at pages.actions.CarsGuideHomePageActions.<init>(CarsGuideHomePageActions.java:15)
at pages.actions.CarsGuideHomePageActions.<init>(CarsGuideHomePageActions.java:15)
at pages.actions.CarsGuideHomePageActions.<init>(CarsGuideHomePageActions.java:15)
at pages.actions.CarsGuideHomePageActions.<init>(CarsGuideHomePageActions.java:15)
at pages.actions.CarsGuideHomePageActions.<init>(CarsGuideHomePageActions.java:15)
at pages.actions.CarsGuideHomePageActions.<init>(CarsGuideHomePageActions.java:15)
at pages.actions.CarsGuideHomePageActions.<init>(CarsGuideHomePageActions.java:15)
at pages.actions.CarsGuideHomePageActions.<init>(CarsGuideHomePageActions.java:15)
at pages.actions.CarsGuideHomePageActions.<init>(CarsGuideHomePageActions.java:15)
at pages.actions.CarsGuideHomePageActions.<init>(CarsGuideHomePageActions.java:15)
at pages.actions.CarsGuideHomePageActions.<init>(CarsGuideHomePageActions.java:15)
at pages.actions.CarsGuideHomePageActions.<init>(CarsGuideHomePageActions.java:15)
at pages.actions.CarsGuideHomePageActions.<init>(CarsGuideHomePageActions.java:15)
at pages.actions.CarsGuideHomePageActions.<init>(CarsGuideHomePageActions.java:15)
at pages.actions.CarsGuideHomePageActions.<init>(CarsGuideHomePageActions.java:15)
at pages.actions.CarsGuideHomePageActions.<init>(CarsGuideHomePageActions.java:15)
at pages.actions.CarsGuideHomePageActions.<init>(CarsGuideHomePageActions.java:15)
at pages.actions.CarsGuideHomePageActions.<init>(CarsGuideHomePageActions.java:15)
at pages.actions.CarsGuideHomePageActions.<init>(CarsGuideHomePageActions.java:15)
at pages.actions.CarsGuideHomePageActions.<init>(CarsGuideHomePageActions.java:15)
at pages.actions.CarsGuideHomePageActions.<init>(CarsGuideHomePageActions.java:15)
at pages.actions.CarsGuideHomePageActions.<init>(CarsGuideHomePageActions.java:15)
at pages.actions.CarsGuideHomePageActions.<init>(CarsGuideHomePageActions.java:15)
at pages.actions.CarsGuideHomePageActions.<init>(CarsGuideHomePageActions.java:15)
at pages.actions.CarsGuideHomePageActions.<init>(CarsGuideHomePageActions.java:15)
at pages.actions.CarsGuideHomePageActions.<init>(CarsGuideHomePageActions.java:15)
at pages.actions.CarsGuideHomePageActions.<init>(CarsGuideHomePageActions.java:15)
at pages.actions.CarsGuideHomePageActions.<init>(CarsGuideHomePageActions.java:15)
at pages.actions.CarsGuideHomePageActions.<init>(CarsGuideHomePageActions.java:15)
at pages.actions.CarsGuideHomePageActions.<init>(CarsGuideHomePageActions.java:15)
at pages.actions.CarsGuideHomePageActions.<init>(CarsGuideHomePageActions.java:15)
at pages.actions.CarsGuideHomePageActions.<init>(CarsGuideHomePageActions.java:15)
at pages.actions.CarsGuideHomePageActions.<init>(CarsGuideHomePageActions.java:15)
at pages.actions.CarsGuideHomePageActions.<init>(CarsGuideHomePageActions.java:15)
at pages.actions.CarsGuideHomePageActions.<init>(CarsGuideHomePageActions.java:15)
at pages.actions.CarsGuideHomePageActions.<init>(CarsGuideHomePageActions.java:15)
at pages.actions.CarsGuideHomePageActions.<init>(CarsGuideHomePageActions.java:15)
at pages.actions.CarsGuideHomePageActions.<init>(CarsGuideHomePageActions.java:15)
at pages.actions.CarsGuideHomePageActions.<init>(CarsGuideHomePageActions.java:15)
at pages.actions.CarsGuideHomePageActions.<init>(CarsGuideHomePageActions.java:15)
at pages.actions.CarsGuideHomePageActions.<init>(CarsGuideHomePageActions.java:15)
at pages.actions.CarsGuideHomePageActions.<init>(CarsGuideHomePageActions.java:15)
at pages.actions.CarsGuideHomePageActions.<init>(CarsGuideHomePageActions.java:15)
at pages.actions.CarsGuideHomePageActions.<init>(CarsGuideHomePageActions.java:15)
at pages.actions.CarsGuideHomePageActions.<init>(CarsGuideHomePageActions.java:15)
at pages.actions.CarsGuideHomePageActions.<init>(CarsGuideHomePageActions.java:15)
at pages.actions.CarsGuideHomePageActions.<init>(CarsGuideHomePageActions.java:15)
at pages.actions.CarsGuideHomePageActions.<init>(CarsGuideHomePageActions.java:15)
at pages.actions.CarsGuideHomePageActions.<init>(CarsGuideHomePageActions.java:15)
at pages.actions.CarsGuideHomePageActions.<init>(CarsGuideHomePageActions.java:15)
at pages.actions.CarsGuideHomePageActions.<init>(CarsGuideHomePageActions.java:15)
at pages.actions.CarsGuideHomePageActions.<init>(CarsGuideHomePageActions.java:15)
at pages.actions.CarsGuideHomePageActions.<init>(CarsGuideHomePageActions.java:15)
at pages.actions.CarsGuideHomePageActions.<init>(CarsGuideHomePageActions.java:15)
at pages.actions.CarsGuideHomePageActions.<init>(CarsGuideHomePageActions.java:15)
at pages.actions.CarsGuideHomePageActions.<init>(CarsGuideHomePageActions.java:15)
at pages.actions.CarsGuideHomePageActions.<init>(CarsGuideHomePageActions.java:15)
at pages.actions.CarsGuideHomePageActions.<init>(CarsGuideHomePageActions.java:15)
at pages.actions.CarsGuideHomePageActions.<init>(CarsGuideHomePageActions.java:15)
at pages.actions.CarsGuideHomePageActions.<init>(CarsGuideHomePageActions.java:15)
at pages.actions.CarsGuideHomePageActions.<init>(CarsGuideHomePageActions.java:15)
at pages.actions.CarsGuideHomePageActions.<init>(CarsGuideHomePageActions.java:15)
at pages.actions.CarsGuideHomePageActions.<init>(CarsGuideHomePageActions.java:15)
at pages.actions.CarsGuideHomePageActions.<init>(CarsGuideHomePageActions.java:15)
at pages.actions.CarsGuideHomePageActions.<init>(CarsGuideHomePageActions.java:15)
at pages.actions.CarsGuideHomePageActions.<init>(CarsGuideHomePageActions.java:15)
at pages.actions.CarsGuideHomePageActions.<init>(CarsGuideHomePageActions.java:15)
at pages.actions.CarsGuideHomePageActions.<init>(CarsGuideHomePageActions.java:15)
at pages.actions.CarsGuideHomePageActions.<init>(CarsGuideHomePageActions.java:15)
at pages.actions.CarsGuideHomePageActions.<init>(CarsGuideHomePageActions.java:15)
at pages.actions.CarsGuideHomePageActions.<init>(CarsGuideHomePageActions.java:15)
at pages.actions.CarsGuideHomePageActions.<init>(CarsGuideHomePageActions.java:15)
at pages.actions.CarsGuideHomePageActions.<init>(CarsGuideHomePageActions.java:15)
at pages.actions.CarsGuideHomePageActions.<init>(CarsGuideHomePageActions.java:15)
at pages.actions.CarsGuideHomePageActions.<init>(CarsGuideHomePageActions.java:15)
at pages.actions.CarsGuideHomePageActions.<init>(CarsGuideHomePageActions.java:15)
at pages.actions.CarsGuideHomePageActions.<init>(CarsGuideHomePageActions.java:15)
at pages.actions.CarsGuideHomePageActions.<init>(CarsGuideHomePageActions.java:15)
at pages.actions.CarsGuideHomePageActions.<init>(CarsGuideHomePageActions.java:15)
at pages.actions.CarsGuideHomePageActions.<init>(CarsGuideHomePageActions.java:15)
at pages.actions.CarsGuideHomePageActions.<init>(CarsGuideHomePageActions.java:15)
at pages.actions.CarsGuideHomePageActions.<init>(CarsGuideHomePageActions.java:15)
at pages.actions.CarsGuideHomePageActions.<init>(CarsGuideHomePageActions.java:15)
at pages.actions.CarsGuideHomePageActions.<init>(CarsGuideHomePageActions.java:15)
at pages.actions.CarsGuideHomePageActions.<init>(CarsGuideHomePageActions.java:15)
at pages.actions.CarsGuideHomePageActions.<init>(CarsGuideHomePageActions.java:15)
at pages.actions.CarsGuideHomePageActions.<init>(CarsGuideHomePageActions.java:15)
at pages.actions.CarsGuideHomePageActions.<init>(CarsGuideHomePageActions.java:15)
at pages.actions.CarsGuideHomePageActions.<init>(CarsGuideHomePageActions.java:15)
at pages.actions.CarsGuideHomePageActions.<init>(CarsGuideHomePageActions.java:15)
at pages.actions.CarsGuideHomePageActions.<init>(CarsGuideHomePageActions.java:15)
at pages.actions.CarsGuideHomePageActions.<init>(CarsGuideHomePageActions.java:15)
at pages.actions.CarsGuideHomePageActions.<init>(CarsGuideHomePageActions.java:15)
at pages.actions.CarsGuideHomePageActions.<init>(CarsGuideHomePageActions.java:15)
at pages.actions.CarsGuideHomePageActions.<init>(CarsGuideHomePageActions.java:15)
at pages.actions.CarsGuideHomePageActions.<init>(CarsGuideHomePageActions.java:15)
at pages.actions.CarsGuideHomePageActions.<init>(CarsGuideHomePageActions.java:15)
at pages.actions.CarsGuideHomePageActions.<init>(CarsGuideHomePageActions.java:15)
at pages.actions.CarsGuideHomePageActions.<init>(CarsGuideHomePageActions.java:15)
at pages.actions.CarsGuideHomePageActions.<init>(CarsGuideHomePageActions.java:15)
at pages.actions.CarsGuideHomePageActions.<init>(CarsGuideHomePageActions.java:15)
at pages.actions.CarsGuideHomePageActions.<init>(CarsGuideHomePageActions.java:15)
at pages.actions.CarsGuideHomePageActions.<init>(CarsGuideHomePageActions.java:15)
at pages.actions.CarsGuideHomePageActions.<init>(CarsGuideHomePageActions.java:15)
at pages.actions.CarsGuideHomePageActions.<init>(CarsGuideHomePageActions.java:15)
at pages.actions.CarsGuideHomePageActions.<init>(CarsGuideHomePageActions.java:15)
at pages.actions.CarsGuideHomePageActions.<init>(CarsGuideHomePageActions.java:15)
at pages.actions.CarsGuideHomePageActions.<init>(CarsGuideHomePageActions.java:15)
at pages.actions.CarsGuideHomePageActions.<init>(CarsGuideHomePageActions.java:15)
at pages.actions.CarsGuideHomePageActions.<init>(CarsGuideHomePageActions.java:15)
at pages.actions.CarsGuideHomePageActions.<init>(CarsGuideHomePageActions.java:15)
at pages.actions.CarsGuideHomePageActions.<init>(CarsGuideHomePageActions.java:15)
at pages.actions.CarsGuideHomePageActions.<init>(CarsGuideHomePageActions.java:15)
at pages.actions.CarsGuideHomePageActions.<init>(CarsGuideHomePageActions.java:15)
at pages.actions.CarsGuideHomePageActions.<init>(CarsGuideHomePageActions.java:15)
at pages.actions.CarsGuideHomePageActions.<init>(CarsGuideHomePageActions.java:15)
at pages.actions.CarsGuideHomePageActions.<init>(CarsGuideHomePageActions.java:15)
at pages.actions.CarsGuideHomePageActions.<init>(CarsGuideHomePageActions.java:15)
at pages.actions.CarsGuideHomePageActions.<init>(CarsGuideHomePageActions.java:15)
at pages.actions.CarsGuideHomePageActions.<init>(CarsGuideHomePageActions.java:15)
at pages.actions.CarsGuideHomePageActions.<init>(CarsGuideHomePageActions.java:15)
at pages.actions.CarsGuideHomePageActions.<init>(CarsGuideHomePageActions.java:15)
at pages.actions.CarsGuideHomePageActions.<init>(CarsGuideHomePageActions.java:15)
at pages.actions.CarsGuideHomePageActions.<init>(CarsGuideHomePageActions.java:15)
at pages.actions.CarsGuideHomePageActions.<init>(CarsGuideHomePageActions.java:15)
at pages.actions.CarsGuideHomePageActions.<init>(CarsGuideHomePageActions.java:15)
at pages.actions.CarsGuideHomePageActions.<init>(CarsGuideHomePageActions.java:15)
at pages.actions.CarsGuideHomePageActions.<init>(CarsGuideHomePageActions.java:15)
at pages.actions.CarsGuideHomePageActions.<init>(CarsGuideHomePageActions.java:15)
at pages.actions.CarsGuideHomePageActions.<init>(CarsGuideHomePageActions.java:15)
at pages.actions.CarsGuideHomePageActions.<init>(CarsGuideHomePageActions.java:15)
at pages.actions.CarsGuideHomePageActions.<init>(CarsGuideHomePageActions.java:15)
at pages.actions.CarsGuideHomePageActions.<init>(CarsGuideHomePageActions.java:15)
at pages.actions.CarsGuideHomePageActions.<init>(CarsGuideHomePageActions.java:15)
at pages.actions.CarsGuideHomePageActions.<init>(CarsGuideHomePageActions.java:15)
at pages.actions.CarsGuideHomePageActions.<init>(CarsGuideHomePageActions.java:15)
at pages.actions.CarsGuideHomePageActions.<init>(CarsGuideHomePageActions.java:15)
at pages.actions.CarsGuideHomePageActions.<init>(CarsGuideHomePageActions.java:15)
at pages.actions.CarsGuideHomePageActions.<init>(CarsGuideHomePageActions.java:15)
at pages.actions.CarsGuideHomePageActions.<init>(CarsGuideHomePageActions.java:15)
at pages.actions.CarsGuideHomePageActions.<init>(CarsGuideHomePageActions.java:15)
at pages.actions.CarsGuideHomePageActions.<init>(CarsGuideHomePageActions.java:15)
at pages.actions.CarsGuideHomePageActions.<init>(CarsGuideHomePageActions.java:15)
at pages.actions.CarsGuideHomePageActions.<init>(CarsGuideHomePageActions.java:15)
at pages.actions.CarsGuideHomePageActions.<init>(CarsGuideHomePageActions.java:15)
at pages.actions.CarsGuideHomePageActions.<init>(CarsGuideHomePageActions.java:15)
at pages.actions.CarsGuideHomePageActions.<init>(CarsGuideHomePageActions.java:15)
at pages.actions.CarsGuideHomePageActions.<init>(CarsGuideHomePageActions.java:15)
at pages.actions.CarsGuideHomePageActions.<init>(CarsGuideHomePageActions.java:15)
at pages.actions.CarsGuideHomePageActions.<init>(CarsGuideHomePageActions.java:15)
at pages.actions.CarsGuideHomePageActions.<init>(CarsGuideHomePageActions.java:15)
at pages.actions.CarsGuideHomePageActions.<init>(CarsGuideHomePageActions.java:15)
at pages.actions.CarsGuideHomePageActions.<init>(CarsGuideHomePageActions.java:15)
at pages.actions.CarsGuideHomePageActions.<init>(CarsGuideHomePageActions.java:15)
at pages.actions.CarsGuideHomePageActions.<init>(CarsGuideHomePageActions.java:15)
at pages.actions.CarsGuideHomePageActions.<init>(CarsGuideHomePageActions.java:15)
at pages.actions.CarsGuideHomePageActions.<init>(CarsGuideHomePageActions.java:15)
at pages.actions.CarsGuideHomePageActions.<init>(CarsGuideHomePageActions.java:15)
at pages.actions.CarsGuideHomePageActions.<init>(CarsGuideHomePageActions.java:15)
at pages.actions.CarsGuideHomePageActions.<init>(CarsGuideHomePageActions.java:15)
at pages.actions.CarsGuideHomePageActions.<init>(CarsGuideHomePageActions.java:15)
at pages.actions.CarsGuideHomePageActions.<init>(CarsGuideHomePageActions.java:15)
at pages.actions.CarsGuideHomePageActions.<init>(CarsGuideHomePageActions.java:15)
at pages.actions.CarsGuideHomePageActions.<init>(CarsGuideHomePageActions.java:15)
at pages.actions.CarsGuideHomePageActions.<init>(CarsGuideHomePageActions.java:15)
at pages.actions.CarsGuideHomePageActions.<init>(CarsGuideHomePageActions.java:15)
at pages.actions.CarsGuideHomePageActions.<init>(CarsGuideHomePageActions.java:15)
at pages.actions.CarsGuideHomePageActions.<init>(CarsGuideHomePageActions.java:15)
at pages.actions.CarsGuideHomePageActions.<init>(CarsGuideHomePageActions.java:15)
at pages.actions.CarsGuideHomePageActions.<init>(CarsGuideHomePageActions.java:15)
at pages.actions.CarsGuideHomePageActions.<init>(CarsGuideHomePageActions.java:15)
at pages.actions.CarsGuideHomePageActions.<init>(CarsGuideHomePageActions.java:15)
at pages.actions.CarsGuideHomePageActions.<init>(CarsGuideHomePageActions.java:15)
at pages.actions.CarsGuideHomePageActions.<init>(CarsGuideHomePageActions.java:15)
at pages.actions.CarsGuideHomePageActions.<init>(CarsGuideHomePageActions.java:15)
at pages.actions.CarsGuideHomePageActions.<init>(CarsGuideHomePageActions.java:15)
at pages.actions.CarsGuideHomePageActions.<init>(CarsGuideHomePageActions.java:15)
at pages.actions.CarsGuideHomePageActions.<init>(CarsGuideHomePageActions.java:15)
at pages.actions.CarsGuideHomePageActions.<init>(CarsGuideHomePageActions.java:15)
at pages.actions.CarsGuideHomePageActions.<init>(CarsGuideHomePageActions.java:15)
at pages.actions.CarsGuideHomePageActions.<init>(CarsGuideHomePageActions.java:15)
at pages.actions.CarsGuideHomePageActions.<init>(CarsGuideHomePageActions.java:15)
at pages.actions.CarsGuideHomePageActions.<init>(CarsGuideHomePageActions.java:15)
at pages.actions.CarsGuideHomePageActions.<init>(CarsGuideHomePageActions.java:15)
at pages.actions.CarsGuideHomePageActions.<init>(CarsGuideHomePageActions.java:15)
at pages.actions.CarsGuideHomePageActions.<init>(CarsGuideHomePageActions.java:15)
at pages.actions.CarsGuideHomePageActions.<init>(CarsGuideHomePageActions.java:15)
at pages.actions.CarsGuideHomePageActions.<init>(CarsGuideHomePageActions.java:15)
at pages.actions.CarsGuideHomePageActions.<init>(CarsGuideHomePageActions.java:15)
at pages.actions.CarsGuideHomePageActions.<init>(CarsGuideHomePageActions.java:15)
at pages.actions.CarsGuideHomePageActions.<init>(CarsGuideHomePageActions.java:15)
at pages.actions.CarsGuideHomePageActions.<init>(CarsGuideHomePageActions.java:15)
at pages.actions.CarsGuideHomePageActions.<init>(CarsGuideHomePageActions.java:15)
at pages.actions.CarsGuideHomePageActions.<init>(CarsGuideHomePageActions.java:15)
at pages.actions.CarsGuideHomePageActions.<init>(CarsGuideHomePageActions.java:15)
at pages.actions.CarsGuideHomePageActions.<init>(CarsGuideHomePageActions.java:15)
at pages.actions.CarsGuideHomePageActions.<init>(CarsGuideHomePageActions.java:15)
at pages.actions.CarsGuideHomePageActions.<init>(CarsGuideHomePageActions.java:15)
at pages.actions.CarsGuideHomePageActions.<init>(CarsGuideHomePageActions.java:15)
at pages.actions.CarsGuideHomePageActions.<init>(CarsGuideHomePageActions.java:15)
at pages.actions.CarsGuideHomePageActions.<init>(CarsGuideHomePageActions.java:15)
at pages.actions.CarsGuideHomePageActions.<init>(CarsGuideHomePageActions.java:15)
at pages.actions.CarsGuideHomePageActions.<init>(CarsGuideHomePageActions.java:15)
at pages.actions.CarsGuideHomePageActions.<init>(CarsGuideHomePageActions.java:15)
at pages.actions.CarsGuideHomePageActions.<init>(CarsGuideHomePageActions.java:15)
at pages.actions.CarsGuideHomePageActions.<init>(CarsGuideHomePageActions.java:15)
at pages.actions.CarsGuideHomePageActions.<init>(CarsGuideHomePageActions.java:15)
at pages.actions.CarsGuideHomePageActions.<init>(CarsGuideHomePageActions.java:15)
at pages.actions.CarsGuideHomePageActions.<init>(CarsGuideHomePageActions.java:15)
at pages.actions.CarsGuideHomePageActions.<init>(CarsGuideHomePageActions.java:15)
at pages.actions.CarsGuideHomePageActions.<init>(CarsGuideHomePageActions.java:15)
at pages.actions.CarsGuideHomePageActions.<init>(CarsGuideHomePageActions.java:15)
at pages.actions.CarsGuideHomePageActions.<init>(CarsGuideHomePageActions.java:15)
at pages.actions.CarsGuideHomePageActions.<init>(CarsGuideHomePageActions.java:15)
at pages.actions.CarsGuideHomePageActions.<init>(CarsGuideHomePageActions.java:15)
at pages.actions.CarsGuideHomePageActions.<init>(CarsGuideHomePageActions.java:15)
at pages.actions.CarsGuideHomePageActions.<init>(CarsGuideHomePageActions.java:15)
at pages.actions.CarsGuideHomePageActions.<init>(CarsGuideHomePageActions.java:15)
at pages.actions.CarsGuideHomePageActions.<init>(CarsGuideHomePageActions.java:15)
at pages.actions.CarsGuideHomePageActions.<init>(CarsGuideHomePageActions.java:15)
at pages.actions.CarsGuideHomePageActions.<init>(CarsGuideHomePageActions.java:15)
at pages.actions.CarsGuideHomePageActions.<init>(CarsGuideHomePageActions.java:15)
at pages.actions.CarsGuideHomePageActions.<init>(CarsGuideHomePageActions.java:15)
at pages.actions.CarsGuideHomePageActions.<init>(CarsGuideHomePageActions.java:15)
at pages.actions.CarsGuideHomePageActions.<init>(CarsGuideHomePageActions.java:15)
at pages.actions.CarsGuideHomePageActions.<init>(CarsGuideHomePageActions.java:15)
at pages.actions.CarsGuideHomePageActions.<init>(CarsGuideHomePageActions.java:15)
at pages.actions.CarsGuideHomePageActions.<init>(CarsGuideHomePageActions.java:15)
at pages.actions.CarsGuideHomePageActions.<init>(CarsGuideHomePageActions.java:15)
at pages.actions.CarsGuideHomePageActions.<init>(CarsGuideHomePageActions.java:15)
at pages.actions.CarsGuideHomePageActions.<init>(CarsGuideHomePageActions.java:15)
at pages.actions.CarsGuideHomePageActions.<init>(CarsGuideHomePageActions.java:15)
at pages.actions.CarsGuideHomePageActions.<init>(CarsGuideHomePageActions.java:15)
at pages.actions.CarsGuideHomePageActions.<init>(CarsGuideHomePageActions.java:15)
at pages.actions.CarsGuideHomePageActions.<init>(CarsGuideHomePageActions.java:15)
at pages.actions.CarsGuideHomePageActions.<init>(CarsGuideHomePageActions.java:15)
at pages.actions.CarsGuideHomePageActions.<init>(CarsGuideHomePageActions.java:15)
at pages.actions.CarsGuideHomePageActions.<init>(CarsGuideHomePageActions.java:15)
at pages.actions.CarsGuideHomePageActions.<init>(CarsGuideHomePageActions.java:15)
at pages.actions.CarsGuideHomePageActions.<init>(CarsGuideHomePageActions.java:15)
at pages.actions.CarsGuideHomePageActions.<init>(CarsGuideHomePageActions.java:15)
at pages.actions.CarsGuideHomePageActions.<init>(CarsGuideHomePageActions.java:15)
at ✽.Given I am on the Home Page "https://www.carsguide.com.au" of CarsGuide Website(SearchCars.feature:9)
... Removed 25 stack frames]]>
    </failure>
  </testcase> <!-- feature -->
</testsuite> <!-- Test -->
